{"/Users/matt/dev/pdfTableLib/DrawTable/build/src/drawPDFTable.js": {"path":"/Users/matt/dev/pdfTableLib/DrawTable/build/src/drawPDFTable.js","all":false,"statementMap":{"0":{"start":{"line":1,"column":0},"end":{"line":1,"column":13}},"1":{"start":{"line":2,"column":0},"end":{"line":2,"column":15}},"2":{"start":{"line":3,"column":0},"end":{"line":3,"column":29}},"3":{"start":{"line":4,"column":0},"end":{"line":4,"column":48}},"4":{"start":{"line":5,"column":0},"end":{"line":5,"column":27}},"5":{"start":{"line":6,"column":0},"end":{"line":6,"column":31}},"6":{"start":{"line":7,"column":0},"end":{"line":7,"column":15}},"7":{"start":{"line":8,"column":0},"end":{"line":8,"column":36}},"8":{"start":{"line":9,"column":0},"end":{"line":9,"column":27}},"9":{"start":{"line":10,"column":0},"end":{"line":10,"column":13}},"10":{"start":{"line":11,"column":0},"end":{"line":11,"column":5}},"11":{"start":{"line":12,"column":0},"end":{"line":12,"column":64}},"12":{"start":{"line":13,"column":0},"end":{"line":13,"column":33}},"13":{"start":{"line":14,"column":0},"end":{"line":14,"column":13}},"14":{"start":{"line":15,"column":0},"end":{"line":15,"column":38}},"15":{"start":{"line":16,"column":0},"end":{"line":16,"column":21}},"16":{"start":{"line":17,"column":0},"end":{"line":17,"column":20}},"17":{"start":{"line":18,"column":0},"end":{"line":18,"column":9}},"18":{"start":{"line":19,"column":0},"end":{"line":19,"column":7}},"19":{"start":{"line":20,"column":0},"end":{"line":20,"column":32}},"20":{"start":{"line":21,"column":0},"end":{"line":21,"column":13}},"21":{"start":{"line":22,"column":0},"end":{"line":22,"column":42}},"22":{"start":{"line":23,"column":0},"end":{"line":23,"column":21}},"23":{"start":{"line":24,"column":0},"end":{"line":24,"column":20}},"24":{"start":{"line":25,"column":0},"end":{"line":25,"column":9}},"25":{"start":{"line":26,"column":0},"end":{"line":26,"column":7}},"26":{"start":{"line":27,"column":0},"end":{"line":27,"column":29}},"27":{"start":{"line":28,"column":0},"end":{"line":28,"column":19}},"28":{"start":{"line":29,"column":0},"end":{"line":29,"column":33}},"29":{"start":{"line":30,"column":0},"end":{"line":30,"column":58}},"30":{"start":{"line":31,"column":0},"end":{"line":31,"column":7}},"31":{"start":{"line":32,"column":0},"end":{"line":32,"column":76}},"32":{"start":{"line":33,"column":0},"end":{"line":33,"column":7}},"33":{"start":{"line":34,"column":0},"end":{"line":34,"column":4}},"34":{"start":{"line":35,"column":0},"end":{"line":35,"column":21}},"35":{"start":{"line":36,"column":0},"end":{"line":36,"column":35}},"36":{"start":{"line":37,"column":0},"end":{"line":37,"column":18}},"37":{"start":{"line":38,"column":0},"end":{"line":38,"column":58}},"38":{"start":{"line":39,"column":0},"end":{"line":39,"column":4}},"39":{"start":{"line":40,"column":0},"end":{"line":40,"column":62}},"40":{"start":{"line":41,"column":0},"end":{"line":41,"column":52}},"41":{"start":{"line":42,"column":0},"end":{"line":42,"column":37}},"42":{"start":{"line":43,"column":0},"end":{"line":43,"column":41}},"43":{"start":{"line":44,"column":0},"end":{"line":44,"column":57}},"44":{"start":{"line":45,"column":0},"end":{"line":45,"column":45}},"45":{"start":{"line":46,"column":0},"end":{"line":46,"column":41}},"46":{"start":{"line":47,"column":0},"end":{"line":47,"column":31}},"47":{"start":{"line":48,"column":0},"end":{"line":48,"column":55}},"48":{"start":{"line":49,"column":0},"end":{"line":49,"column":57}},"49":{"start":{"line":50,"column":0},"end":{"line":50,"column":55}},"50":{"start":{"line":51,"column":0},"end":{"line":51,"column":36}},"51":{"start":{"line":52,"column":0},"end":{"line":52,"column":30}},"52":{"start":{"line":53,"column":0},"end":{"line":53,"column":19}},"53":{"start":{"line":54,"column":0},"end":{"line":54,"column":21}},"54":{"start":{"line":55,"column":0},"end":{"line":55,"column":33}},"55":{"start":{"line":56,"column":0},"end":{"line":56,"column":3}},"56":{"start":{"line":57,"column":0},"end":{"line":57,"column":1}},"57":{"start":{"line":58,"column":0},"end":{"line":58,"column":40}},"58":{"start":{"line":59,"column":0},"end":{"line":59,"column":3}},"59":{"start":{"line":60,"column":0},"end":{"line":60,"column":51}},"60":{"start":{"line":61,"column":0},"end":{"line":61,"column":2}},"61":{"start":{"line":62,"column":0},"end":{"line":62,"column":53}},"62":{"start":{"line":63,"column":0},"end":{"line":63,"column":48}},"63":{"start":{"line":64,"column":0},"end":{"line":64,"column":96}},"64":{"start":{"line":65,"column":0},"end":{"line":65,"column":63}},"65":{"start":{"line":66,"column":0},"end":{"line":66,"column":63}},"66":{"start":{"line":67,"column":0},"end":{"line":67,"column":82}},"67":{"start":{"line":68,"column":0},"end":{"line":68,"column":79}},"68":{"start":{"line":69,"column":0},"end":{"line":69,"column":94}},"69":{"start":{"line":70,"column":0},"end":{"line":70,"column":102}},"70":{"start":{"line":71,"column":0},"end":{"line":71,"column":84}},"71":{"start":{"line":72,"column":0},"end":{"line":72,"column":94}},"72":{"start":{"line":73,"column":0},"end":{"line":73,"column":88}},"73":{"start":{"line":74,"column":0},"end":{"line":74,"column":69}},"74":{"start":{"line":75,"column":0},"end":{"line":75,"column":60}},"75":{"start":{"line":76,"column":0},"end":{"line":76,"column":69}},"76":{"start":{"line":77,"column":0},"end":{"line":77,"column":66}},"77":{"start":{"line":78,"column":0},"end":{"line":78,"column":69}},"78":{"start":{"line":79,"column":0},"end":{"line":79,"column":73}},"79":{"start":{"line":80,"column":0},"end":{"line":80,"column":82}},"80":{"start":{"line":81,"column":0},"end":{"line":81,"column":74}},"81":{"start":{"line":82,"column":0},"end":{"line":82,"column":3}},"82":{"start":{"line":83,"column":0},"end":{"line":83,"column":67}},"83":{"start":{"line":84,"column":0},"end":{"line":84,"column":33}},"84":{"start":{"line":85,"column":0},"end":{"line":85,"column":55}},"85":{"start":{"line":86,"column":0},"end":{"line":86,"column":80}},"86":{"start":{"line":87,"column":0},"end":{"line":87,"column":55}},"87":{"start":{"line":88,"column":0},"end":{"line":88,"column":43}},"88":{"start":{"line":89,"column":0},"end":{"line":89,"column":6}},"89":{"start":{"line":90,"column":0},"end":{"line":90,"column":35}},"90":{"start":{"line":91,"column":0},"end":{"line":91,"column":58}},"91":{"start":{"line":92,"column":0},"end":{"line":92,"column":19}},"92":{"start":{"line":93,"column":0},"end":{"line":93,"column":29}},"93":{"start":{"line":94,"column":0},"end":{"line":94,"column":60}},"94":{"start":{"line":95,"column":0},"end":{"line":95,"column":6}},"95":{"start":{"line":96,"column":0},"end":{"line":96,"column":11}},"96":{"start":{"line":97,"column":0},"end":{"line":97,"column":21}},"97":{"start":{"line":98,"column":0},"end":{"line":98,"column":15}},"98":{"start":{"line":99,"column":0},"end":{"line":99,"column":16}},"99":{"start":{"line":100,"column":0},"end":{"line":100,"column":23}},"100":{"start":{"line":101,"column":0},"end":{"line":101,"column":11}},"101":{"start":{"line":102,"column":0},"end":{"line":102,"column":16}},"102":{"start":{"line":103,"column":0},"end":{"line":103,"column":17}},"103":{"start":{"line":104,"column":0},"end":{"line":104,"column":13}},"104":{"start":{"line":105,"column":0},"end":{"line":105,"column":10}},"105":{"start":{"line":106,"column":0},"end":{"line":106,"column":13}},"106":{"start":{"line":107,"column":0},"end":{"line":107,"column":12}},"107":{"start":{"line":108,"column":0},"end":{"line":108,"column":13}},"108":{"start":{"line":109,"column":0},"end":{"line":109,"column":17}},"109":{"start":{"line":110,"column":0},"end":{"line":110,"column":20}},"110":{"start":{"line":111,"column":0},"end":{"line":111,"column":23}},"111":{"start":{"line":112,"column":0},"end":{"line":112,"column":27}},"112":{"start":{"line":113,"column":0},"end":{"line":113,"column":18}},"113":{"start":{"line":114,"column":0},"end":{"line":114,"column":9}},"114":{"start":{"line":115,"column":0},"end":{"line":115,"column":29}},"115":{"start":{"line":116,"column":0},"end":{"line":116,"column":59}},"116":{"start":{"line":117,"column":0},"end":{"line":117,"column":20}},"117":{"start":{"line":118,"column":0},"end":{"line":118,"column":39}},"118":{"start":{"line":119,"column":0},"end":{"line":119,"column":18}},"119":{"start":{"line":120,"column":0},"end":{"line":120,"column":9}},"120":{"start":{"line":121,"column":0},"end":{"line":121,"column":21}},"121":{"start":{"line":122,"column":0},"end":{"line":122,"column":31}},"122":{"start":{"line":123,"column":0},"end":{"line":123,"column":31}},"123":{"start":{"line":124,"column":0},"end":{"line":124,"column":68}},"124":{"start":{"line":125,"column":0},"end":{"line":125,"column":8}},"125":{"start":{"line":126,"column":0},"end":{"line":126,"column":5}},"126":{"start":{"line":127,"column":0},"end":{"line":127,"column":41}},"127":{"start":{"line":128,"column":0},"end":{"line":128,"column":8}},"128":{"start":{"line":129,"column":0},"end":{"line":129,"column":41}},"129":{"start":{"line":130,"column":0},"end":{"line":130,"column":58}},"130":{"start":{"line":131,"column":0},"end":{"line":131,"column":7}},"131":{"start":{"line":132,"column":0},"end":{"line":132,"column":31}},"132":{"start":{"line":133,"column":0},"end":{"line":133,"column":36}},"133":{"start":{"line":134,"column":0},"end":{"line":134,"column":100}},"134":{"start":{"line":135,"column":0},"end":{"line":135,"column":8}},"135":{"start":{"line":136,"column":0},"end":{"line":136,"column":5}},"136":{"start":{"line":137,"column":0},"end":{"line":137,"column":38}},"137":{"start":{"line":138,"column":0},"end":{"line":138,"column":8}},"138":{"start":{"line":139,"column":0},"end":{"line":139,"column":79}},"139":{"start":{"line":140,"column":0},"end":{"line":140,"column":29}},"140":{"start":{"line":141,"column":0},"end":{"line":141,"column":16}},"141":{"start":{"line":142,"column":0},"end":{"line":142,"column":27}},"142":{"start":{"line":143,"column":0},"end":{"line":143,"column":59}},"143":{"start":{"line":144,"column":0},"end":{"line":144,"column":16}},"144":{"start":{"line":145,"column":0},"end":{"line":145,"column":41}},"145":{"start":{"line":146,"column":0},"end":{"line":146,"column":7}},"146":{"start":{"line":147,"column":0},"end":{"line":147,"column":31}},"147":{"start":{"line":148,"column":0},"end":{"line":148,"column":33}},"148":{"start":{"line":149,"column":0},"end":{"line":149,"column":95}},"149":{"start":{"line":150,"column":0},"end":{"line":150,"column":8}},"150":{"start":{"line":151,"column":0},"end":{"line":151,"column":5}},"151":{"start":{"line":152,"column":0},"end":{"line":152,"column":43}},"152":{"start":{"line":153,"column":0},"end":{"line":153,"column":71}},"153":{"start":{"line":154,"column":0},"end":{"line":154,"column":55}},"154":{"start":{"line":155,"column":0},"end":{"line":155,"column":72}},"155":{"start":{"line":156,"column":0},"end":{"line":156,"column":24}},"156":{"start":{"line":157,"column":0},"end":{"line":157,"column":61}},"157":{"start":{"line":158,"column":0},"end":{"line":158,"column":16}},"158":{"start":{"line":159,"column":0},"end":{"line":159,"column":24}},"159":{"start":{"line":160,"column":0},"end":{"line":160,"column":31}},"160":{"start":{"line":161,"column":0},"end":{"line":161,"column":52}},"161":{"start":{"line":162,"column":0},"end":{"line":162,"column":28}},"162":{"start":{"line":163,"column":0},"end":{"line":163,"column":79}},"163":{"start":{"line":164,"column":0},"end":{"line":164,"column":27}},"164":{"start":{"line":165,"column":0},"end":{"line":165,"column":22}},"165":{"start":{"line":166,"column":0},"end":{"line":166,"column":17}},"166":{"start":{"line":167,"column":0},"end":{"line":167,"column":21}},"167":{"start":{"line":168,"column":0},"end":{"line":168,"column":38}},"168":{"start":{"line":169,"column":0},"end":{"line":169,"column":43}},"169":{"start":{"line":170,"column":0},"end":{"line":170,"column":36}},"170":{"start":{"line":171,"column":0},"end":{"line":171,"column":47}},"171":{"start":{"line":172,"column":0},"end":{"line":172,"column":64}},"172":{"start":{"line":173,"column":0},"end":{"line":173,"column":20}},"173":{"start":{"line":174,"column":0},"end":{"line":174,"column":26}},"174":{"start":{"line":175,"column":0},"end":{"line":175,"column":26}},"175":{"start":{"line":176,"column":0},"end":{"line":176,"column":55}},"176":{"start":{"line":177,"column":0},"end":{"line":177,"column":83}},"177":{"start":{"line":178,"column":0},"end":{"line":178,"column":13}},"178":{"start":{"line":179,"column":0},"end":{"line":179,"column":33}},"179":{"start":{"line":180,"column":0},"end":{"line":180,"column":71}},"180":{"start":{"line":181,"column":0},"end":{"line":181,"column":37}},"181":{"start":{"line":182,"column":0},"end":{"line":182,"column":38}},"182":{"start":{"line":183,"column":0},"end":{"line":183,"column":31}},"183":{"start":{"line":184,"column":0},"end":{"line":184,"column":35}},"184":{"start":{"line":185,"column":0},"end":{"line":185,"column":62}},"185":{"start":{"line":186,"column":0},"end":{"line":186,"column":8}},"186":{"start":{"line":187,"column":0},"end":{"line":187,"column":5}},"187":{"start":{"line":188,"column":0},"end":{"line":188,"column":23}},"188":{"start":{"line":189,"column":0},"end":{"line":189,"column":59}},"189":{"start":{"line":190,"column":0},"end":{"line":190,"column":16}},"190":{"start":{"line":191,"column":0},"end":{"line":191,"column":24}},"191":{"start":{"line":192,"column":0},"end":{"line":192,"column":64}},"192":{"start":{"line":193,"column":0},"end":{"line":193,"column":52}},"193":{"start":{"line":194,"column":0},"end":{"line":194,"column":22}},"194":{"start":{"line":195,"column":0},"end":{"line":195,"column":25}},"195":{"start":{"line":196,"column":0},"end":{"line":196,"column":17}},"196":{"start":{"line":197,"column":0},"end":{"line":197,"column":21}},"197":{"start":{"line":198,"column":0},"end":{"line":198,"column":23}},"198":{"start":{"line":199,"column":0},"end":{"line":199,"column":32}},"199":{"start":{"line":200,"column":0},"end":{"line":200,"column":53}},"200":{"start":{"line":201,"column":0},"end":{"line":201,"column":31}},"201":{"start":{"line":202,"column":0},"end":{"line":202,"column":64}},"202":{"start":{"line":203,"column":0},"end":{"line":203,"column":20}},"203":{"start":{"line":204,"column":0},"end":{"line":204,"column":33}},"204":{"start":{"line":205,"column":0},"end":{"line":205,"column":25}},"205":{"start":{"line":206,"column":0},"end":{"line":206,"column":115}},"206":{"start":{"line":207,"column":0},"end":{"line":207,"column":37}},"207":{"start":{"line":208,"column":0},"end":{"line":208,"column":35}},"208":{"start":{"line":209,"column":0},"end":{"line":209,"column":25}},"209":{"start":{"line":210,"column":0},"end":{"line":210,"column":23}},"210":{"start":{"line":211,"column":0},"end":{"line":211,"column":26}},"211":{"start":{"line":212,"column":0},"end":{"line":212,"column":12}},"212":{"start":{"line":213,"column":0},"end":{"line":213,"column":38}},"213":{"start":{"line":214,"column":0},"end":{"line":214,"column":40}},"214":{"start":{"line":215,"column":0},"end":{"line":215,"column":31}},"215":{"start":{"line":216,"column":0},"end":{"line":216,"column":36}},"216":{"start":{"line":217,"column":0},"end":{"line":217,"column":63}},"217":{"start":{"line":218,"column":0},"end":{"line":218,"column":8}},"218":{"start":{"line":219,"column":0},"end":{"line":219,"column":5}},"219":{"start":{"line":220,"column":0},"end":{"line":220,"column":26}},"220":{"start":{"line":221,"column":0},"end":{"line":221,"column":26}},"221":{"start":{"line":222,"column":0},"end":{"line":222,"column":159}},"222":{"start":{"line":223,"column":0},"end":{"line":223,"column":21}},"223":{"start":{"line":224,"column":0},"end":{"line":224,"column":54}},"224":{"start":{"line":225,"column":0},"end":{"line":225,"column":19}},"225":{"start":{"line":226,"column":0},"end":{"line":226,"column":22}},"226":{"start":{"line":227,"column":0},"end":{"line":227,"column":8}},"227":{"start":{"line":228,"column":0},"end":{"line":228,"column":26}},"228":{"start":{"line":229,"column":0},"end":{"line":229,"column":41}},"229":{"start":{"line":230,"column":0},"end":{"line":230,"column":48}},"230":{"start":{"line":231,"column":0},"end":{"line":231,"column":47}},"231":{"start":{"line":232,"column":0},"end":{"line":232,"column":42}},"232":{"start":{"line":233,"column":0},"end":{"line":233,"column":7}},"233":{"start":{"line":234,"column":0},"end":{"line":234,"column":33}},"234":{"start":{"line":235,"column":0},"end":{"line":235,"column":18}},"235":{"start":{"line":236,"column":0},"end":{"line":236,"column":37}},"236":{"start":{"line":237,"column":0},"end":{"line":237,"column":29}},"237":{"start":{"line":238,"column":0},"end":{"line":238,"column":25}},"238":{"start":{"line":239,"column":0},"end":{"line":239,"column":31}},"239":{"start":{"line":240,"column":0},"end":{"line":240,"column":9}},"240":{"start":{"line":241,"column":0},"end":{"line":241,"column":37}},"241":{"start":{"line":242,"column":0},"end":{"line":242,"column":5}},"242":{"start":{"line":243,"column":0},"end":{"line":243,"column":97}},"243":{"start":{"line":244,"column":0},"end":{"line":244,"column":25}},"244":{"start":{"line":245,"column":0},"end":{"line":245,"column":9}},"245":{"start":{"line":246,"column":0},"end":{"line":246,"column":49}},"246":{"start":{"line":247,"column":0},"end":{"line":247,"column":22}},"247":{"start":{"line":248,"column":0},"end":{"line":248,"column":21}},"248":{"start":{"line":249,"column":0},"end":{"line":249,"column":80}},"249":{"start":{"line":250,"column":0},"end":{"line":250,"column":5}},"250":{"start":{"line":251,"column":0},"end":{"line":251,"column":154}},"251":{"start":{"line":252,"column":0},"end":{"line":252,"column":69}},"252":{"start":{"line":253,"column":0},"end":{"line":253,"column":107}},"253":{"start":{"line":254,"column":0},"end":{"line":254,"column":11}},"254":{"start":{"line":255,"column":0},"end":{"line":255,"column":44}},"255":{"start":{"line":256,"column":0},"end":{"line":256,"column":25}},"256":{"start":{"line":257,"column":0},"end":{"line":257,"column":42}},"257":{"start":{"line":258,"column":0},"end":{"line":258,"column":51}},"258":{"start":{"line":259,"column":0},"end":{"line":259,"column":20}},"259":{"start":{"line":260,"column":0},"end":{"line":260,"column":25}},"260":{"start":{"line":261,"column":0},"end":{"line":261,"column":71}},"261":{"start":{"line":262,"column":0},"end":{"line":262,"column":79}},"262":{"start":{"line":263,"column":0},"end":{"line":263,"column":23}},"263":{"start":{"line":264,"column":0},"end":{"line":264,"column":37}},"264":{"start":{"line":265,"column":0},"end":{"line":265,"column":35}},"265":{"start":{"line":266,"column":0},"end":{"line":266,"column":24}},"266":{"start":{"line":267,"column":0},"end":{"line":267,"column":13}},"267":{"start":{"line":268,"column":0},"end":{"line":268,"column":63}},"268":{"start":{"line":269,"column":0},"end":{"line":269,"column":29}},"269":{"start":{"line":270,"column":0},"end":{"line":270,"column":29}},"270":{"start":{"line":271,"column":0},"end":{"line":271,"column":71}},"271":{"start":{"line":272,"column":0},"end":{"line":272,"column":48}},"272":{"start":{"line":273,"column":0},"end":{"line":273,"column":58}},"273":{"start":{"line":274,"column":0},"end":{"line":274,"column":57}},"274":{"start":{"line":275,"column":0},"end":{"line":275,"column":68}},"275":{"start":{"line":276,"column":0},"end":{"line":276,"column":69}},"276":{"start":{"line":277,"column":0},"end":{"line":277,"column":77}},"277":{"start":{"line":278,"column":0},"end":{"line":278,"column":36}},"278":{"start":{"line":279,"column":0},"end":{"line":279,"column":37}},"279":{"start":{"line":280,"column":0},"end":{"line":280,"column":31}},"280":{"start":{"line":281,"column":0},"end":{"line":281,"column":48}},"281":{"start":{"line":282,"column":0},"end":{"line":282,"column":25}},"282":{"start":{"line":283,"column":0},"end":{"line":283,"column":32}},"283":{"start":{"line":284,"column":0},"end":{"line":284,"column":23}},"284":{"start":{"line":285,"column":0},"end":{"line":285,"column":35}},"285":{"start":{"line":286,"column":0},"end":{"line":286,"column":33}},"286":{"start":{"line":287,"column":0},"end":{"line":287,"column":32}},"287":{"start":{"line":288,"column":0},"end":{"line":288,"column":44}},"288":{"start":{"line":289,"column":0},"end":{"line":289,"column":40}},"289":{"start":{"line":290,"column":0},"end":{"line":290,"column":40}},"290":{"start":{"line":291,"column":0},"end":{"line":291,"column":15}},"291":{"start":{"line":292,"column":0},"end":{"line":292,"column":11}},"292":{"start":{"line":293,"column":0},"end":{"line":293,"column":112}},"293":{"start":{"line":294,"column":0},"end":{"line":294,"column":33}},"294":{"start":{"line":295,"column":0},"end":{"line":295,"column":87}},"295":{"start":{"line":296,"column":0},"end":{"line":296,"column":57}},"296":{"start":{"line":297,"column":0},"end":{"line":297,"column":37}},"297":{"start":{"line":298,"column":0},"end":{"line":298,"column":21}},"298":{"start":{"line":299,"column":0},"end":{"line":299,"column":22}},"299":{"start":{"line":300,"column":0},"end":{"line":300,"column":22}},"300":{"start":{"line":301,"column":0},"end":{"line":301,"column":36}},"301":{"start":{"line":302,"column":0},"end":{"line":302,"column":22}},"302":{"start":{"line":303,"column":0},"end":{"line":303,"column":29}},"303":{"start":{"line":304,"column":0},"end":{"line":304,"column":28}},"304":{"start":{"line":305,"column":0},"end":{"line":305,"column":16}},"305":{"start":{"line":306,"column":0},"end":{"line":306,"column":13}},"306":{"start":{"line":307,"column":0},"end":{"line":307,"column":39}},"307":{"start":{"line":308,"column":0},"end":{"line":308,"column":35}},"308":{"start":{"line":309,"column":0},"end":{"line":309,"column":19}},"309":{"start":{"line":310,"column":0},"end":{"line":310,"column":20}},"310":{"start":{"line":311,"column":0},"end":{"line":311,"column":20}},"311":{"start":{"line":312,"column":0},"end":{"line":312,"column":20}},"312":{"start":{"line":313,"column":0},"end":{"line":313,"column":32}},"313":{"start":{"line":314,"column":0},"end":{"line":314,"column":27}},"314":{"start":{"line":315,"column":0},"end":{"line":315,"column":26}},"315":{"start":{"line":316,"column":0},"end":{"line":316,"column":14}},"316":{"start":{"line":317,"column":0},"end":{"line":317,"column":68}},"317":{"start":{"line":318,"column":0},"end":{"line":318,"column":50}},"318":{"start":{"line":319,"column":0},"end":{"line":319,"column":37}},"319":{"start":{"line":320,"column":0},"end":{"line":320,"column":21}},"320":{"start":{"line":321,"column":0},"end":{"line":321,"column":36}},"321":{"start":{"line":322,"column":0},"end":{"line":322,"column":22}},"322":{"start":{"line":323,"column":0},"end":{"line":323,"column":36}},"323":{"start":{"line":324,"column":0},"end":{"line":324,"column":34}},"324":{"start":{"line":325,"column":0},"end":{"line":325,"column":29}},"325":{"start":{"line":326,"column":0},"end":{"line":326,"column":28}},"326":{"start":{"line":327,"column":0},"end":{"line":327,"column":16}},"327":{"start":{"line":328,"column":0},"end":{"line":328,"column":13}},"328":{"start":{"line":329,"column":0},"end":{"line":329,"column":41}},"329":{"start":{"line":330,"column":0},"end":{"line":330,"column":35}},"330":{"start":{"line":331,"column":0},"end":{"line":331,"column":19}},"331":{"start":{"line":332,"column":0},"end":{"line":332,"column":20}},"332":{"start":{"line":333,"column":0},"end":{"line":333,"column":32}},"333":{"start":{"line":334,"column":0},"end":{"line":334,"column":34}},"334":{"start":{"line":335,"column":0},"end":{"line":335,"column":32}},"335":{"start":{"line":336,"column":0},"end":{"line":336,"column":27}},"336":{"start":{"line":337,"column":0},"end":{"line":337,"column":26}},"337":{"start":{"line":338,"column":0},"end":{"line":338,"column":14}},"338":{"start":{"line":339,"column":0},"end":{"line":339,"column":11}},"339":{"start":{"line":340,"column":0},"end":{"line":340,"column":27}},"340":{"start":{"line":341,"column":0},"end":{"line":341,"column":43}},"341":{"start":{"line":342,"column":0},"end":{"line":342,"column":38}},"342":{"start":{"line":343,"column":0},"end":{"line":343,"column":48}},"343":{"start":{"line":344,"column":0},"end":{"line":344,"column":73}},"344":{"start":{"line":345,"column":0},"end":{"line":345,"column":21}},"345":{"start":{"line":346,"column":0},"end":{"line":346,"column":24}},"346":{"start":{"line":347,"column":0},"end":{"line":347,"column":22}},"347":{"start":{"line":348,"column":0},"end":{"line":348,"column":30}},"348":{"start":{"line":349,"column":0},"end":{"line":349,"column":43}},"349":{"start":{"line":350,"column":0},"end":{"line":350,"column":25}},"350":{"start":{"line":351,"column":0},"end":{"line":351,"column":29}},"351":{"start":{"line":352,"column":0},"end":{"line":352,"column":26}},"352":{"start":{"line":353,"column":0},"end":{"line":353,"column":26}},"353":{"start":{"line":354,"column":0},"end":{"line":354,"column":26}},"354":{"start":{"line":355,"column":0},"end":{"line":355,"column":27}},"355":{"start":{"line":356,"column":0},"end":{"line":356,"column":41}},"356":{"start":{"line":357,"column":0},"end":{"line":357,"column":39}},"357":{"start":{"line":358,"column":0},"end":{"line":358,"column":28}},"358":{"start":{"line":359,"column":0},"end":{"line":359,"column":16}},"359":{"start":{"line":360,"column":0},"end":{"line":360,"column":45}},"360":{"start":{"line":361,"column":0},"end":{"line":361,"column":13}},"361":{"start":{"line":362,"column":0},"end":{"line":362,"column":18}},"362":{"start":{"line":363,"column":0},"end":{"line":363,"column":49}},"363":{"start":{"line":364,"column":0},"end":{"line":364,"column":19}},"364":{"start":{"line":365,"column":0},"end":{"line":365,"column":26}},"365":{"start":{"line":366,"column":0},"end":{"line":366,"column":20}},"366":{"start":{"line":367,"column":0},"end":{"line":367,"column":20}},"367":{"start":{"line":368,"column":0},"end":{"line":368,"column":41}},"368":{"start":{"line":369,"column":0},"end":{"line":369,"column":23}},"369":{"start":{"line":370,"column":0},"end":{"line":370,"column":27}},"370":{"start":{"line":371,"column":0},"end":{"line":371,"column":24}},"371":{"start":{"line":372,"column":0},"end":{"line":372,"column":24}},"372":{"start":{"line":373,"column":0},"end":{"line":373,"column":24}},"373":{"start":{"line":374,"column":0},"end":{"line":374,"column":25}},"374":{"start":{"line":375,"column":0},"end":{"line":375,"column":39}},"375":{"start":{"line":376,"column":0},"end":{"line":376,"column":37}},"376":{"start":{"line":377,"column":0},"end":{"line":377,"column":26}},"377":{"start":{"line":378,"column":0},"end":{"line":378,"column":14}},"378":{"start":{"line":379,"column":0},"end":{"line":379,"column":11}},"379":{"start":{"line":380,"column":0},"end":{"line":380,"column":31}},"380":{"start":{"line":381,"column":0},"end":{"line":381,"column":9}},"381":{"start":{"line":382,"column":0},"end":{"line":382,"column":30}},"382":{"start":{"line":383,"column":0},"end":{"line":383,"column":23}},"383":{"start":{"line":384,"column":0},"end":{"line":384,"column":33}},"384":{"start":{"line":385,"column":0},"end":{"line":385,"column":27}},"385":{"start":{"line":386,"column":0},"end":{"line":386,"column":63}},"386":{"start":{"line":387,"column":0},"end":{"line":387,"column":10}},"387":{"start":{"line":388,"column":0},"end":{"line":388,"column":7}},"388":{"start":{"line":389,"column":0},"end":{"line":389,"column":5}},"389":{"start":{"line":390,"column":0},"end":{"line":390,"column":19}},"390":{"start":{"line":391,"column":0},"end":{"line":391,"column":40}},"391":{"start":{"line":392,"column":0},"end":{"line":392,"column":23}},"392":{"start":{"line":393,"column":0},"end":{"line":393,"column":5}},"393":{"start":{"line":394,"column":0},"end":{"line":394,"column":125}},"394":{"start":{"line":395,"column":0},"end":{"line":395,"column":12}},"395":{"start":{"line":396,"column":0},"end":{"line":396,"column":32}},"396":{"start":{"line":397,"column":0},"end":{"line":397,"column":33}},"397":{"start":{"line":398,"column":0},"end":{"line":398,"column":24}},"398":{"start":{"line":399,"column":0},"end":{"line":399,"column":26}},"399":{"start":{"line":400,"column":0},"end":{"line":400,"column":6}},"400":{"start":{"line":401,"column":0},"end":{"line":401,"column":5}},"401":{"start":{"line":402,"column":0},"end":{"line":402,"column":1}},"402":{"start":{"line":403,"column":0},"end":{"line":403,"column":30}}},"s":{"0":1,"1":1,"2":1,"3":1,"4":3,"5":18,"6":18,"7":18,"8":0,"9":18,"10":18,"11":3,"12":3,"13":18,"14":18,"15":18,"16":2,"17":2,"18":18,"19":3,"20":0,"21":0,"22":0,"23":0,"24":0,"25":0,"26":3,"27":19,"28":19,"29":19,"30":19,"31":3,"32":3,"33":1,"34":1,"35":1,"36":1,"37":1,"38":1,"39":1,"40":1,"41":1,"42":1,"43":1,"44":1,"45":1,"46":1,"47":1,"48":1,"49":1,"50":1,"51":1,"52":2,"53":2,"54":2,"55":2,"56":1,"57":1,"58":1,"59":1,"60":1,"61":1,"62":1,"63":1,"64":1,"65":1,"66":1,"67":1,"68":1,"69":1,"70":1,"71":1,"72":1,"73":1,"74":1,"75":1,"76":1,"77":1,"78":1,"79":1,"80":1,"81":1,"82":3,"83":3,"84":3,"85":3,"86":3,"87":3,"88":3,"89":3,"90":3,"91":3,"92":3,"93":3,"94":3,"95":3,"96":3,"97":3,"98":3,"99":3,"100":3,"101":3,"102":3,"103":3,"104":3,"105":3,"106":3,"107":3,"108":3,"109":3,"110":3,"111":3,"112":3,"113":3,"114":3,"115":3,"116":3,"117":3,"118":3,"119":3,"120":3,"121":0,"122":0,"123":0,"124":0,"125":0,"126":3,"127":3,"128":3,"129":1,"130":3,"131":0,"132":0,"133":0,"134":0,"135":0,"136":3,"137":3,"138":3,"139":3,"140":3,"141":3,"142":1,"143":1,"144":1,"145":3,"146":0,"147":0,"148":0,"149":0,"150":0,"151":3,"152":3,"153":3,"154":3,"155":3,"156":3,"157":3,"158":3,"159":3,"160":3,"161":2,"162":2,"163":2,"164":2,"165":2,"166":2,"167":2,"168":2,"169":2,"170":2,"171":2,"172":2,"173":2,"174":2,"175":2,"176":2,"177":3,"178":3,"179":3,"180":3,"181":3,"182":1,"183":1,"184":1,"185":1,"186":1,"187":2,"188":2,"189":3,"190":3,"191":3,"192":3,"193":1,"194":1,"195":1,"196":1,"197":1,"198":1,"199":1,"200":1,"201":1,"202":1,"203":1,"204":1,"205":1,"206":1,"207":1,"208":1,"209":1,"210":1,"211":3,"212":1,"213":1,"214":1,"215":1,"216":1,"217":1,"218":1,"219":1,"220":1,"221":1,"222":3,"223":0,"224":0,"225":0,"226":0,"227":0,"228":0,"229":0,"230":0,"231":0,"232":0,"233":0,"234":0,"235":0,"236":0,"237":0,"238":0,"239":0,"240":0,"241":0,"242":1,"243":1,"244":1,"245":1,"246":1,"247":3,"248":0,"249":0,"250":1,"251":3,"252":2,"253":2,"254":2,"255":2,"256":2,"257":2,"258":2,"259":2,"260":2,"261":2,"262":2,"263":2,"264":2,"265":2,"266":2,"267":2,"268":2,"269":2,"270":2,"271":6,"272":6,"273":6,"274":6,"275":6,"276":6,"277":6,"278":6,"279":6,"280":6,"281":6,"282":3,"283":3,"284":3,"285":3,"286":3,"287":3,"288":3,"289":3,"290":3,"291":3,"292":6,"293":6,"294":6,"295":6,"296":0,"297":0,"298":0,"299":0,"300":0,"301":0,"302":0,"303":0,"304":0,"305":0,"306":6,"307":6,"308":6,"309":6,"310":6,"311":6,"312":6,"313":6,"314":6,"315":6,"316":6,"317":6,"318":2,"319":2,"320":2,"321":2,"322":2,"323":2,"324":2,"325":2,"326":2,"327":2,"328":6,"329":6,"330":6,"331":6,"332":6,"333":6,"334":6,"335":6,"336":6,"337":6,"338":6,"339":6,"340":6,"341":0,"342":0,"343":0,"344":0,"345":0,"346":0,"347":0,"348":0,"349":0,"350":0,"351":0,"352":0,"353":0,"354":0,"355":0,"356":0,"357":0,"358":0,"359":0,"360":0,"361":6,"362":6,"363":6,"364":6,"365":6,"366":6,"367":6,"368":6,"369":6,"370":6,"371":6,"372":6,"373":6,"374":6,"375":6,"376":6,"377":6,"378":6,"379":6,"380":6,"381":2,"382":2,"383":0,"384":0,"385":0,"386":0,"387":0,"388":2,"389":1,"390":1,"391":1,"392":1,"393":1,"394":1,"395":1,"396":1,"397":1,"398":1,"399":1,"400":3,"401":3,"402":1},"branchMap":{"0":{"type":"branch","line":1,"loc":{"start":{"line":1,"column":0},"end":{"line":403,"column":30}},"locations":[{"start":{"line":1,"column":0},"end":{"line":403,"column":30}}]},"1":{"type":"branch","line":1,"loc":{"start":{"line":1,"column":0},"end":{"line":403,"column":30}},"locations":[{"start":{"line":1,"column":0},"end":{"line":403,"column":30}}]},"2":{"type":"branch","line":4,"loc":{"start":{"line":4,"column":2},"end":{"line":34,"column":3}},"locations":[{"start":{"line":4,"column":2},"end":{"line":34,"column":3}}]},"3":{"type":"branch","line":5,"loc":{"start":{"line":5,"column":4},"end":{"line":11,"column":5}},"locations":[{"start":{"line":5,"column":4},"end":{"line":11,"column":5}}]},"4":{"type":"branch","line":8,"loc":{"start":{"line":8,"column":8},"end":{"line":10,"column":12}},"locations":[{"start":{"line":8,"column":8},"end":{"line":10,"column":12}}]},"5":{"type":"branch","line":12,"loc":{"start":{"line":12,"column":36},"end":{"line":33,"column":5}},"locations":[{"start":{"line":12,"column":36},"end":{"line":33,"column":5}}]},"6":{"type":"branch","line":13,"loc":{"start":{"line":13,"column":6},"end":{"line":19,"column":7}},"locations":[{"start":{"line":13,"column":6},"end":{"line":19,"column":7}}]},"7":{"type":"branch","line":16,"loc":{"start":{"line":16,"column":10},"end":{"line":18,"column":9}},"locations":[{"start":{"line":16,"column":10},"end":{"line":18,"column":9}}]},"8":{"type":"branch","line":27,"loc":{"start":{"line":27,"column":6},"end":{"line":31,"column":7}},"locations":[{"start":{"line":27,"column":6},"end":{"line":31,"column":7}}]},"9":{"type":"branch","line":29,"loc":{"start":{"line":29,"column":10},"end":{"line":29,"column":33}},"locations":[{"start":{"line":29,"column":10},"end":{"line":29,"column":33}}]},"10":{"type":"branch","line":30,"loc":{"start":{"line":30,"column":10},"end":{"line":30,"column":57}},"locations":[{"start":{"line":30,"column":10},"end":{"line":30,"column":57}}]},"11":{"type":"branch","line":37,"loc":{"start":{"line":37,"column":2},"end":{"line":39,"column":3}},"locations":[{"start":{"line":37,"column":2},"end":{"line":39,"column":3}}]},"12":{"type":"branch","line":38,"loc":{"start":{"line":38,"column":39},"end":{"line":38,"column":57}},"locations":[{"start":{"line":38,"column":39},"end":{"line":38,"column":57}}]},"13":{"type":"branch","line":52,"loc":{"start":{"line":52,"column":2},"end":{"line":56,"column":3}},"locations":[{"start":{"line":52,"column":2},"end":{"line":56,"column":3}}]},"14":{"type":"branch","line":83,"loc":{"start":{"line":83,"column":0},"end":{"line":402,"column":1}},"locations":[{"start":{"line":83,"column":0},"end":{"line":402,"column":1}}]},"15":{"type":"branch","line":85,"loc":{"start":{"line":85,"column":41},"end":{"line":401,"column":3}},"locations":[{"start":{"line":85,"column":41},"end":{"line":401,"column":3}}]},"16":{"type":"branch","line":94,"loc":{"start":{"line":94,"column":56},"end":{"line":94,"column":60}},"locations":[{"start":{"line":94,"column":56},"end":{"line":94,"column":60}}]},"17":{"type":"branch","line":121,"loc":{"start":{"line":121,"column":6},"end":{"line":126,"column":5}},"locations":[{"start":{"line":121,"column":6},"end":{"line":126,"column":5}}]},"18":{"type":"branch","line":129,"loc":{"start":{"line":129,"column":39},"end":{"line":130,"column":58}},"locations":[{"start":{"line":129,"column":39},"end":{"line":130,"column":58}}]},"19":{"type":"branch","line":131,"loc":{"start":{"line":131,"column":6},"end":{"line":136,"column":5}},"locations":[{"start":{"line":131,"column":6},"end":{"line":136,"column":5}}]},"20":{"type":"branch","line":139,"loc":{"start":{"line":139,"column":44},"end":{"line":139,"column":52}},"locations":[{"start":{"line":139,"column":44},"end":{"line":139,"column":52}}]},"21":{"type":"branch","line":141,"loc":{"start":{"line":141,"column":8},"end":{"line":141,"column":16}},"locations":[{"start":{"line":141,"column":8},"end":{"line":141,"column":16}}]},"22":{"type":"branch","line":142,"loc":{"start":{"line":142,"column":25},"end":{"line":145,"column":41}},"locations":[{"start":{"line":142,"column":25},"end":{"line":145,"column":41}}]},"23":{"type":"branch","line":144,"loc":{"start":{"line":144,"column":8},"end":{"line":144,"column":16}},"locations":[{"start":{"line":144,"column":8},"end":{"line":144,"column":16}}]},"24":{"type":"branch","line":146,"loc":{"start":{"line":146,"column":6},"end":{"line":151,"column":5}},"locations":[{"start":{"line":146,"column":6},"end":{"line":151,"column":5}}]},"25":{"type":"branch","line":158,"loc":{"start":{"line":158,"column":8},"end":{"line":158,"column":16}},"locations":[{"start":{"line":158,"column":8},"end":{"line":158,"column":16}}]},"26":{"type":"branch","line":160,"loc":{"start":{"line":160,"column":8},"end":{"line":160,"column":31}},"locations":[{"start":{"line":160,"column":8},"end":{"line":160,"column":31}}]},"27":{"type":"branch","line":161,"loc":{"start":{"line":161,"column":8},"end":{"line":178,"column":12}},"locations":[{"start":{"line":161,"column":8},"end":{"line":178,"column":12}}]},"28":{"type":"branch","line":163,"loc":{"start":{"line":163,"column":51},"end":{"line":163,"column":59}},"locations":[{"start":{"line":163,"column":51},"end":{"line":163,"column":59}}]},"29":{"type":"branch","line":174,"loc":{"start":{"line":174,"column":16},"end":{"line":174,"column":26}},"locations":[{"start":{"line":174,"column":16},"end":{"line":174,"column":26}}]},"30":{"type":"branch","line":175,"loc":{"start":{"line":175,"column":14},"end":{"line":175,"column":25}},"locations":[{"start":{"line":175,"column":14},"end":{"line":175,"column":25}}]},"31":{"type":"branch","line":182,"loc":{"start":{"line":182,"column":37},"end":{"line":187,"column":5}},"locations":[{"start":{"line":182,"column":37},"end":{"line":187,"column":5}}]},"32":{"type":"branch","line":188,"loc":{"start":{"line":188,"column":-1},"end":{"line":189,"column":59}},"locations":[{"start":{"line":188,"column":-1},"end":{"line":189,"column":59}}]},"33":{"type":"branch","line":190,"loc":{"start":{"line":190,"column":8},"end":{"line":190,"column":16}},"locations":[{"start":{"line":190,"column":8},"end":{"line":190,"column":16}}]},"34":{"type":"branch","line":191,"loc":{"start":{"line":191,"column":8},"end":{"line":191,"column":19}},"locations":[{"start":{"line":191,"column":8},"end":{"line":191,"column":19}}]},"35":{"type":"branch","line":192,"loc":{"start":{"line":192,"column":8},"end":{"line":192,"column":64}},"locations":[{"start":{"line":192,"column":8},"end":{"line":192,"column":64}}]},"36":{"type":"branch","line":193,"loc":{"start":{"line":193,"column":8},"end":{"line":212,"column":11}},"locations":[{"start":{"line":193,"column":8},"end":{"line":212,"column":11}}]},"37":{"type":"branch","line":200,"loc":{"start":{"line":200,"column":46},"end":{"line":200,"column":52}},"locations":[{"start":{"line":200,"column":46},"end":{"line":200,"column":52}}]},"38":{"type":"branch","line":204,"loc":{"start":{"line":204,"column":16},"end":{"line":204,"column":33}},"locations":[{"start":{"line":204,"column":16},"end":{"line":204,"column":33}}]},"39":{"type":"branch","line":205,"loc":{"start":{"line":205,"column":14},"end":{"line":205,"column":24}},"locations":[{"start":{"line":205,"column":14},"end":{"line":205,"column":24}}]},"40":{"type":"branch","line":213,"loc":{"start":{"line":213,"column":-1},"end":{"line":223,"column":20}},"locations":[{"start":{"line":213,"column":-1},"end":{"line":223,"column":20}}]},"41":{"type":"branch","line":223,"loc":{"start":{"line":223,"column":20},"end":{"line":242,"column":5}},"locations":[{"start":{"line":223,"column":20},"end":{"line":242,"column":5}}]},"42":{"type":"branch","line":243,"loc":{"start":{"line":243,"column":-1},"end":{"line":248,"column":6}},"locations":[{"start":{"line":243,"column":-1},"end":{"line":248,"column":6}}]},"43":{"type":"branch","line":248,"loc":{"start":{"line":248,"column":6},"end":{"line":250,"column":5}},"locations":[{"start":{"line":248,"column":6},"end":{"line":250,"column":5}}]},"44":{"type":"branch","line":251,"loc":{"start":{"line":251,"column":-1},"end":{"line":252,"column":68}},"locations":[{"start":{"line":251,"column":-1},"end":{"line":252,"column":68}}]},"45":{"type":"branch","line":252,"loc":{"start":{"line":252,"column":68},"end":{"line":389,"column":5}},"locations":[{"start":{"line":252,"column":68},"end":{"line":389,"column":5}}]},"46":{"type":"branch","line":261,"loc":{"start":{"line":261,"column":27},"end":{"line":261,"column":49}},"locations":[{"start":{"line":261,"column":27},"end":{"line":261,"column":49}}]},"47":{"type":"branch","line":261,"loc":{"start":{"line":261,"column":50},"end":{"line":261,"column":63}},"locations":[{"start":{"line":261,"column":50},"end":{"line":261,"column":63}}]},"48":{"type":"branch","line":261,"loc":{"start":{"line":261,"column":64},"end":{"line":261,"column":70}},"locations":[{"start":{"line":261,"column":64},"end":{"line":261,"column":70}}]},"49":{"type":"branch","line":262,"loc":{"start":{"line":262,"column":27},"end":{"line":262,"column":49}},"locations":[{"start":{"line":262,"column":27},"end":{"line":262,"column":49}}]},"50":{"type":"branch","line":262,"loc":{"start":{"line":262,"column":50},"end":{"line":262,"column":67}},"locations":[{"start":{"line":262,"column":50},"end":{"line":262,"column":67}}]},"51":{"type":"branch","line":262,"loc":{"start":{"line":262,"column":68},"end":{"line":262,"column":78}},"locations":[{"start":{"line":262,"column":68},"end":{"line":262,"column":78}}]},"52":{"type":"branch","line":268,"loc":{"start":{"line":268,"column":40},"end":{"line":268,"column":62}},"locations":[{"start":{"line":268,"column":40},"end":{"line":268,"column":62}}]},"53":{"type":"branch","line":271,"loc":{"start":{"line":271,"column":70},"end":{"line":381,"column":9}},"locations":[{"start":{"line":271,"column":70},"end":{"line":381,"column":9}}]},"54":{"type":"branch","line":273,"loc":{"start":{"line":273,"column":53},"end":{"line":273,"column":57}},"locations":[{"start":{"line":273,"column":53},"end":{"line":273,"column":57}}]},"55":{"type":"branch","line":274,"loc":{"start":{"line":274,"column":36},"end":{"line":274,"column":49}},"locations":[{"start":{"line":274,"column":36},"end":{"line":274,"column":49}}]},"56":{"type":"branch","line":274,"loc":{"start":{"line":274,"column":50},"end":{"line":274,"column":56}},"locations":[{"start":{"line":274,"column":50},"end":{"line":274,"column":56}}]},"57":{"type":"branch","line":275,"loc":{"start":{"line":275,"column":37},"end":{"line":275,"column":55}},"locations":[{"start":{"line":275,"column":37},"end":{"line":275,"column":55}}]},"58":{"type":"branch","line":275,"loc":{"start":{"line":275,"column":56},"end":{"line":275,"column":67}},"locations":[{"start":{"line":275,"column":56},"end":{"line":275,"column":67}}]},"59":{"type":"branch","line":276,"loc":{"start":{"line":276,"column":40},"end":{"line":276,"column":57}},"locations":[{"start":{"line":276,"column":40},"end":{"line":276,"column":57}}]},"60":{"type":"branch","line":276,"loc":{"start":{"line":276,"column":58},"end":{"line":276,"column":68}},"locations":[{"start":{"line":276,"column":58},"end":{"line":276,"column":68}}]},"61":{"type":"branch","line":279,"loc":{"start":{"line":279,"column":12},"end":{"line":279,"column":37}},"locations":[{"start":{"line":279,"column":12},"end":{"line":279,"column":37}}]},"62":{"type":"branch","line":280,"loc":{"start":{"line":280,"column":12},"end":{"line":280,"column":30}},"locations":[{"start":{"line":280,"column":12},"end":{"line":280,"column":30}}]},"63":{"type":"branch","line":282,"loc":{"start":{"line":282,"column":24},"end":{"line":292,"column":11}},"locations":[{"start":{"line":282,"column":24},"end":{"line":292,"column":11}}]},"64":{"type":"branch","line":296,"loc":{"start":{"line":296,"column":31},"end":{"line":296,"column":54}},"locations":[{"start":{"line":296,"column":31},"end":{"line":296,"column":54}}]},"65":{"type":"branch","line":296,"loc":{"start":{"line":296,"column":56},"end":{"line":306,"column":13}},"locations":[{"start":{"line":296,"column":56},"end":{"line":306,"column":13}}]},"66":{"type":"branch","line":318,"loc":{"start":{"line":318,"column":49},"end":{"line":328,"column":13}},"locations":[{"start":{"line":318,"column":49},"end":{"line":328,"column":13}}]},"67":{"type":"branch","line":341,"loc":{"start":{"line":341,"column":42},"end":{"line":362,"column":11}},"locations":[{"start":{"line":341,"column":42},"end":{"line":362,"column":11}}]},"68":{"type":"branch","line":383,"loc":{"start":{"line":383,"column":8},"end":{"line":388,"column":7}},"locations":[{"start":{"line":383,"column":8},"end":{"line":388,"column":7}}]},"69":{"type":"branch","line":390,"loc":{"start":{"line":390,"column":-1},"end":{"line":401,"column":2}},"locations":[{"start":{"line":390,"column":-1},"end":{"line":401,"column":2}}]},"70":{"type":"branch","line":180,"loc":{"start":{"line":180,"column":43},"end":{"line":180,"column":66}},"locations":[{"start":{"line":180,"column":43},"end":{"line":180,"column":66}}]},"71":{"type":"branch","line":192,"loc":{"start":{"line":192,"column":37},"end":{"line":192,"column":60}},"locations":[{"start":{"line":192,"column":37},"end":{"line":192,"column":60}}]}},"b":{"0":[1],"1":[1],"2":[3],"3":[18],"4":[0],"5":[3],"6":[18],"7":[2],"8":[19],"9":[1],"10":[18],"11":[1],"12":[0],"13":[2],"14":[3],"15":[3],"16":[0],"17":[0],"18":[1],"19":[0],"20":[0],"21":[0],"22":[1],"23":[0],"24":[0],"25":[0],"26":[1],"27":[2],"28":[0],"29":[0],"30":[0],"31":[1],"32":[2],"33":[0],"34":[2],"35":[1],"36":[1],"37":[0],"38":[0],"39":[0],"40":[1],"41":[0],"42":[1],"43":[0],"44":[1],"45":[2],"46":[1],"47":[1],"48":[1],"49":[1],"50":[1],"51":[1],"52":[1],"53":[6],"54":[0],"55":[3],"56":[3],"57":[3],"58":[3],"59":[3],"60":[3],"61":[3],"62":[3],"63":[3],"64":[3],"65":[0],"66":[2],"67":[0],"68":[0],"69":[1],"70":[9],"71":[4]},"fnMap":{"0":{"name":"Object.<anonymous>","decl":{"start":{"line":1,"column":0},"end":{"line":403,"column":30}},"loc":{"start":{"line":1,"column":0},"end":{"line":403,"column":30}},"line":1},"1":{"name":"Object.<anonymous>.__awaiter","decl":{"start":{"line":4,"column":2},"end":{"line":34,"column":3}},"loc":{"start":{"line":4,"column":2},"end":{"line":34,"column":3}},"line":4},"2":{"name":"adopt","decl":{"start":{"line":5,"column":4},"end":{"line":11,"column":5}},"loc":{"start":{"line":5,"column":4},"end":{"line":11,"column":5}},"line":5},"3":{"name":"fulfilled","decl":{"start":{"line":13,"column":6},"end":{"line":19,"column":7}},"loc":{"start":{"line":13,"column":6},"end":{"line":19,"column":7}},"line":13},"4":{"name":"rejected","decl":{"start":{"line":20,"column":6},"end":{"line":26,"column":7}},"loc":{"start":{"line":20,"column":6},"end":{"line":26,"column":7}},"line":20},"5":{"name":"step","decl":{"start":{"line":27,"column":6},"end":{"line":31,"column":7}},"loc":{"start":{"line":27,"column":6},"end":{"line":31,"column":7}},"line":27},"6":{"name":"Object.<anonymous>.__importDefault","decl":{"start":{"line":37,"column":2},"end":{"line":39,"column":3}},"loc":{"start":{"line":37,"column":2},"end":{"line":39,"column":3}},"line":37},"7":{"name":"DrawTableError","decl":{"start":{"line":52,"column":2},"end":{"line":56,"column":3}},"loc":{"start":{"line":52,"column":2},"end":{"line":56,"column":3}},"line":52},"8":{"name":"drawTable","decl":{"start":{"line":83,"column":0},"end":{"line":402,"column":1}},"loc":{"start":{"line":83,"column":0},"end":{"line":402,"column":1}},"line":83}},"f":{"0":1,"1":3,"2":18,"3":18,"4":0,"5":19,"6":1,"7":2,"8":3}}
,"/Users/matt/dev/pdfTableLib/DrawTable/build/src/helpers/columnWidths.js": {"path":"/Users/matt/dev/pdfTableLib/DrawTable/build/src/helpers/columnWidths.js","all":false,"statementMap":{"0":{"start":{"line":1,"column":0},"end":{"line":1,"column":13}},"1":{"start":{"line":2,"column":0},"end":{"line":2,"column":62}},"2":{"start":{"line":3,"column":0},"end":{"line":3,"column":38}},"3":{"start":{"line":4,"column":0},"end":{"line":4,"column":50}},"4":{"start":{"line":5,"column":0},"end":{"line":5,"column":3}},"5":{"start":{"line":6,"column":0},"end":{"line":6,"column":50}},"6":{"start":{"line":7,"column":0},"end":{"line":7,"column":58}},"7":{"start":{"line":8,"column":0},"end":{"line":8,"column":63}},"8":{"start":{"line":9,"column":0},"end":{"line":9,"column":51}},"9":{"start":{"line":10,"column":0},"end":{"line":10,"column":48}},"10":{"start":{"line":11,"column":0},"end":{"line":11,"column":3}},"11":{"start":{"line":12,"column":0},"end":{"line":12,"column":51}},"12":{"start":{"line":13,"column":0},"end":{"line":13,"column":63}},"13":{"start":{"line":14,"column":0},"end":{"line":14,"column":71}},"14":{"start":{"line":15,"column":0},"end":{"line":15,"column":39}},"15":{"start":{"line":16,"column":0},"end":{"line":16,"column":51}},"16":{"start":{"line":17,"column":0},"end":{"line":17,"column":63}},"17":{"start":{"line":18,"column":0},"end":{"line":18,"column":40}},"18":{"start":{"line":19,"column":0},"end":{"line":19,"column":25}},"19":{"start":{"line":20,"column":0},"end":{"line":20,"column":39}},"20":{"start":{"line":21,"column":0},"end":{"line":21,"column":42}},"21":{"start":{"line":22,"column":0},"end":{"line":22,"column":54}},"22":{"start":{"line":23,"column":0},"end":{"line":23,"column":66}},"23":{"start":{"line":24,"column":0},"end":{"line":24,"column":10}},"24":{"start":{"line":25,"column":0},"end":{"line":25,"column":53}},"25":{"start":{"line":26,"column":0},"end":{"line":26,"column":3}},"26":{"start":{"line":27,"column":0},"end":{"line":27,"column":1}},"27":{"start":{"line":28,"column":0},"end":{"line":28,"column":3}},"28":{"start":{"line":29,"column":0},"end":{"line":29,"column":39}},"29":{"start":{"line":30,"column":0},"end":{"line":30,"column":56}},"30":{"start":{"line":31,"column":0},"end":{"line":31,"column":69}},"31":{"start":{"line":32,"column":0},"end":{"line":32,"column":64}},"32":{"start":{"line":33,"column":0},"end":{"line":33,"column":81}},"33":{"start":{"line":34,"column":0},"end":{"line":34,"column":50}},"34":{"start":{"line":35,"column":0},"end":{"line":35,"column":51}},"35":{"start":{"line":36,"column":0},"end":{"line":36,"column":3}},"36":{"start":{"line":37,"column":0},"end":{"line":37,"column":31}},"37":{"start":{"line":38,"column":0},"end":{"line":38,"column":10}},"38":{"start":{"line":39,"column":0},"end":{"line":39,"column":13}},"39":{"start":{"line":40,"column":0},"end":{"line":40,"column":17}},"40":{"start":{"line":41,"column":0},"end":{"line":41,"column":25}},"41":{"start":{"line":42,"column":0},"end":{"line":42,"column":13}},"42":{"start":{"line":43,"column":0},"end":{"line":43,"column":3}},"43":{"start":{"line":44,"column":0},"end":{"line":44,"column":41}},"44":{"start":{"line":45,"column":0},"end":{"line":45,"column":39}},"45":{"start":{"line":46,"column":0},"end":{"line":46,"column":68}},"46":{"start":{"line":47,"column":0},"end":{"line":47,"column":5}},"47":{"start":{"line":48,"column":0},"end":{"line":48,"column":23}},"48":{"start":{"line":49,"column":0},"end":{"line":49,"column":66}},"49":{"start":{"line":50,"column":0},"end":{"line":50,"column":33}},"50":{"start":{"line":51,"column":0},"end":{"line":51,"column":23}},"51":{"start":{"line":52,"column":0},"end":{"line":52,"column":5}},"52":{"start":{"line":53,"column":0},"end":{"line":53,"column":1}},"53":{"start":{"line":54,"column":0},"end":{"line":54,"column":3}},"54":{"start":{"line":55,"column":0},"end":{"line":55,"column":68}},"55":{"start":{"line":56,"column":0},"end":{"line":56,"column":102}},"56":{"start":{"line":57,"column":0},"end":{"line":57,"column":50}},"57":{"start":{"line":58,"column":0},"end":{"line":58,"column":3}},"58":{"start":{"line":59,"column":0},"end":{"line":59,"column":40}},"59":{"start":{"line":60,"column":0},"end":{"line":60,"column":9}},"60":{"start":{"line":61,"column":0},"end":{"line":61,"column":20}},"61":{"start":{"line":62,"column":0},"end":{"line":62,"column":19}},"62":{"start":{"line":63,"column":0},"end":{"line":63,"column":14}},"63":{"start":{"line":64,"column":0},"end":{"line":64,"column":9}},"64":{"start":{"line":65,"column":0},"end":{"line":65,"column":13}},"65":{"start":{"line":66,"column":0},"end":{"line":66,"column":15}},"66":{"start":{"line":67,"column":0},"end":{"line":67,"column":19}},"67":{"start":{"line":68,"column":0},"end":{"line":68,"column":16}},"68":{"start":{"line":69,"column":0},"end":{"line":69,"column":21}},"69":{"start":{"line":70,"column":0},"end":{"line":70,"column":79}},"70":{"start":{"line":71,"column":0},"end":{"line":71,"column":14}},"71":{"start":{"line":72,"column":0},"end":{"line":72,"column":14}},"72":{"start":{"line":73,"column":0},"end":{"line":73,"column":42}},"73":{"start":{"line":74,"column":0},"end":{"line":74,"column":51}},"74":{"start":{"line":75,"column":0},"end":{"line":75,"column":39}},"75":{"start":{"line":76,"column":0},"end":{"line":76,"column":36}},"76":{"start":{"line":77,"column":0},"end":{"line":77,"column":51}},"77":{"start":{"line":78,"column":0},"end":{"line":78,"column":47}},"78":{"start":{"line":79,"column":0},"end":{"line":79,"column":78}},"79":{"start":{"line":80,"column":0},"end":{"line":80,"column":50}},"80":{"start":{"line":81,"column":0},"end":{"line":81,"column":20}},"81":{"start":{"line":82,"column":0},"end":{"line":82,"column":43}},"82":{"start":{"line":83,"column":0},"end":{"line":83,"column":21}},"83":{"start":{"line":84,"column":0},"end":{"line":84,"column":19}},"84":{"start":{"line":85,"column":0},"end":{"line":85,"column":23}},"85":{"start":{"line":86,"column":0},"end":{"line":86,"column":89}},"86":{"start":{"line":87,"column":0},"end":{"line":87,"column":19}},"87":{"start":{"line":88,"column":0},"end":{"line":88,"column":8}},"88":{"start":{"line":89,"column":0},"end":{"line":89,"column":5}},"89":{"start":{"line":90,"column":0},"end":{"line":90,"column":43}},"90":{"start":{"line":91,"column":0},"end":{"line":91,"column":23}},"91":{"start":{"line":92,"column":0},"end":{"line":92,"column":48}},"92":{"start":{"line":93,"column":0},"end":{"line":93,"column":36}},"93":{"start":{"line":94,"column":0},"end":{"line":94,"column":69}},"94":{"start":{"line":95,"column":0},"end":{"line":95,"column":10}},"95":{"start":{"line":96,"column":0},"end":{"line":96,"column":7}},"96":{"start":{"line":97,"column":0},"end":{"line":97,"column":26}},"97":{"start":{"line":98,"column":0},"end":{"line":98,"column":12}},"98":{"start":{"line":99,"column":0},"end":{"line":99,"column":40}},"99":{"start":{"line":100,"column":0},"end":{"line":100,"column":52}},"100":{"start":{"line":101,"column":0},"end":{"line":101,"column":63}},"101":{"start":{"line":102,"column":0},"end":{"line":102,"column":48}},"102":{"start":{"line":103,"column":0},"end":{"line":103,"column":27}},"103":{"start":{"line":104,"column":0},"end":{"line":104,"column":43}},"104":{"start":{"line":105,"column":0},"end":{"line":105,"column":65}},"105":{"start":{"line":106,"column":0},"end":{"line":106,"column":22}},"106":{"start":{"line":107,"column":0},"end":{"line":107,"column":21}},"107":{"start":{"line":108,"column":0},"end":{"line":108,"column":58}},"108":{"start":{"line":109,"column":0},"end":{"line":109,"column":38}},"109":{"start":{"line":110,"column":0},"end":{"line":110,"column":27}},"110":{"start":{"line":111,"column":0},"end":{"line":111,"column":16}},"111":{"start":{"line":112,"column":0},"end":{"line":112,"column":18}},"112":{"start":{"line":113,"column":0},"end":{"line":113,"column":18}},"113":{"start":{"line":114,"column":0},"end":{"line":114,"column":26}},"114":{"start":{"line":115,"column":0},"end":{"line":115,"column":60}},"115":{"start":{"line":116,"column":0},"end":{"line":116,"column":36}},"116":{"start":{"line":117,"column":0},"end":{"line":117,"column":26}},"117":{"start":{"line":118,"column":0},"end":{"line":118,"column":11}},"118":{"start":{"line":119,"column":0},"end":{"line":119,"column":38}},"119":{"start":{"line":120,"column":0},"end":{"line":120,"column":34}},"120":{"start":{"line":121,"column":0},"end":{"line":121,"column":25}},"121":{"start":{"line":122,"column":0},"end":{"line":122,"column":34}},"122":{"start":{"line":123,"column":0},"end":{"line":123,"column":12}},"123":{"start":{"line":124,"column":0},"end":{"line":124,"column":11}},"124":{"start":{"line":125,"column":0},"end":{"line":125,"column":22}},"125":{"start":{"line":126,"column":0},"end":{"line":126,"column":13}},"126":{"start":{"line":127,"column":0},"end":{"line":127,"column":61}},"127":{"start":{"line":128,"column":0},"end":{"line":128,"column":80}},"128":{"start":{"line":129,"column":0},"end":{"line":129,"column":79}},"129":{"start":{"line":130,"column":0},"end":{"line":130,"column":71}},"130":{"start":{"line":131,"column":0},"end":{"line":131,"column":40}},"131":{"start":{"line":132,"column":0},"end":{"line":132,"column":49}},"132":{"start":{"line":133,"column":0},"end":{"line":133,"column":63}},"133":{"start":{"line":134,"column":0},"end":{"line":134,"column":34}},"134":{"start":{"line":135,"column":0},"end":{"line":135,"column":52}},"135":{"start":{"line":136,"column":0},"end":{"line":136,"column":41}},"136":{"start":{"line":137,"column":0},"end":{"line":137,"column":158}},"137":{"start":{"line":138,"column":0},"end":{"line":138,"column":14}},"138":{"start":{"line":139,"column":0},"end":{"line":139,"column":11}},"139":{"start":{"line":140,"column":0},"end":{"line":140,"column":59}},"140":{"start":{"line":141,"column":0},"end":{"line":141,"column":57}},"141":{"start":{"line":142,"column":0},"end":{"line":142,"column":12}},"142":{"start":{"line":143,"column":0},"end":{"line":143,"column":16}},"143":{"start":{"line":144,"column":0},"end":{"line":144,"column":29}},"144":{"start":{"line":145,"column":0},"end":{"line":145,"column":48}},"145":{"start":{"line":146,"column":0},"end":{"line":146,"column":44}},"146":{"start":{"line":147,"column":0},"end":{"line":147,"column":52}},"147":{"start":{"line":148,"column":0},"end":{"line":148,"column":42}},"148":{"start":{"line":149,"column":0},"end":{"line":149,"column":12}},"149":{"start":{"line":150,"column":0},"end":{"line":150,"column":59}},"150":{"start":{"line":151,"column":0},"end":{"line":151,"column":66}},"151":{"start":{"line":152,"column":0},"end":{"line":152,"column":12}},"152":{"start":{"line":153,"column":0},"end":{"line":153,"column":80}},"153":{"start":{"line":154,"column":0},"end":{"line":154,"column":46}},"154":{"start":{"line":155,"column":0},"end":{"line":155,"column":60}},"155":{"start":{"line":156,"column":0},"end":{"line":156,"column":59}},"156":{"start":{"line":157,"column":0},"end":{"line":157,"column":79}},"157":{"start":{"line":158,"column":0},"end":{"line":158,"column":11}},"158":{"start":{"line":159,"column":0},"end":{"line":159,"column":9}},"159":{"start":{"line":160,"column":0},"end":{"line":160,"column":14}},"160":{"start":{"line":161,"column":0},"end":{"line":161,"column":57}},"161":{"start":{"line":162,"column":0},"end":{"line":162,"column":46}},"162":{"start":{"line":163,"column":0},"end":{"line":163,"column":10}},"163":{"start":{"line":164,"column":0},"end":{"line":164,"column":7}},"164":{"start":{"line":165,"column":0},"end":{"line":165,"column":26}},"165":{"start":{"line":166,"column":0},"end":{"line":166,"column":5}},"166":{"start":{"line":167,"column":0},"end":{"line":167,"column":10}},"167":{"start":{"line":168,"column":0},"end":{"line":168,"column":44}},"168":{"start":{"line":169,"column":0},"end":{"line":169,"column":36}},"169":{"start":{"line":170,"column":0},"end":{"line":170,"column":72}},"170":{"start":{"line":171,"column":0},"end":{"line":171,"column":6}},"171":{"start":{"line":172,"column":0},"end":{"line":172,"column":3}},"172":{"start":{"line":173,"column":0},"end":{"line":173,"column":1}},"173":{"start":{"line":174,"column":0},"end":{"line":174,"column":52}}},"s":{"0":1,"1":1,"2":1,"3":1,"4":1,"5":1,"6":1,"7":1,"8":1,"9":1,"10":1,"11":15,"12":15,"13":15,"14":15,"15":15,"16":15,"17":15,"18":0,"19":0,"20":0,"21":0,"22":0,"23":0,"24":0,"25":0,"26":15,"27":1,"28":1,"29":1,"30":1,"31":1,"32":1,"33":1,"34":1,"35":1,"36":1,"37":1,"38":1,"39":1,"40":1,"41":1,"42":1,"43":1,"44":3,"45":0,"46":0,"47":3,"48":3,"49":3,"50":3,"51":1,"52":1,"53":1,"54":1,"55":1,"56":1,"57":1,"58":2,"59":2,"60":2,"61":2,"62":2,"63":2,"64":2,"65":2,"66":2,"67":2,"68":2,"69":2,"70":2,"71":2,"72":2,"73":2,"74":2,"75":2,"76":1,"77":1,"78":1,"79":1,"80":1,"81":1,"82":1,"83":1,"84":1,"85":1,"86":1,"87":1,"88":1,"89":1,"90":0,"91":0,"92":0,"93":0,"94":0,"95":0,"96":0,"97":1,"98":1,"99":1,"100":1,"101":4,"102":12,"103":12,"104":0,"105":0,"106":0,"107":0,"108":0,"109":0,"110":0,"111":0,"112":12,"113":12,"114":12,"115":12,"116":12,"117":12,"118":12,"119":12,"120":12,"121":12,"122":12,"123":4,"124":4,"125":1,"126":1,"127":1,"128":1,"129":1,"130":1,"131":0,"132":0,"133":0,"134":0,"135":0,"136":0,"137":0,"138":0,"139":0,"140":0,"141":0,"142":0,"143":0,"144":0,"145":0,"146":0,"147":0,"148":0,"149":0,"150":0,"151":0,"152":0,"153":0,"154":0,"155":0,"156":0,"157":0,"158":0,"159":1,"160":1,"161":3,"162":1,"163":1,"164":1,"165":1,"166":1,"167":0,"168":0,"169":0,"170":0,"171":0,"172":2,"173":1},"branchMap":{"0":{"type":"branch","line":1,"loc":{"start":{"line":1,"column":0},"end":{"line":174,"column":52}},"locations":[{"start":{"line":1,"column":0},"end":{"line":174,"column":52}}]},"1":{"type":"branch","line":1,"loc":{"start":{"line":1,"column":0},"end":{"line":174,"column":52}},"locations":[{"start":{"line":1,"column":0},"end":{"line":174,"column":52}}]},"2":{"type":"branch","line":12,"loc":{"start":{"line":12,"column":0},"end":{"line":27,"column":1}},"locations":[{"start":{"line":12,"column":0},"end":{"line":27,"column":1}}]},"3":{"type":"branch","line":13,"loc":{"start":{"line":13,"column":34},"end":{"line":13,"column":60}},"locations":[{"start":{"line":13,"column":34},"end":{"line":13,"column":60}}]},"4":{"type":"branch","line":14,"loc":{"start":{"line":14,"column":41},"end":{"line":14,"column":50}},"locations":[{"start":{"line":14,"column":41},"end":{"line":14,"column":50}}]},"5":{"type":"branch","line":18,"loc":{"start":{"line":18,"column":3},"end":{"line":26,"column":3}},"locations":[{"start":{"line":18,"column":3},"end":{"line":26,"column":3}}]},"6":{"type":"branch","line":37,"loc":{"start":{"line":37,"column":0},"end":{"line":53,"column":1}},"locations":[{"start":{"line":37,"column":0},"end":{"line":53,"column":1}}]},"7":{"type":"branch","line":44,"loc":{"start":{"line":44,"column":21},"end":{"line":52,"column":3}},"locations":[{"start":{"line":44,"column":21},"end":{"line":52,"column":3}}]},"8":{"type":"branch","line":45,"loc":{"start":{"line":45,"column":38},"end":{"line":47,"column":5}},"locations":[{"start":{"line":45,"column":38},"end":{"line":47,"column":5}}]},"9":{"type":"branch","line":59,"loc":{"start":{"line":59,"column":0},"end":{"line":173,"column":1}},"locations":[{"start":{"line":59,"column":0},"end":{"line":173,"column":1}}]},"10":{"type":"branch","line":76,"loc":{"start":{"line":76,"column":35},"end":{"line":172,"column":3}},"locations":[{"start":{"line":76,"column":35},"end":{"line":172,"column":3}}]},"11":{"type":"branch","line":90,"loc":{"start":{"line":90,"column":42},"end":{"line":98,"column":5}},"locations":[{"start":{"line":90,"column":42},"end":{"line":98,"column":5}}]},"12":{"type":"branch","line":131,"loc":{"start":{"line":131,"column":39},"end":{"line":160,"column":7}},"locations":[{"start":{"line":131,"column":39},"end":{"line":160,"column":7}}]},"13":{"type":"branch","line":167,"loc":{"start":{"line":167,"column":3},"end":{"line":172,"column":3}},"locations":[{"start":{"line":167,"column":3},"end":{"line":172,"column":3}}]},"14":{"type":"branch","line":101,"loc":{"start":{"line":101,"column":45},"end":{"line":126,"column":7}},"locations":[{"start":{"line":101,"column":45},"end":{"line":126,"column":7}}]},"15":{"type":"branch","line":102,"loc":{"start":{"line":102,"column":20},"end":{"line":124,"column":9}},"locations":[{"start":{"line":102,"column":20},"end":{"line":124,"column":9}}]},"16":{"type":"branch","line":104,"loc":{"start":{"line":104,"column":42},"end":{"line":113,"column":11}},"locations":[{"start":{"line":104,"column":42},"end":{"line":113,"column":11}}]},"17":{"type":"branch","line":120,"loc":{"start":{"line":120,"column":29},"end":{"line":120,"column":33}},"locations":[{"start":{"line":120,"column":29},"end":{"line":120,"column":33}}]},"18":{"type":"branch","line":127,"loc":{"start":{"line":127,"column":43},"end":{"line":127,"column":59}},"locations":[{"start":{"line":127,"column":43},"end":{"line":127,"column":59}}]},"19":{"type":"branch","line":128,"loc":{"start":{"line":128,"column":52},"end":{"line":128,"column":75}},"locations":[{"start":{"line":128,"column":52},"end":{"line":128,"column":75}}]},"20":{"type":"branch","line":129,"loc":{"start":{"line":129,"column":51},"end":{"line":129,"column":74}},"locations":[{"start":{"line":129,"column":51},"end":{"line":129,"column":74}}]},"21":{"type":"branch","line":161,"loc":{"start":{"line":161,"column":40},"end":{"line":162,"column":46}},"locations":[{"start":{"line":161,"column":40},"end":{"line":162,"column":46}}]}},"b":{"0":[1],"1":[1],"2":[15],"3":[0],"4":[0],"5":[0],"6":[1],"7":[3],"8":[0],"9":[2],"10":[1],"11":[0],"12":[0],"13":[0],"14":[4],"15":[12],"16":[0],"17":[3],"18":[3],"19":[3],"20":[3],"21":[3]},"fnMap":{"0":{"name":"Object.<anonymous>","decl":{"start":{"line":1,"column":0},"end":{"line":174,"column":52}},"loc":{"start":{"line":1,"column":0},"end":{"line":174,"column":52}},"line":1},"1":{"name":"getContentWidth","decl":{"start":{"line":12,"column":0},"end":{"line":27,"column":1}},"loc":{"start":{"line":12,"column":0},"end":{"line":27,"column":1}},"line":12},"2":{"name":"calculateHeaderWidths","decl":{"start":{"line":37,"column":0},"end":{"line":53,"column":1}},"loc":{"start":{"line":37,"column":0},"end":{"line":53,"column":1}},"line":37},"3":{"name":"generateColumnWidths","decl":{"start":{"line":59,"column":0},"end":{"line":173,"column":1}},"loc":{"start":{"line":59,"column":0},"end":{"line":173,"column":1}},"line":59}},"f":{"0":1,"1":15,"2":1,"3":2}}
,"/Users/matt/dev/pdfTableLib/DrawTable/build/src/helpers/drawContent.js": {"path":"/Users/matt/dev/pdfTableLib/DrawTable/build/src/helpers/drawContent.js","all":false,"statementMap":{"0":{"start":{"line":1,"column":0},"end":{"line":1,"column":13}},"1":{"start":{"line":2,"column":0},"end":{"line":2,"column":15}},"2":{"start":{"line":3,"column":0},"end":{"line":3,"column":29}},"3":{"start":{"line":4,"column":0},"end":{"line":4,"column":48}},"4":{"start":{"line":5,"column":0},"end":{"line":5,"column":27}},"5":{"start":{"line":6,"column":0},"end":{"line":6,"column":31}},"6":{"start":{"line":7,"column":0},"end":{"line":7,"column":15}},"7":{"start":{"line":8,"column":0},"end":{"line":8,"column":36}},"8":{"start":{"line":9,"column":0},"end":{"line":9,"column":27}},"9":{"start":{"line":10,"column":0},"end":{"line":10,"column":13}},"10":{"start":{"line":11,"column":0},"end":{"line":11,"column":5}},"11":{"start":{"line":12,"column":0},"end":{"line":12,"column":64}},"12":{"start":{"line":13,"column":0},"end":{"line":13,"column":33}},"13":{"start":{"line":14,"column":0},"end":{"line":14,"column":13}},"14":{"start":{"line":15,"column":0},"end":{"line":15,"column":38}},"15":{"start":{"line":16,"column":0},"end":{"line":16,"column":21}},"16":{"start":{"line":17,"column":0},"end":{"line":17,"column":20}},"17":{"start":{"line":18,"column":0},"end":{"line":18,"column":9}},"18":{"start":{"line":19,"column":0},"end":{"line":19,"column":7}},"19":{"start":{"line":20,"column":0},"end":{"line":20,"column":32}},"20":{"start":{"line":21,"column":0},"end":{"line":21,"column":13}},"21":{"start":{"line":22,"column":0},"end":{"line":22,"column":42}},"22":{"start":{"line":23,"column":0},"end":{"line":23,"column":21}},"23":{"start":{"line":24,"column":0},"end":{"line":24,"column":20}},"24":{"start":{"line":25,"column":0},"end":{"line":25,"column":9}},"25":{"start":{"line":26,"column":0},"end":{"line":26,"column":7}},"26":{"start":{"line":27,"column":0},"end":{"line":27,"column":29}},"27":{"start":{"line":28,"column":0},"end":{"line":28,"column":19}},"28":{"start":{"line":29,"column":0},"end":{"line":29,"column":33}},"29":{"start":{"line":30,"column":0},"end":{"line":30,"column":58}},"30":{"start":{"line":31,"column":0},"end":{"line":31,"column":7}},"31":{"start":{"line":32,"column":0},"end":{"line":32,"column":76}},"32":{"start":{"line":33,"column":0},"end":{"line":33,"column":7}},"33":{"start":{"line":34,"column":0},"end":{"line":34,"column":4}},"34":{"start":{"line":35,"column":0},"end":{"line":35,"column":62}},"35":{"start":{"line":36,"column":0},"end":{"line":36,"column":29}},"36":{"start":{"line":37,"column":0},"end":{"line":37,"column":37}},"37":{"start":{"line":38,"column":0},"end":{"line":38,"column":33}},"38":{"start":{"line":39,"column":0},"end":{"line":39,"column":37}},"39":{"start":{"line":40,"column":0},"end":{"line":40,"column":3}},"40":{"start":{"line":41,"column":0},"end":{"line":41,"column":56}},"41":{"start":{"line":42,"column":0},"end":{"line":42,"column":2}},"42":{"start":{"line":43,"column":0},"end":{"line":43,"column":53}},"43":{"start":{"line":44,"column":0},"end":{"line":44,"column":45}},"44":{"start":{"line":45,"column":0},"end":{"line":45,"column":46}},"45":{"start":{"line":46,"column":0},"end":{"line":46,"column":46}},"46":{"start":{"line":47,"column":0},"end":{"line":47,"column":43}},"47":{"start":{"line":48,"column":0},"end":{"line":48,"column":51}},"48":{"start":{"line":49,"column":0},"end":{"line":49,"column":60}},"49":{"start":{"line":50,"column":0},"end":{"line":50,"column":53}},"50":{"start":{"line":51,"column":0},"end":{"line":51,"column":54}},"51":{"start":{"line":52,"column":0},"end":{"line":52,"column":57}},"52":{"start":{"line":53,"column":0},"end":{"line":53,"column":64}},"53":{"start":{"line":54,"column":0},"end":{"line":54,"column":69}},"54":{"start":{"line":55,"column":0},"end":{"line":55,"column":65}},"55":{"start":{"line":56,"column":0},"end":{"line":56,"column":71}},"56":{"start":{"line":57,"column":0},"end":{"line":57,"column":2}},"57":{"start":{"line":58,"column":0},"end":{"line":58,"column":44}},"58":{"start":{"line":59,"column":0},"end":{"line":59,"column":3}},"59":{"start":{"line":60,"column":0},"end":{"line":60,"column":21}},"60":{"start":{"line":61,"column":0},"end":{"line":61,"column":7}},"61":{"start":{"line":62,"column":0},"end":{"line":62,"column":10}},"62":{"start":{"line":63,"column":0},"end":{"line":63,"column":4}},"63":{"start":{"line":64,"column":0},"end":{"line":64,"column":4}},"64":{"start":{"line":65,"column":0},"end":{"line":65,"column":8}},"65":{"start":{"line":66,"column":0},"end":{"line":66,"column":7}},"66":{"start":{"line":67,"column":0},"end":{"line":67,"column":11}},"67":{"start":{"line":68,"column":0},"end":{"line":68,"column":8}},"68":{"start":{"line":69,"column":0},"end":{"line":69,"column":12}},"69":{"start":{"line":70,"column":0},"end":{"line":70,"column":12}},"70":{"start":{"line":71,"column":0},"end":{"line":71,"column":13}},"71":{"start":{"line":72,"column":0},"end":{"line":72,"column":19}},"72":{"start":{"line":73,"column":0},"end":{"line":73,"column":17}},"73":{"start":{"line":74,"column":0},"end":{"line":74,"column":13}},"74":{"start":{"line":75,"column":0},"end":{"line":75,"column":3}},"75":{"start":{"line":76,"column":0},"end":{"line":76,"column":55}},"76":{"start":{"line":77,"column":0},"end":{"line":77,"column":9}},"77":{"start":{"line":78,"column":0},"end":{"line":78,"column":29}},"78":{"start":{"line":79,"column":0},"end":{"line":79,"column":67}},"79":{"start":{"line":80,"column":0},"end":{"line":80,"column":20}},"80":{"start":{"line":81,"column":0},"end":{"line":81,"column":64}},"81":{"start":{"line":82,"column":0},"end":{"line":82,"column":21}},"82":{"start":{"line":83,"column":0},"end":{"line":83,"column":32}},"83":{"start":{"line":84,"column":0},"end":{"line":84,"column":49}},"84":{"start":{"line":85,"column":0},"end":{"line":85,"column":20}},"85":{"start":{"line":86,"column":0},"end":{"line":86,"column":39}},"86":{"start":{"line":87,"column":0},"end":{"line":87,"column":28}},"87":{"start":{"line":88,"column":0},"end":{"line":88,"column":35}},"88":{"start":{"line":89,"column":0},"end":{"line":89,"column":10}},"89":{"start":{"line":90,"column":0},"end":{"line":90,"column":69}},"90":{"start":{"line":91,"column":0},"end":{"line":91,"column":27}},"91":{"start":{"line":92,"column":0},"end":{"line":92,"column":71}},"92":{"start":{"line":93,"column":0},"end":{"line":93,"column":21}},"93":{"start":{"line":94,"column":0},"end":{"line":94,"column":41}},"94":{"start":{"line":95,"column":0},"end":{"line":95,"column":66}},"95":{"start":{"line":96,"column":0},"end":{"line":96,"column":17}},"96":{"start":{"line":97,"column":0},"end":{"line":97,"column":37}},"97":{"start":{"line":98,"column":0},"end":{"line":98,"column":12}},"98":{"start":{"line":99,"column":0},"end":{"line":99,"column":77}},"99":{"start":{"line":100,"column":0},"end":{"line":100,"column":40}},"100":{"start":{"line":101,"column":0},"end":{"line":101,"column":14}},"101":{"start":{"line":102,"column":0},"end":{"line":102,"column":18}},"102":{"start":{"line":103,"column":0},"end":{"line":103,"column":29}},"103":{"start":{"line":104,"column":0},"end":{"line":104,"column":27}},"104":{"start":{"line":105,"column":0},"end":{"line":105,"column":18}},"105":{"start":{"line":106,"column":0},"end":{"line":106,"column":22}},"106":{"start":{"line":107,"column":0},"end":{"line":107,"column":23}},"107":{"start":{"line":108,"column":0},"end":{"line":108,"column":12}},"108":{"start":{"line":109,"column":0},"end":{"line":109,"column":31}},"109":{"start":{"line":110,"column":0},"end":{"line":110,"column":21}},"110":{"start":{"line":111,"column":0},"end":{"line":111,"column":26}},"111":{"start":{"line":112,"column":0},"end":{"line":112,"column":44}},"112":{"start":{"line":113,"column":0},"end":{"line":113,"column":36}},"113":{"start":{"line":114,"column":0},"end":{"line":114,"column":43}},"114":{"start":{"line":115,"column":0},"end":{"line":115,"column":13}},"115":{"start":{"line":116,"column":0},"end":{"line":116,"column":31}},"116":{"start":{"line":117,"column":0},"end":{"line":117,"column":9}},"117":{"start":{"line":118,"column":0},"end":{"line":118,"column":48}},"118":{"start":{"line":119,"column":0},"end":{"line":119,"column":7}},"119":{"start":{"line":120,"column":0},"end":{"line":120,"column":30}},"120":{"start":{"line":121,"column":0},"end":{"line":121,"column":42}},"121":{"start":{"line":122,"column":0},"end":{"line":122,"column":18}},"122":{"start":{"line":123,"column":0},"end":{"line":123,"column":27}},"123":{"start":{"line":124,"column":0},"end":{"line":124,"column":42}},"124":{"start":{"line":125,"column":0},"end":{"line":125,"column":56}},"125":{"start":{"line":126,"column":0},"end":{"line":126,"column":33}},"126":{"start":{"line":127,"column":0},"end":{"line":127,"column":59}},"127":{"start":{"line":128,"column":0},"end":{"line":128,"column":72}},"128":{"start":{"line":129,"column":0},"end":{"line":129,"column":53}},"129":{"start":{"line":130,"column":0},"end":{"line":130,"column":16}},"130":{"start":{"line":131,"column":0},"end":{"line":131,"column":26}},"131":{"start":{"line":132,"column":0},"end":{"line":132,"column":72}},"132":{"start":{"line":133,"column":0},"end":{"line":133,"column":12}},"133":{"start":{"line":134,"column":0},"end":{"line":134,"column":9}},"134":{"start":{"line":135,"column":0},"end":{"line":135,"column":37}},"135":{"start":{"line":136,"column":0},"end":{"line":136,"column":72}},"136":{"start":{"line":137,"column":0},"end":{"line":137,"column":26}},"137":{"start":{"line":138,"column":0},"end":{"line":138,"column":41}},"138":{"start":{"line":139,"column":0},"end":{"line":139,"column":10}},"139":{"start":{"line":140,"column":0},"end":{"line":140,"column":55}},"140":{"start":{"line":141,"column":0},"end":{"line":141,"column":53}},"141":{"start":{"line":142,"column":0},"end":{"line":142,"column":69}},"142":{"start":{"line":143,"column":0},"end":{"line":143,"column":69}},"143":{"start":{"line":144,"column":0},"end":{"line":144,"column":41}},"144":{"start":{"line":145,"column":0},"end":{"line":145,"column":12}},"145":{"start":{"line":146,"column":0},"end":{"line":146,"column":12}},"146":{"start":{"line":147,"column":0},"end":{"line":147,"column":16}},"147":{"start":{"line":148,"column":0},"end":{"line":148,"column":20}},"148":{"start":{"line":149,"column":0},"end":{"line":149,"column":19}},"149":{"start":{"line":150,"column":0},"end":{"line":150,"column":54}},"150":{"start":{"line":151,"column":0},"end":{"line":151,"column":10}},"151":{"start":{"line":152,"column":0},"end":{"line":152,"column":41}},"152":{"start":{"line":153,"column":0},"end":{"line":153,"column":31}},"153":{"start":{"line":154,"column":0},"end":{"line":154,"column":18}},"154":{"start":{"line":155,"column":0},"end":{"line":155,"column":18}},"155":{"start":{"line":156,"column":0},"end":{"line":156,"column":26}},"156":{"start":{"line":157,"column":0},"end":{"line":157,"column":28}},"157":{"start":{"line":158,"column":0},"end":{"line":158,"column":11}},"158":{"start":{"line":159,"column":0},"end":{"line":159,"column":25}},"159":{"start":{"line":160,"column":0},"end":{"line":160,"column":7}},"160":{"start":{"line":161,"column":0},"end":{"line":161,"column":29}},"161":{"start":{"line":162,"column":0},"end":{"line":162,"column":41}},"162":{"start":{"line":163,"column":0},"end":{"line":163,"column":49}},"163":{"start":{"line":164,"column":0},"end":{"line":164,"column":23}},"164":{"start":{"line":165,"column":0},"end":{"line":165,"column":39}},"165":{"start":{"line":166,"column":0},"end":{"line":166,"column":31}},"166":{"start":{"line":167,"column":0},"end":{"line":167,"column":38}},"167":{"start":{"line":168,"column":0},"end":{"line":168,"column":10}},"168":{"start":{"line":169,"column":0},"end":{"line":169,"column":51}},"169":{"start":{"line":170,"column":0},"end":{"line":170,"column":27}},"170":{"start":{"line":171,"column":0},"end":{"line":171,"column":77}},"171":{"start":{"line":172,"column":0},"end":{"line":172,"column":21}},"172":{"start":{"line":173,"column":0},"end":{"line":173,"column":39}},"173":{"start":{"line":174,"column":0},"end":{"line":174,"column":17}},"174":{"start":{"line":175,"column":0},"end":{"line":175,"column":69}},"175":{"start":{"line":176,"column":0},"end":{"line":176,"column":17}},"176":{"start":{"line":177,"column":0},"end":{"line":177,"column":40}},"177":{"start":{"line":178,"column":0},"end":{"line":178,"column":12}},"178":{"start":{"line":179,"column":0},"end":{"line":179,"column":61}},"179":{"start":{"line":180,"column":0},"end":{"line":180,"column":40}},"180":{"start":{"line":181,"column":0},"end":{"line":181,"column":12}},"181":{"start":{"line":182,"column":0},"end":{"line":182,"column":77}},"182":{"start":{"line":183,"column":0},"end":{"line":183,"column":43}},"183":{"start":{"line":184,"column":0},"end":{"line":184,"column":14}},"184":{"start":{"line":185,"column":0},"end":{"line":185,"column":24}},"185":{"start":{"line":186,"column":0},"end":{"line":186,"column":29}},"186":{"start":{"line":187,"column":0},"end":{"line":187,"column":27}},"187":{"start":{"line":188,"column":0},"end":{"line":188,"column":18}},"188":{"start":{"line":189,"column":0},"end":{"line":189,"column":22}},"189":{"start":{"line":190,"column":0},"end":{"line":190,"column":23}},"190":{"start":{"line":191,"column":0},"end":{"line":191,"column":12}},"191":{"start":{"line":192,"column":0},"end":{"line":192,"column":39}},"192":{"start":{"line":193,"column":0},"end":{"line":193,"column":31}},"193":{"start":{"line":194,"column":0},"end":{"line":194,"column":21}},"194":{"start":{"line":195,"column":0},"end":{"line":195,"column":26}},"195":{"start":{"line":196,"column":0},"end":{"line":196,"column":47}},"196":{"start":{"line":197,"column":0},"end":{"line":197,"column":39}},"197":{"start":{"line":198,"column":0},"end":{"line":198,"column":50}},"198":{"start":{"line":199,"column":0},"end":{"line":199,"column":13}},"199":{"start":{"line":200,"column":0},"end":{"line":200,"column":60}},"200":{"start":{"line":201,"column":0},"end":{"line":201,"column":51}},"201":{"start":{"line":202,"column":0},"end":{"line":202,"column":83}},"202":{"start":{"line":203,"column":0},"end":{"line":203,"column":45}},"203":{"start":{"line":204,"column":0},"end":{"line":204,"column":26}},"204":{"start":{"line":205,"column":0},"end":{"line":205,"column":28}},"205":{"start":{"line":206,"column":0},"end":{"line":206,"
[...]
column":41}},"100":{"start":{"line":101,"column":0},"end":{"line":101,"column":33}},"101":{"start":{"line":102,"column":0},"end":{"line":102,"column":12}},"102":{"start":{"line":103,"column":0},"end":{"line":103,"column":12}},"103":{"start":{"line":104,"column":0},"end":{"line":104,"column":5}},"104":{"start":{"line":105,"column":0},"end":{"line":105,"column":3}},"105":{"start":{"line":106,"column":0},"end":{"line":106,"column":20}},"106":{"start":{"line":107,"column":0},"end":{"line":107,"column":1}},"107":{"start":{"line":108,"column":0},"end":{"line":108,"column":0}},"108":{"start":{"line":109,"column":0},"end":{"line":109,"column":129}},"109":{"start":{"line":110,"column":0},"end":{"line":110,"column":3}},"110":{"start":{"line":111,"column":0},"end":{"line":111,"column":84}},"111":{"start":{"line":112,"column":0},"end":{"line":112,"column":2}},"112":{"start":{"line":113,"column":0},"end":{"line":113,"column":87}},"113":{"start":{"line":114,"column":0},"end":{"line":114,"column":43}},"114":{"start":{"line":115,"column":0},"end":{"line":115,"column":43}},"115":{"start":{"line":116,"column":0},"end":{"line":116,"column":63}},"116":{"start":{"line":117,"column":0},"end":{"line":117,"column":3}},"117":{"start":{"line":118,"column":0},"end":{"line":118,"column":35}},"118":{"start":{"line":119,"column":0},"end":{"line":119,"column":28}},"119":{"start":{"line":120,"column":0},"end":{"line":120,"column":16}},"120":{"start":{"line":121,"column":0},"end":{"line":121,"column":16}},"121":{"start":{"line":122,"column":0},"end":{"line":122,"column":27}},"122":{"start":{"line":123,"column":0},"end":{"line":123,"column":25}},"123":{"start":{"line":124,"column":0},"end":{"line":124,"column":20}},"124":{"start":{"line":125,"column":0},"end":{"line":125,"column":20}},"125":{"start":{"line":126,"column":0},"end":{"line":126,"column":21}},"126":{"start":{"line":127,"column":0},"end":{"line":127,"column":29}},"127":{"start":{"line":128,"column":0},"end":{"line":128,"column":10}},"128":{"start":{"line":129,"column":0},"end":{"line":129,"column":16}},"129":{"start":{"line":130,"column":0},"end":{"line":130,"column":0}},"130":{"start":{"line":131,"column":0},"end":{"line":131,"column":54}},"131":{"start":{"line":132,"column":0},"end":{"line":132,"column":27}},"132":{"start":{"line":133,"column":0},"end":{"line":133,"column":46}},"133":{"start":{"line":134,"column":0},"end":{"line":134,"column":33}},"134":{"start":{"line":135,"column":0},"end":{"line":135,"column":57}},"135":{"start":{"line":136,"column":0},"end":{"line":136,"column":10}},"136":{"start":{"line":137,"column":0},"end":{"line":137,"column":32}},"137":{"start":{"line":138,"column":0},"end":{"line":138,"column":33}},"138":{"start":{"line":139,"column":0},"end":{"line":139,"column":3}},"139":{"start":{"line":140,"column":0},"end":{"line":140,"column":0}},"140":{"start":{"line":141,"column":0},"end":{"line":141,"column":59}},"141":{"start":{"line":142,"column":0},"end":{"line":142,"column":67}},"142":{"start":{"line":143,"column":0},"end":{"line":143,"column":18}},"143":{"start":{"line":144,"column":0},"end":{"line":144,"column":1}},"144":{"start":{"line":145,"column":0},"end":{"line":145,"column":0}},"145":{"start":{"line":146,"column":0},"end":{"line":146,"column":133}},"146":{"start":{"line":147,"column":0},"end":{"line":147,"column":36}},"147":{"start":{"line":148,"column":0},"end":{"line":148,"column":19}},"148":{"start":{"line":149,"column":0},"end":{"line":149,"column":12}},"149":{"start":{"line":150,"column":0},"end":{"line":150,"column":12}},"150":{"start":{"line":151,"column":0},"end":{"line":151,"column":16}},"151":{"start":{"line":152,"column":0},"end":{"line":152,"column":19}},"152":{"start":{"line":153,"column":0},"end":{"line":153,"column":20}},"153":{"start":{"line":154,"column":0},"end":{"line":154,"column":30}},"154":{"start":{"line":155,"column":0},"end":{"line":155,"column":29}},"155":{"start":{"line":156,"column":0},"end":{"line":156,"column":21}},"156":{"start":{"line":157,"column":0},"end":{"line":157,"column":37}},"157":{"start":{"line":158,"column":0},"end":{"line":158,"column":0}},"158":{"start":{"line":159,"column":0},"end":{"line":159,"column":54}},"159":{"start":{"line":160,"column":0},"end":{"line":160,"column":27}},"160":{"start":{"line":161,"column":0},"end":{"line":161,"column":40}},"161":{"start":{"line":162,"column":0},"end":{"line":162,"column":33}},"162":{"start":{"line":163,"column":0},"end":{"line":163,"column":53}},"163":{"start":{"line":164,"column":0},"end":{"line":164,"column":10}},"164":{"start":{"line":165,"column":0},"end":{"line":165,"column":32}},"165":{"start":{"line":166,"column":0},"end":{"line":166,"column":34}},"166":{"start":{"line":167,"column":0},"end":{"line":167,"column":3}},"167":{"start":{"line":168,"column":0},"end":{"line":168,"column":22}},"168":{"start":{"line":169,"column":0},"end":{"line":169,"column":0}},"169":{"start":{"line":170,"column":0},"end":{"line":170,"column":32}},"170":{"start":{"line":171,"column":0},"end":{"line":171,"column":1}}},"s":{"0":1,"1":1,"2":1,"3":1,"4":1,"5":1,"6":1,"7":1,"8":1,"9":1,"10":1,"11":1,"12":12,"13":12,"14":12,"15":1,"16":0,"17":0,"18":0,"19":1,"20":12,"21":12,"22":12,"23":1,"24":1,"25":14,"26":14,"27":14,"28":14,"29":14,"30":14,"31":14,"32":14,"33":14,"34":14,"35":14,"36":14,"37":14,"38":14,"39":14,"40":14,"41":14,"42":14,"43":14,"44":14,"45":14,"46":14,"47":1,"48":1,"49":18,"50":18,"51":18,"52":18,"53":18,"54":18,"55":18,"56":18,"57":18,"58":18,"59":18,"60":18,"61":18,"62":18,"63":18,"64":18,"65":18,"66":18,"67":0,"68":0,"69":0,"70":0,"71":0,"72":0,"73":0,"74":0,"75":0,"76":0,"77":0,"78":0,"79":18,"80":18,"81":18,"82":18,"83":18,"84":18,"85":18,"86":18,"87":1,"88":0,"89":0,"90":0,"91":0,"92":0,"93":0,"94":0,"95":0,"96":0,"97":0,"98":0,"99":0,"100":0,"101":0,"102":0,"103":0,"104":0,"105":0,"106":0,"107":1,"108":1,"109":1,"110":1,"111":1,"112":1,"113":1,"114":1,"115":1,"116":1,"117":6,"118":6,"119":6,"120":6,"121":6,"122":6,"123":6,"124":6,"125":6,"126":6,"127":6,"128":6,"129":6,"130":6,"131":6,"132":0,"133":6,"134":0,"135":6,"136":6,"137":6,"138":6,"139":6,"140":6,"141":6,"142":6,"143":6,"144":1,"145":1,"146":0,"147":0,"148":0,"149":0,"150":0,"151":0,"152":0,"153":0,"154":0,"155":0,"156":0,"157":0,"158":0,"159":0,"160":0,"161":0,"162":0,"163":0,"164":0,"165":0,"166":0,"167":0,"168":0,"169":0,"170":0},"branchMap":{"0":{"type":"branch","line":13,"loc":{"start":{"line":13,"column":0},"end":{"line":15,"column":1}},"locations":[{"start":{"line":13,"column":0},"end":{"line":15,"column":1}}]},"1":{"type":"branch","line":21,"loc":{"start":{"line":21,"column":0},"end":{"line":23,"column":1}},"locations":[{"start":{"line":21,"column":0},"end":{"line":23,"column":1}}]},"2":{"type":"branch","line":22,"loc":{"start":{"line":22,"column":39},"end":{"line":22,"column":72}},"locations":[{"start":{"line":22,"column":39},"end":{"line":22,"column":72}}]},"3":{"type":"branch","line":26,"loc":{"start":{"line":26,"column":0},"end":{"line":47,"column":1}},"locations":[{"start":{"line":26,"column":0},"end":{"line":47,"column":1}}]},"4":{"type":"branch","line":50,"loc":{"start":{"line":50,"column":0},"end":{"line":87,"column":1}},"locations":[{"start":{"line":50,"column":0},"end":{"line":87,"column":1}}]},"5":{"type":"branch","line":62,"loc":{"start":{"line":62,"column":46},"end":{"line":62,"column":72}},"locations":[{"start":{"line":62,"column":46},"end":{"line":62,"column":72}}]},"6":{"type":"branch","line":67,"loc":{"start":{"line":67,"column":5},"end":{"line":79,"column":5}},"locations":[{"start":{"line":67,"column":5},"end":{"line":79,"column":5}}]},"7":{"type":"branch","line":118,"loc":{"start":{"line":118,"column":0},"end":{"line":144,"column":1}},"locations":[{"start":{"line":118,"column":0},"end":{"line":144,"column":1}}]},"8":{"type":"branch","line":132,"loc":{"start":{"line":132,"column":26},"end":{"line":134,"column":9}},"locations":[{"start":{"line":132,"column":26},"end":{"line":134,"column":9}}]},"9":{"type":"branch","line":134,"loc":{"start":{"line":134,"column":32},"end":{"line":136,"column":9}},"locations":[{"start":{"line":134,"column":32},"end":{"line":136,"column":9}}]}},"b":{"0":[12],"1":[12],"2":[0],"3":[14],"4":[18],"5":[0],"6":[0],"7":[6],"8":[0],"9":[0]},"fnMap":{"0":{"name":"isCustomStyledText","decl":{"start":{"line":13,"column":0},"end":{"line":15,"column":1}},"loc":{"start":{"line":13,"column":0},"end":{"line":15,"column":1}},"line":13},"1":{"name":"isImage","decl":{"start":{"line":17,"column":0},"end":{"line":19,"column":1}},"loc":{"start":{"line":17,"column":0},"end":{"line":19,"column":1}},"line":17},"2":{"name":"isLink","decl":{"start":{"line":21,"column":0},"end":{"line":23,"column":1}},"loc":{"start":{"line":21,"column":0},"end":{"line":23,"column":1}},"line":21},"3":{"name":"drawBorder","decl":{"start":{"line":26,"column":0},"end":{"line":47,"column":1}},"loc":{"start":{"line":26,"column":0},"end":{"line":47,"column":1}},"line":26},"4":{"name":"wrapText","decl":{"start":{"line":50,"column":0},"end":{"line":87,"column":1}},"loc":{"start":{"line":50,"column":0},"end":{"line":87,"column":1}},"line":50},"5":{"name":"breakWord","decl":{"start":{"line":89,"column":0},"end":{"line":107,"column":1}},"loc":{"start":{"line":89,"column":0},"end":{"line":107,"column":1}},"line":89},"6":{"name":"getTextCoordinates","decl":{"start":{"line":118,"column":0},"end":{"line":144,"column":1}},"loc":{"start":{"line":118,"column":0},"end":{"line":144,"column":1}},"line":118},"7":{"name":"getImageCoordinates","decl":{"start":{"line":147,"column":0},"end":{"line":171,"column":1}},"loc":{"start":{"line":147,"column":0},"end":{"line":171,"column":1}},"line":147}},"f":{"0":12,"1":0,"2":12,"3":14,"4":18,"5":0,"6":6,"7":0}}
,"/Users/matt/dev/pdfTableLib/DrawTable/src/helpers/validateAndConvert.ts": {"path":"/Users/matt/dev/pdfTableLib/DrawTable/src/helpers/validateAndConvert.ts","all":false,"statementMap":{"0":{"start":{"line":1,"column":0},"end":{"line":1,"column":8}},"1":{"start":{"line":2,"column":0},"end":{"line":2,"column":35}},"2":{"start":{"line":3,"column":0},"end":{"line":3,"column":14}},"3":{"start":{"line":4,"column":0},"end":{"line":4,"column":14}},"4":{"start":{"line":5,"column":0},"end":{"line":5,"column":21}},"5":{"start":{"line":6,"column":0},"end":{"line":6,"column":0}},"6":{"start":{"line":7,"column":0},"end":{"line":7,"column":43}},"7":{"start":{"line":8,"column":0},"end":{"line":8,"column":41}},"8":{"start":{"line":9,"column":0},"end":{"line":9,"column":29}},"9":{"start":{"line":10,"column":0},"end":{"line":10,"column":43}},"10":{"start":{"line":11,"column":0},"end":{"line":11,"column":49}},"11":{"start":{"line":12,"column":0},"end":{"line":12,"column":0}},"12":{"start":{"line":13,"column":0},"end":{"line":13,"column":59}},"13":{"start":{"line":14,"column":0},"end":{"line":14,"column":73}},"14":{"start":{"line":15,"column":0},"end":{"line":15,"column":5}},"15":{"start":{"line":16,"column":0},"end":{"line":16,"column":0}},"16":{"start":{"line":17,"column":0},"end":{"line":17,"column":27}},"17":{"start":{"line":18,"column":0},"end":{"line":18,"column":41}},"18":{"start":{"line":19,"column":0},"end":{"line":19,"column":66}},"19":{"start":{"line":20,"column":0},"end":{"line":20,"column":0}},"20":{"start":{"line":21,"column":0},"end":{"line":21,"column":50}},"21":{"start":{"line":22,"column":0},"end":{"line":22,"column":30}},"22":{"start":{"line":23,"column":0},"end":{"line":23,"column":27}},"23":{"start":{"line":24,"column":0},"end":{"line":24,"column":51}},"24":{"start":{"line":25,"column":0},"end":{"line":25,"column":0}},"25":{"start":{"line":26,"column":0},"end":{"line":26,"column":43}},"26":{"start":{"line":27,"column":0},"end":{"line":27,"column":42}},"27":{"start":{"line":28,"column":0},"end":{"line":28,"column":0}},"28":{"start":{"line":29,"column":0},"end":{"line":29,"column":51}},"29":{"start":{"line":30,"column":0},"end":{"line":30,"column":39}},"30":{"start":{"line":31,"column":0},"end":{"line":31,"column":21}},"31":{"start":{"line":32,"column":0},"end":{"line":32,"column":31}},"32":{"start":{"line":33,"column":0},"end":{"line":33,"column":11}},"33":{"start":{"line":34,"column":0},"end":{"line":34,"column":9}},"34":{"start":{"line":35,"column":0},"end":{"line":35,"column":39}},"35":{"start":{"line":36,"column":0},"end":{"line":36,"column":7}},"36":{"start":{"line":37,"column":0},"end":{"line":37,"column":0}},"37":{"start":{"line":38,"column":0},"end":{"line":38,"column":30}},"38":{"start":{"line":39,"column":0},"end":{"line":39,"column":6}},"39":{"start":{"line":40,"column":0},"end":{"line":40,"column":0}},"40":{"start":{"line":41,"column":0},"end":{"line":41,"column":63}},"41":{"start":{"line":42,"column":0},"end":{"line":42,"column":63}},"42":{"start":{"line":43,"column":0},"end":{"line":43,"column":0}},"43":{"start":{"line":44,"column":0},"end":{"line":44,"column":74}},"44":{"start":{"line":45,"column":0},"end":{"line":45,"column":79}},"45":{"start":{"line":46,"column":0},"end":{"line":46,"column":73}},"46":{"start":{"line":47,"column":0},"end":{"line":47,"column":0}},"47":{"start":{"line":48,"column":0},"end":{"line":48,"column":43}},"48":{"start":{"line":49,"column":0},"end":{"line":49,"column":73}},"49":{"start":{"line":50,"column":0},"end":{"line":50,"column":7}},"50":{"start":{"line":51,"column":0},"end":{"line":51,"column":0}},"51":{"start":{"line":52,"column":0},"end":{"line":52,"column":53}},"52":{"start":{"line":53,"column":0},"end":{"line":53,"column":43}},"53":{"start":{"line":54,"column":0},"end":{"line":54,"column":17}},"54":{"start":{"line":55,"column":0},"end":{"line":55,"column":77}},"55":{"start":{"line":56,"column":0},"end":{"line":56,"column":12}},"56":{"start":{"line":57,"column":0},"end":{"line":57,"column":9}},"57":{"start":{"line":58,"column":0},"end":{"line":58,"column":0}},"58":{"start":{"line":59,"column":0},"end":{"line":59,"column":24}},"59":{"start":{"line":60,"column":0},"end":{"line":60,"column":78}},"60":{"start":{"line":61,"column":0},"end":{"line":61,"column":50}},"61":{"start":{"line":62,"column":0},"end":{"line":62,"column":17}},"62":{"start":{"line":63,"column":0},"end":{"line":63,"column":78}},"63":{"start":{"line":64,"column":0},"end":{"line":64,"column":12}},"64":{"start":{"line":65,"column":0},"end":{"line":65,"column":9}},"65":{"start":{"line":66,"column":0},"end":{"line":66,"column":0}},"66":{"start":{"line":67,"column":0},"end":{"line":67,"column":19}},"67":{"start":{"line":68,"column":0},"end":{"line":68,"column":9}},"68":{"start":{"line":69,"column":0},"end":{"line":69,"column":0}},"69":{"start":{"line":70,"column":0},"end":{"line":70,"column":25}},"70":{"start":{"line":71,"column":0},"end":{"line":71,"column":6}},"71":{"start":{"line":72,"column":0},"end":{"line":72,"column":0}},"72":{"start":{"line":73,"column":0},"end":{"line":73,"column":48}},"73":{"start":{"line":74,"column":0},"end":{"line":74,"column":50}},"74":{"start":{"line":75,"column":0},"end":{"line":75,"column":13}},"75":{"start":{"line":76,"column":0},"end":{"line":76,"column":70}},"76":{"start":{"line":77,"column":0},"end":{"line":77,"column":0}},"77":{"start":{"line":78,"column":0},"end":{"line":78,"column":37}},"78":{"start":{"line":79,"column":0},"end":{"line":79,"column":5}},"79":{"start":{"line":80,"column":0},"end":{"line":80,"column":1}},"80":{"start":{"line":81,"column":0},"end":{"line":81,"column":0}},"81":{"start":{"line":82,"column":0},"end":{"line":82,"column":43}}},"s":{"0":1,"1":1,"2":1,"3":1,"4":1,"5":1,"6":3,"7":3,"8":3,"9":3,"10":3,"11":3,"12":3,"13":0,"14":0,"15":3,"16":3,"17":3,"18":3,"19":3,"20":3,"21":0,"22":0,"23":0,"24":0,"25":0,"26":0,"27":0,"28":0,"29":0,"30":0,"31":0,"32":0,"33":0,"34":0,"35":0,"36":0,"37":0,"38":3,"39":3,"40":3,"41":3,"42":3,"43":3,"44":3,"45":3,"46":3,"47":3,"48":0,"49":0,"50":3,"51":3,"52":8,"53":0,"54":0,"55":0,"56":0,"57":8,"58":8,"59":8,"60":8,"61":0,"62":0,"63":0,"64":0,"65":0,"66":0,"67":3,"68":3,"69":3,"70":3,"71":3,"72":3,"73":3,"74":3,"75":3,"76":3,"77":3,"78":3,"79":3,"80":1,"81":1},"branchMap":{"0":{"type":"branch","line":7,"loc":{"start":{"line":7,"column":0},"end":{"line":80,"column":1}},"locations":[{"start":{"line":7,"column":0},"end":{"line":80,"column":1}}]},"1":{"type":"branch","line":10,"loc":{"start":{"line":10,"column":21},"end":{"line":79,"column":3}},"locations":[{"start":{"line":10,"column":21},"end":{"line":79,"column":3}}]},"2":{"type":"branch","line":13,"loc":{"start":{"line":13,"column":28},"end":{"line":13,"column":56}},"locations":[{"start":{"line":13,"column":28},"end":{"line":13,"column":56}}]},"3":{"type":"branch","line":13,"loc":{"start":{"line":13,"column":58},"end":{"line":15,"column":5}},"locations":[{"start":{"line":13,"column":58},"end":{"line":15,"column":5}}]},"4":{"type":"branch","line":74,"loc":{"start":{"line":74,"column":6},"end":{"line":74,"column":50}},"locations":[{"start":{"line":74,"column":6},"end":{"line":74,"column":50}}]},"5":{"type":"branch","line":17,"loc":{"start":{"line":17,"column":26},"end":{"line":19,"column":65}},"locations":[{"start":{"line":17,"column":26},"end":{"line":19,"column":65}}]},"6":{"type":"branch","line":19,"loc":{"start":{"line":19,"column":47},"end":{"line":19,"column":65}},"locations":[{"start":{"line":19,"column":47},"end":{"line":19,"column":65}}]},"7":{"type":"branch","line":41,"loc":{"start":{"line":41,"column":28},"end":{"line":42,"column":62}},"locations":[{"start":{"line":41,"column":28},"end":{"line":42,"column":62}}]},"8":{"type":"branch","line":42,"loc":{"start":{"line":42,"column":19},"end":{"line":42,"column":58}},"locations":[{"start":{"line":42,"column":19},"end":{"line":42,"column":58}}]},"9":{"type":"branch","line":44,"loc":{"start":{"line":44,"column":28},"end":{"line":71,"column":5}},"locations":[{"start":{"line":44,"column":28},"end":{"line":71,"column":5}}]},"10":{"type":"branch","line":45,"loc":{"start":{"line":45,"column":70},"end":{"line":45,"column":77}},"locations":[{"start":{"line":45,"column":70},"end":{"line":45,"column":77}}]},"11":{"type":"branch","line":46,"loc":{"start":{"line":46,"column":58},"end":{"line":46,"column":72}},"locations":[{"start":{"line":46,"column":58},"end":{"line":46,"column":72}}]},"12":{"type":"branch","line":48,"loc":{"start":{"line":48,"column":42},"end":{"line":50,"column":7}},"locations":[{"start":{"line":48,"column":42},"end":{"line":50,"column":7}}]},"13":{"type":"branch","line":52,"loc":{"start":{"line":52,"column":36},"end":{"line":68,"column":7}},"locations":[{"start":{"line":52,"column":36},"end":{"line":68,"column":7}}]},"14":{"type":"branch","line":53,"loc":{"start":{"line":53,"column":42},"end":{"line":57,"column":9}},"locations":[{"start":{"line":53,"column":42},"end":{"line":57,"column":9}}]},"15":{"type":"branch","line":61,"loc":{"start":{"line":61,"column":9},"end":{"line":68,"column":7}},"locations":[{"start":{"line":61,"column":9},"end":{"line":68,"column":7}}]}},"b":{"0":[3],"1":[3],"2":[0],"3":[0],"4":[0],"5":[3],"6":[0],"7":[3],"8":[5],"9":[3],"10":[0],"11":[0],"12":[0],"13":[8],"14":[0],"15":[0]},"fnMap":{"0":{"name":"validateAndConvertTableData","decl":{"start":{"line":7,"column":0},"end":{"line":80,"column":1}},"loc":{"start":{"line":7,"column":0},"end":{"line":80,"column":1}},"line":7},"1":{"name":"isTableObject","decl":{"start":{"line":17,"column":26},"end":{"line":19,"column":65}},"loc":{"start":{"line":17,"column":26},"end":{"line":19,"column":65}},"line":17},"2":{"name":"convertTableObjectToCellContentArray","decl":{"start":{"line":21,"column":49},"end":{"line":39,"column":5}},"loc":{"start":{"line":21,"column":49},"end":{"line":39,"column":5}},"line":21},"3":{"name":"getMaxRowLength","decl":{"start":{"line":41,"column":28},"end":{"line":42,"column":62}},"loc":{"start":{"line":41,"column":28},"end":{"line":42,"column":62}},"line":41},"4":{"name":"validateAndFill","decl":{"start":{"line":44,"column":28},"end":{"line":71,"column":5}},"loc":{"start":{"line":44,"column":28},"end":{"line":71,"column":5}},"line":44}},"f":{"0":3,"1":3,"2":0,"3":3,"4":3}}
}
