{
  "/Users/matt/dev/pdfTableLib/DrawTable/build/src/drawPDFTable.js": {
    "path": "/Users/matt/dev/pdfTableLib/DrawTable/build/src/drawPDFTable.js",
    "all": false,
    "statementMap": {
      "0": {
        "start": { "line": 1, "column": 0 },
        "end": { "line": 1, "column": 13 }
      },
      "1": {
        "start": { "line": 2, "column": 0 },
        "end": { "line": 2, "column": 90 }
      },
      "2": {
        "start": { "line": 3, "column": 0 },
        "end": { "line": 3, "column": 112 }
      },
      "3": {
        "start": { "line": 4, "column": 0 },
        "end": { "line": 4, "column": 64 }
      },
      "4": {
        "start": { "line": 5, "column": 0 },
        "end": { "line": 5, "column": 99 }
      },
      "5": {
        "start": { "line": 6, "column": 0 },
        "end": { "line": 6, "column": 102 }
      },
      "6": {
        "start": { "line": 7, "column": 0 },
        "end": { "line": 7, "column": 118 }
      },
      "7": {
        "start": { "line": 8, "column": 0 },
        "end": { "line": 8, "column": 78 }
      },
      "8": {
        "start": { "line": 9, "column": 0 },
        "end": { "line": 9, "column": 7 }
      },
      "9": {
        "start": { "line": 10, "column": 0 },
        "end": { "line": 10, "column": 2 }
      },
      "10": {
        "start": { "line": 11, "column": 0 },
        "end": { "line": 11, "column": 72 }
      },
      "11": {
        "start": { "line": 12, "column": 0 },
        "end": { "line": 12, "column": 62 }
      },
      "12": {
        "start": { "line": 13, "column": 0 },
        "end": { "line": 13, "column": 2 }
      },
      "13": {
        "start": { "line": 14, "column": 0 },
        "end": { "line": 14, "column": 62 }
      },
      "14": {
        "start": { "line": 15, "column": 0 },
        "end": { "line": 15, "column": 52 }
      },
      "15": {
        "start": { "line": 16, "column": 0 },
        "end": { "line": 16, "column": 37 }
      },
      "16": {
        "start": { "line": 17, "column": 0 },
        "end": { "line": 17, "column": 41 }
      },
      "17": {
        "start": { "line": 18, "column": 0 },
        "end": { "line": 18, "column": 57 }
      },
      "18": {
        "start": { "line": 19, "column": 0 },
        "end": { "line": 19, "column": 115 }
      },
      "19": {
        "start": { "line": 20, "column": 0 },
        "end": { "line": 20, "column": 55 }
      },
      "20": {
        "start": { "line": 21, "column": 0 },
        "end": { "line": 21, "column": 57 }
      },
      "21": {
        "start": { "line": 22, "column": 0 },
        "end": { "line": 22, "column": 55 }
      },
      "22": {
        "start": { "line": 23, "column": 0 },
        "end": { "line": 23, "column": 36 }
      },
      "23": {
        "start": { "line": 24, "column": 0 },
        "end": { "line": 24, "column": 32 }
      },
      "24": {
        "start": { "line": 25, "column": 0 },
        "end": { "line": 25, "column": 23 }
      },
      "25": {
        "start": { "line": 26, "column": 0 },
        "end": { "line": 26, "column": 25 }
      },
      "26": {
        "start": { "line": 27, "column": 0 },
        "end": { "line": 27, "column": 37 }
      },
      "27": {
        "start": { "line": 28, "column": 0 },
        "end": { "line": 28, "column": 5 }
      },
      "28": {
        "start": { "line": 29, "column": 0 },
        "end": { "line": 29, "column": 1 }
      },
      "29": {
        "start": { "line": 30, "column": 0 },
        "end": { "line": 30, "column": 40 }
      },
      "30": {
        "start": { "line": 31, "column": 0 },
        "end": { "line": 31, "column": 3 }
      },
      "31": {
        "start": { "line": 32, "column": 0 },
        "end": { "line": 32, "column": 51 }
      },
      "32": {
        "start": { "line": 33, "column": 0 },
        "end": { "line": 33, "column": 2 }
      },
      "33": {
        "start": { "line": 34, "column": 0 },
        "end": { "line": 34, "column": 53 }
      },
      "34": {
        "start": { "line": 35, "column": 0 },
        "end": { "line": 35, "column": 48 }
      },
      "35": {
        "start": { "line": 36, "column": 0 },
        "end": { "line": 36, "column": 96 }
      },
      "36": {
        "start": { "line": 37, "column": 0 },
        "end": { "line": 37, "column": 63 }
      },
      "37": {
        "start": { "line": 38, "column": 0 },
        "end": { "line": 38, "column": 63 }
      },
      "38": {
        "start": { "line": 39, "column": 0 },
        "end": { "line": 39, "column": 82 }
      },
      "39": {
        "start": { "line": 40, "column": 0 },
        "end": { "line": 40, "column": 79 }
      },
      "40": {
        "start": { "line": 41, "column": 0 },
        "end": { "line": 41, "column": 94 }
      },
      "41": {
        "start": { "line": 42, "column": 0 },
        "end": { "line": 42, "column": 102 }
      },
      "42": {
        "start": { "line": 43, "column": 0 },
        "end": { "line": 43, "column": 84 }
      },
      "43": {
        "start": { "line": 44, "column": 0 },
        "end": { "line": 44, "column": 94 }
      },
      "44": {
        "start": { "line": 45, "column": 0 },
        "end": { "line": 45, "column": 88 }
      },
      "45": {
        "start": { "line": 46, "column": 0 },
        "end": { "line": 46, "column": 69 }
      },
      "46": {
        "start": { "line": 47, "column": 0 },
        "end": { "line": 47, "column": 60 }
      },
      "47": {
        "start": { "line": 48, "column": 0 },
        "end": { "line": 48, "column": 69 }
      },
      "48": {
        "start": { "line": 49, "column": 0 },
        "end": { "line": 49, "column": 66 }
      },
      "49": {
        "start": { "line": 50, "column": 0 },
        "end": { "line": 50, "column": 69 }
      },
      "50": {
        "start": { "line": 51, "column": 0 },
        "end": { "line": 51, "column": 73 }
      },
      "51": {
        "start": { "line": 52, "column": 0 },
        "end": { "line": 52, "column": 82 }
      },
      "52": {
        "start": { "line": 53, "column": 0 },
        "end": { "line": 53, "column": 74 }
      },
      "53": {
        "start": { "line": 54, "column": 0 },
        "end": { "line": 54, "column": 3 }
      },
      "54": {
        "start": { "line": 55, "column": 0 },
        "end": { "line": 55, "column": 67 }
      },
      "55": {
        "start": { "line": 56, "column": 0 },
        "end": { "line": 56, "column": 35 }
      },
      "56": {
        "start": { "line": 57, "column": 0 },
        "end": { "line": 57, "column": 57 }
      },
      "57": {
        "start": { "line": 58, "column": 0 },
        "end": { "line": 58, "column": 84 }
      },
      "58": {
        "start": { "line": 59, "column": 0 },
        "end": { "line": 59, "column": 98 }
      },
      "59": {
        "start": { "line": 60, "column": 0 },
        "end": { "line": 60, "column": 39 }
      },
      "60": {
        "start": { "line": 61, "column": 0 },
        "end": { "line": 61, "column": 156 }
      },
      "61": {
        "start": { "line": 62, "column": 0 },
        "end": { "line": 62, "column": 182 }
      },
      "62": {
        "start": { "line": 63, "column": 0 },
        "end": { "line": 63, "column": 31 }
      },
      "63": {
        "start": { "line": 64, "column": 0 },
        "end": { "line": 64, "column": 22 }
      },
      "64": {
        "start": { "line": 65, "column": 0 },
        "end": { "line": 65, "column": 13 }
      },
      "65": {
        "start": { "line": 66, "column": 0 },
        "end": { "line": 66, "column": 35 }
      },
      "66": {
        "start": { "line": 67, "column": 0 },
        "end": { "line": 67, "column": 65 }
      },
      "67": {
        "start": { "line": 68, "column": 0 },
        "end": { "line": 68, "column": 28 }
      },
      "68": {
        "start": { "line": 69, "column": 0 },
        "end": { "line": 69, "column": 47 }
      },
      "69": {
        "start": { "line": 70, "column": 0 },
        "end": { "line": 70, "column": 26 }
      },
      "70": {
        "start": { "line": 71, "column": 0 },
        "end": { "line": 71, "column": 15 }
      },
      "71": {
        "start": { "line": 72, "column": 0 },
        "end": { "line": 72, "column": 9 }
      },
      "72": {
        "start": { "line": 73, "column": 0 },
        "end": { "line": 73, "column": 23 }
      },
      "73": {
        "start": { "line": 74, "column": 0 },
        "end": { "line": 74, "column": 123 }
      },
      "74": {
        "start": { "line": 75, "column": 0 },
        "end": { "line": 75, "column": 9 }
      },
      "75": {
        "start": { "line": 76, "column": 0 },
        "end": { "line": 76, "column": 45 }
      },
      "76": {
        "start": { "line": 77, "column": 0 },
        "end": { "line": 77, "column": 47 }
      },
      "77": {
        "start": { "line": 78, "column": 0 },
        "end": { "line": 78, "column": 67 }
      },
      "78": {
        "start": { "line": 79, "column": 0 },
        "end": { "line": 79, "column": 160 }
      },
      "79": {
        "start": { "line": 80, "column": 0 },
        "end": { "line": 80, "column": 9 }
      },
      "80": {
        "start": { "line": 81, "column": 0 },
        "end": { "line": 81, "column": 42 }
      },
      "81": {
        "start": { "line": 82, "column": 0 },
        "end": { "line": 82, "column": 136 }
      },
      "82": {
        "start": { "line": 83, "column": 0 },
        "end": { "line": 83, "column": 111 }
      },
      "83": {
        "start": { "line": 84, "column": 0 },
        "end": { "line": 84, "column": 152 }
      },
      "84": {
        "start": { "line": 85, "column": 0 },
        "end": { "line": 85, "column": 9 }
      },
      "85": {
        "start": { "line": 86, "column": 0 },
        "end": { "line": 86, "column": 47 }
      },
      "86": {
        "start": { "line": 87, "column": 0 },
        "end": { "line": 87, "column": 75 }
      },
      "87": {
        "start": { "line": 88, "column": 0 },
        "end": { "line": 88, "column": 59 }
      },
      "88": {
        "start": { "line": 89, "column": 0 },
        "end": { "line": 89, "column": 76 }
      },
      "89": {
        "start": { "line": 90, "column": 0 },
        "end": { "line": 90, "column": 110 }
      },
      "90": {
        "start": { "line": 91, "column": 0 },
        "end": { "line": 91, "column": 35 }
      },
      "91": {
        "start": { "line": 92, "column": 0 },
        "end": { "line": 92, "column": 56 }
      },
      "92": {
        "start": { "line": 93, "column": 0 },
        "end": { "line": 93, "column": 98 }
      },
      "93": {
        "start": { "line": 94, "column": 0 },
        "end": { "line": 94, "column": 31 }
      },
      "94": {
        "start": { "line": 95, "column": 0 },
        "end": { "line": 95, "column": 26 }
      },
      "95": {
        "start": { "line": 96, "column": 0 },
        "end": { "line": 96, "column": 21 }
      },
      "96": {
        "start": { "line": 97, "column": 0 },
        "end": { "line": 97, "column": 25 }
      },
      "97": {
        "start": { "line": 98, "column": 0 },
        "end": { "line": 98, "column": 42 }
      },
      "98": {
        "start": { "line": 99, "column": 0 },
        "end": { "line": 99, "column": 47 }
      },
      "99": {
        "start": { "line": 100, "column": 0 },
        "end": { "line": 100, "column": 40 }
      },
      "100": {
        "start": { "line": 101, "column": 0 },
        "end": { "line": 101, "column": 51 }
      },
      "101": {
        "start": { "line": 102, "column": 0 },
        "end": { "line": 102, "column": 86 }
      },
      "102": {
        "start": { "line": 103, "column": 0 },
        "end": { "line": 103, "column": 32 }
      },
      "103": {
        "start": { "line": 104, "column": 0 },
        "end": { "line": 104, "column": 59 }
      },
      "104": {
        "start": { "line": 105, "column": 0 },
        "end": { "line": 105, "column": 87 }
      },
      "105": {
        "start": { "line": 106, "column": 0 },
        "end": { "line": 106, "column": 15 }
      },
      "106": {
        "start": { "line": 107, "column": 0 },
        "end": { "line": 107, "column": 37 }
      },
      "107": {
        "start": { "line": 108, "column": 0 },
        "end": { "line": 108, "column": 75 }
      },
      "108": {
        "start": { "line": 109, "column": 0 },
        "end": { "line": 109, "column": 41 }
      },
      "109": {
        "start": { "line": 110, "column": 0 },
        "end": { "line": 110, "column": 42 }
      },
      "110": {
        "start": { "line": 111, "column": 0 },
        "end": { "line": 111, "column": 121 }
      },
      "111": {
        "start": { "line": 112, "column": 0 },
        "end": { "line": 112, "column": 9 }
      },
      "112": {
        "start": { "line": 113, "column": 0 },
        "end": { "line": 113, "column": 534 }
      },
      "113": {
        "start": { "line": 114, "column": 0 },
        "end": { "line": 114, "column": 100 }
      },
      "114": {
        "start": { "line": 115, "column": 0 },
        "end": { "line": 115, "column": 42 }
      },
      "115": {
        "start": { "line": 116, "column": 0 },
        "end": { "line": 116, "column": 44 }
      },
      "116": {
        "start": { "line": 117, "column": 0 },
        "end": { "line": 117, "column": 123 }
      },
      "117": {
        "start": { "line": 118, "column": 0 },
        "end": { "line": 118, "column": 9 }
      },
      "118": {
        "start": { "line": 119, "column": 0 },
        "end": { "line": 119, "column": 30 }
      },
      "119": {
        "start": { "line": 120, "column": 0 },
        "end": { "line": 120, "column": 30 }
      },
      "120": {
        "start": { "line": 121, "column": 0 },
        "end": { "line": 121, "column": 163 }
      },
      "121": {
        "start": { "line": 122, "column": 0 },
        "end": { "line": 122, "column": 25 }
      },
      "122": {
        "start": { "line": 123, "column": 0 },
        "end": { "line": 123, "column": 88 }
      },
      "123": {
        "start": { "line": 124, "column": 0 },
        "end": { "line": 124, "column": 32 }
      },
      "124": {
        "start": { "line": 125, "column": 0 },
        "end": { "line": 125, "column": 47 }
      },
      "125": {
        "start": { "line": 126, "column": 0 },
        "end": { "line": 126, "column": 56 }
      },
      "126": {
        "start": { "line": 127, "column": 0 },
        "end": { "line": 127, "column": 13 }
      },
      "127": {
        "start": { "line": 128, "column": 0 },
        "end": { "line": 128, "column": 51 }
      },
      "128": {
        "start": { "line": 129, "column": 0 },
        "end": { "line": 129, "column": 50 }
      },
      "129": {
        "start": { "line": 130, "column": 0 },
        "end": { "line": 130, "column": 13 }
      },
      "130": {
        "start": { "line": 131, "column": 0 },
        "end": { "line": 131, "column": 39 }
      },
      "131": {
        "start": { "line": 132, "column": 0 },
        "end": { "line": 132, "column": 26 }
      },
      "132": {
        "start": { "line": 133, "column": 0 },
        "end": { "line": 133, "column": 45 }
      },
      "133": {
        "start": { "line": 134, "column": 0 },
        "end": { "line": 134, "column": 37 }
      },
      "134": {
        "start": { "line": 135, "column": 0 },
        "end": { "line": 135, "column": 33 }
      },
      "135": {
        "start": { "line": 136, "column": 0 },
        "end": { "line": 136, "column": 39 }
      },
      "136": {
        "start": { "line": 137, "column": 0 },
        "end": { "line": 137, "column": 15 }
      },
      "137": {
        "start": { "line": 138, "column": 0 },
        "end": { "line": 138, "column": 43 }
      },
      "138": {
        "start": { "line": 139, "column": 0 },
        "end": { "line": 139, "column": 9 }
      },
      "139": {
        "start": { "line": 140, "column": 0 },
        "end": { "line": 140, "column": 101 }
      },
      "140": {
        "start": { "line": 141, "column": 0 },
        "end": { "line": 141, "column": 29 }
      },
      "141": {
        "start": { "line": 142, "column": 0 },
        "end": { "line": 142, "column": 13 }
      },
      "142": {
        "start": { "line": 143, "column": 0 },
        "end": { "line": 143, "column": 55 }
      },
      "143": {
        "start": { "line": 144, "column": 0 },
        "end": { "line": 144, "column": 28 }
      },
      "144": {
        "start": { "line": 145, "column": 0 },
        "end": { "line": 145, "column": 9 }
      },
      "145": {
        "start": { "line": 146, "column": 0 },
        "end": { "line": 146, "column": 23 }
      },
      "146": {
        "start": { "line": 147, "column": 0 },
        "end": { "line": 147, "column": 86 }
      },
      "147": {
        "start": { "line": 148, "column": 0 },
        "end": { "line": 148, "column": 9 }
      },
      "148": {
        "start": { "line": 149, "column": 0 },
        "end": { "line": 149, "column": 158 }
      },
      "149": {
        "start": { "line": 150, "column": 0 },
        "end": { "line": 150, "column": 73 }
      },
      "150": {
        "start": { "line": 151, "column": 0 },
        "end": { "line": 151, "column": 113 }
      },
      "151": {
        "start": { "line": 152, "column": 0 },
        "end": { "line": 152, "column": 17 }
      },
      "152": {
        "start": { "line": 153, "column": 0 },
        "end": { "line": 153, "column": 52 }
      },
      "153": {
        "start": { "line": 154, "column": 0 },
        "end": { "line": 154, "column": 66 }
      },
      "154": {
        "start": { "line": 155, "column": 0 },
        "end": { "line": 155, "column": 289 }
      },
      "155": {
        "start": { "line": 156, "column": 0 },
        "end": { "line": 156, "column": 71 }
      },
      "156": {
        "start": { "line": 157, "column": 0 },
        "end": { "line": 157, "column": 37 }
      },
      "157": {
        "start": { "line": 158, "column": 0 },
        "end": { "line": 158, "column": 37 }
      },
      "158": {
        "start": { "line": 159, "column": 0 },
        "end": { "line": 159, "column": 79 }
      },
      "159": {
        "start": { "line": 160, "column": 0 },
        "end": { "line": 160, "column": 58 }
      },
      "160": {
        "start": { "line": 161, "column": 0 },
        "end": { "line": 161, "column": 68 }
      },
      "161": {
        "start": { "line": 162, "column": 0 },
        "end": { "line": 162, "column": 67 }
      },
      "162": {
        "start": { "line": 163, "column": 0 },
        "end": { "line": 163, "column": 78 }
      },
      "163": {
        "start": { "line": 164, "column": 0 },
        "end": { "line": 164, "column": 79 }
      },
      "164": {
        "start": { "line": 165, "column": 0 },
        "end": { "line": 165, "column": 87 }
      },
      "165": {
        "start": { "line": 166, "column": 0 },
        "end": { "line": 166, "column": 92 }
      },
      "166": {
        "start": { "line": 167, "column": 0 },
        "end": { "line": 167, "column": 58 }
      },
      "167": {
        "start": { "line": 168, "column": 0 },
        "end": { "line": 168, "column": 35 }
      },
      "168": {
        "start": { "line": 169, "column": 0 },
        "end": { "line": 169, "column": 44 }
      },
      "169": {
        "start": { "line": 170, "column": 0 },
        "end": { "line": 170, "column": 37 }
      },
      "170": {
        "start": { "line": 171, "column": 0 },
        "end": { "line": 171, "column": 49 }
      },
      "171": {
        "start": { "line": 172, "column": 0 },
        "end": { "line": 172, "column": 47 }
      },
      "172": {
        "start": { "line": 173, "column": 0 },
        "end": { "line": 173, "column": 46 }
      },
      "173": {
        "start": { "line": 174, "column": 0 },
        "end": { "line": 174, "column": 58 }
      },
      "174": {
        "start": { "line": 175, "column": 0 },
        "end": { "line": 175, "column": 54 }
      },
      "175": {
        "start": { "line": 176, "column": 0 },
        "end": { "line": 176, "column": 54 }
      },
      "176": {
        "start": { "line": 177, "column": 0 },
        "end": { "line": 177, "column": 27 }
      },
      "177": {
        "start": { "line": 178, "column": 0 },
        "end": { "line": 178, "column": 21 }
      },
      "178": {
        "start": { "line": 179, "column": 0 },
        "end": { "line": 179, "column": 122 }
      },
      "179": {
        "start": { "line": 180, "column": 0 },
        "end": { "line": 180, "column": 43 }
      },
      "180": {
        "start": { "line": 181, "column": 0 },
        "end": { "line": 181, "column": 99 }
      },
      "181": {
        "start": { "line": 182, "column": 0 },
        "end": { "line": 182, "column": 69 }
      },
      "182": {
        "start": { "line": 183, "column": 0 },
        "end": { "line": 183, "column": 127 }
      },
      "183": {
        "start": { "line": 184, "column": 0 },
        "end": { "line": 184, "column": 25 }
      },
      "184": {
        "start": { "line": 185, "column": 0 },
        "end": { "line": 185, "column": 51 }
      },
      "185": {
        "start": { "line": 186, "column": 0 },
        "end": { "line": 186, "column": 121 }
      },
      "186": {
        "start": { "line": 187, "column": 0 },
        "end": { "line": 187, "column": 80 }
      },
      "187": {
        "start": { "line": 188, "column": 0 },
        "end": { "line": 188, "column": 62 }
      },
      "188": {
        "start": { "line": 189, "column": 0 },
        "end": { "line": 189, "column": 153 }
      },
      "189": {
        "start": { "line": 190, "column": 0 },
        "end": { "line": 190, "column": 25 }
      },
      "190": {
        "start": { "line": 191, "column": 0 },
        "end": { "line": 191, "column": 53 }
      },
      "191": {
        "start": { "line": 192, "column": 0 },
        "end": { "line": 192, "column": 147 }
      },
      "192": {
        "start": { "line": 193, "column": 0 },
        "end": { "line": 193, "column": 21 }
      },
      "193": {
        "start": { "line": 194, "column": 0 },
        "end": { "line": 194, "column": 37 }
      },
      "194": {
        "start": { "line": 195, "column": 0 },
        "end": { "line": 195, "column": 53 }
      },
      "195": {
        "start": { "line": 196, "column": 0 },
        "end": { "line": 196, "column": 50 }
      },
      "196": {
        "start": { "line": 197, "column": 0 },
        "end": { "line": 197, "column": 60 }
      },
      "197": {
        "start": { "line": 198, "column": 0 },
        "end": { "line": 198, "column": 285 }
      },
      "198": {
        "start": { "line": 199, "column": 0 },
        "end": { "line": 199, "column": 59 }
      },
      "199": {
        "start": { "line": 200, "column": 0 },
        "end": { "line": 200, "column": 25 }
      },
      "200": {
        "start": { "line": 201, "column": 0 },
        "end": { "line": 201, "column": 21 }
      },
      "201": {
        "start": { "line": 202, "column": 0 },
        "end": { "line": 202, "column": 26 }
      },
      "202": {
        "start": { "line": 203, "column": 0 },
        "end": { "line": 203, "column": 255 }
      },
      "203": {
        "start": { "line": 204, "column": 0 },
        "end": { "line": 204, "column": 21 }
      },
      "204": {
        "start": { "line": 205, "column": 0 },
        "end": { "line": 205, "column": 41 }
      },
      "205": {
        "start": { "line": 206, "column": 0 },
        "end": { "line": 206, "column": 17 }
      },
      "206": {
        "start": { "line": 207, "column": 0 },
        "end": { "line": 207, "column": 38 }
      },
      "207": {
        "start": { "line": 208, "column": 0 },
        "end": { "line": 208, "column": 13 }
      },
      "208": {
        "start": { "line": 209, "column": 0 },
        "end": { "line": 209, "column": 27 }
      },
      "209": {
        "start": { "line": 210, "column": 0 },
        "end": { "line": 210, "column": 114 }
      },
      "210": {
        "start": { "line": 211, "column": 0 },
        "end": { "line": 211, "column": 13 }
      },
      "211": {
        "start": { "line": 212, "column": 0 },
        "end": { "line": 212, "column": 9 }
      },
      "212": {
        "start": { "line": 213, "column": 0 },
        "end": { "line": 213, "column": 23 }
      },
      "213": {
        "start": { "line": 214, "column": 0 },
        "end": { "line": 214, "column": 46 }
      },
      "214": {
        "start": { "line": 215, "column": 0 },
        "end": { "line": 215, "column": 29 }
      },
      "215": {
        "start": { "line": 216, "column": 0 },
        "end": { "line": 216, "column": 9 }
      },
      "216": {
        "start": { "line": 217, "column": 0 },
        "end": { "line": 217, "column": 129 }
      },
      "217": {
        "start": { "line": 218, "column": 0 },
        "end": { "line": 218, "column": 16 }
      },
      "218": {
        "start": { "line": 219, "column": 0 },
        "end": { "line": 219, "column": 38 }
      },
      "219": {
        "start": { "line": 220, "column": 0 },
        "end": { "line": 220, "column": 39 }
      },
      "220": {
        "start": { "line": 221, "column": 0 },
        "end": { "line": 221, "column": 30 }
      },
      "221": {
        "start": { "line": 222, "column": 0 },
        "end": { "line": 222, "column": 32 }
      },
      "222": {
        "start": { "line": 223, "column": 0 },
        "end": { "line": 223, "column": 10 }
      },
      "223": {
        "start": { "line": 224, "column": 0 },
        "end": { "line": 224, "column": 7 }
      },
      "224": {
        "start": { "line": 225, "column": 0 },
        "end": { "line": 225, "column": 1 }
      },
      "225": {
        "start": { "line": 226, "column": 0 },
        "end": { "line": 226, "column": 30 }
      }
    },
    "s": {
      "0": 1,
      "1": 1,
      "2": 3,
      "3": 3,
      "4": 3,
      "5": 3,
      "6": 3,
      "7": 3,
      "8": 3,
      "9": 1,
      "10": 1,
      "11": 1,
      "12": 1,
      "13": 1,
      "14": 1,
      "15": 1,
      "16": 1,
      "17": 1,
      "18": 1,
      "19": 1,
      "20": 1,
      "21": 1,
      "22": 1,
      "23": 1,
      "24": 2,
      "25": 2,
      "26": 2,
      "27": 2,
      "28": 1,
      "29": 1,
      "30": 1,
      "31": 1,
      "32": 1,
      "33": 1,
      "34": 1,
      "35": 1,
      "36": 1,
      "37": 1,
      "38": 1,
      "39": 1,
      "40": 1,
      "41": 1,
      "42": 1,
      "43": 1,
      "44": 1,
      "45": 1,
      "46": 1,
      "47": 1,
      "48": 1,
      "49": 1,
      "50": 1,
      "51": 1,
      "52": 1,
      "53": 1,
      "54": 3,
      "55": 3,
      "56": 3,
      "57": 3,
      "58": 3,
      "59": 3,
      "60": 3,
      "61": 3,
      "62": 3,
      "63": 3,
      "64": 3,
      "65": 3,
      "66": 3,
      "67": 3,
      "68": 3,
      "69": 3,
      "70": 3,
      "71": 3,
      "72": 3,
      "73": 0,
      "74": 0,
      "75": 3,
      "76": 3,
      "77": 3,
      "78": 0,
      "79": 0,
      "80": 3,
      "81": 3,
      "82": 3,
      "83": 0,
      "84": 0,
      "85": 3,
      "86": 3,
      "87": 3,
      "88": 3,
      "89": 3,
      "90": 3,
      "91": 3,
      "92": 2,
      "93": 2,
      "94": 2,
      "95": 2,
      "96": 2,
      "97": 2,
      "98": 2,
      "99": 2,
      "100": 2,
      "101": 2,
      "102": 2,
      "103": 2,
      "104": 2,
      "105": 3,
      "106": 3,
      "107": 3,
      "108": 3,
      "109": 3,
      "110": 1,
      "111": 1,
      "112": 3,
      "113": 3,
      "114": 1,
      "115": 1,
      "116": 1,
      "117": 1,
      "118": 1,
      "119": 1,
      "120": 1,
      "121": 3,
      "122": 0,
      "123": 0,
      "124": 0,
      "125": 0,
      "126": 0,
      "127": 0,
      "128": 0,
      "129": 0,
      "130": 0,
      "131": 0,
      "132": 0,
      "133": 0,
      "134": 0,
      "135": 0,
      "136": 0,
      "137": 0,
      "138": 0,
      "139": 1,
      "140": 1,
      "141": 1,
      "142": 1,
      "143": 1,
      "144": 1,
      "145": 3,
      "146": 0,
      "147": 0,
      "148": 1,
      "149": 3,
      "150": 2,
      "151": 2,
      "152": 2,
      "153": 2,
      "154": 2,
      "155": 2,
      "156": 2,
      "157": 2,
      "158": 2,
      "159": 6,
      "160": 6,
      "161": 6,
      "162": 6,
      "163": 6,
      "164": 6,
      "165": 6,
      "166": 6,
      "167": 6,
      "168": 3,
      "169": 3,
      "170": 3,
      "171": 3,
      "172": 3,
      "173": 3,
      "174": 3,
      "175": 3,
      "176": 3,
      "177": 3,
      "178": 6,
      "179": 6,
      "180": 6,
      "181": 6,
      "182": 0,
      "183": 0,
      "184": 6,
      "185": 6,
      "186": 6,
      "187": 6,
      "188": 2,
      "189": 2,
      "190": 6,
      "191": 6,
      "192": 6,
      "193": 6,
      "194": 6,
      "195": 0,
      "196": 0,
      "197": 0,
      "198": 0,
      "199": 0,
      "200": 0,
      "201": 6,
      "202": 6,
      "203": 6,
      "204": 6,
      "205": 6,
      "206": 2,
      "207": 2,
      "208": 2,
      "209": 0,
      "210": 0,
      "211": 2,
      "212": 1,
      "213": 1,
      "214": 1,
      "215": 1,
      "216": 1,
      "217": 1,
      "218": 1,
      "219": 1,
      "220": 1,
      "221": 1,
      "222": 1,
      "223": 3,
      "224": 3,
      "225": 1
    },
    "branchMap": {
      "0": {
        "type": "branch",
        "line": 1,
        "loc": {
          "start": { "line": 1, "column": 0 },
          "end": { "line": 226, "column": 30 }
        },
        "locations": [
          {
            "start": { "line": 1, "column": 0 },
            "end": { "line": 226, "column": 30 }
          }
        ]
      },
      "1": {
        "type": "branch",
        "line": 1,
        "loc": {
          "start": { "line": 1, "column": 0 },
          "end": { "line": 226, "column": 30 }
        },
        "locations": [
          {
            "start": { "line": 1, "column": 0 },
            "end": { "line": 226, "column": 30 }
          }
        ]
      },
      "2": {
        "type": "branch",
        "line": 2,
        "loc": {
          "start": { "line": 2, "column": 44 },
          "end": { "line": 10, "column": 1 }
        },
        "locations": [
          {
            "start": { "line": 2, "column": 44 },
            "end": { "line": 10, "column": 1 }
          }
        ]
      },
      "3": {
        "type": "branch",
        "line": 3,
        "loc": {
          "start": { "line": 3, "column": 4 },
          "end": { "line": 3, "column": 112 }
        },
        "locations": [
          {
            "start": { "line": 3, "column": 4 },
            "end": { "line": 3, "column": 112 }
          }
        ]
      },
      "4": {
        "type": "branch",
        "line": 3,
        "loc": {
          "start": { "line": 3, "column": 62 },
          "end": { "line": 3, "column": 109 }
        },
        "locations": [
          {
            "start": { "line": 3, "column": 62 },
            "end": { "line": 3, "column": 109 }
          }
        ]
      },
      "5": {
        "type": "branch",
        "line": 4,
        "loc": {
          "start": { "line": 4, "column": 36 },
          "end": { "line": 9, "column": 5 }
        },
        "locations": [
          {
            "start": { "line": 4, "column": 36 },
            "end": { "line": 9, "column": 5 }
          }
        ]
      },
      "6": {
        "type": "branch",
        "line": 5,
        "loc": {
          "start": { "line": 5, "column": 8 },
          "end": { "line": 5, "column": 99 }
        },
        "locations": [
          {
            "start": { "line": 5, "column": 8 },
            "end": { "line": 5, "column": 99 }
          }
        ]
      },
      "7": {
        "type": "branch",
        "line": 5,
        "loc": {
          "start": { "line": 5, "column": 73 },
          "end": { "line": 5, "column": 97 }
        },
        "locations": [
          {
            "start": { "line": 5, "column": 73 },
            "end": { "line": 5, "column": 97 }
          }
        ]
      },
      "8": {
        "type": "branch",
        "line": 7,
        "loc": {
          "start": { "line": 7, "column": 8 },
          "end": { "line": 7, "column": 118 }
        },
        "locations": [
          {
            "start": { "line": 7, "column": 8 },
            "end": { "line": 7, "column": 118 }
          }
        ]
      },
      "9": {
        "type": "branch",
        "line": 7,
        "loc": {
          "start": { "line": 7, "column": 44 },
          "end": { "line": 7, "column": 67 }
        },
        "locations": [
          {
            "start": { "line": 7, "column": 44 },
            "end": { "line": 7, "column": 67 }
          }
        ]
      },
      "10": {
        "type": "branch",
        "line": 7,
        "loc": {
          "start": { "line": 7, "column": 68 },
          "end": { "line": 7, "column": 115 }
        },
        "locations": [
          {
            "start": { "line": 7, "column": 68 },
            "end": { "line": 7, "column": 115 }
          }
        ]
      },
      "11": {
        "type": "branch",
        "line": 11,
        "loc": {
          "start": { "line": 11, "column": 56 },
          "end": { "line": 13, "column": 1 }
        },
        "locations": [
          {
            "start": { "line": 11, "column": 56 },
            "end": { "line": 13, "column": 1 }
          }
        ]
      },
      "12": {
        "type": "branch",
        "line": 12,
        "loc": {
          "start": { "line": 12, "column": 41 },
          "end": { "line": 12, "column": 61 }
        },
        "locations": [
          {
            "start": { "line": 12, "column": 41 },
            "end": { "line": 12, "column": 61 }
          }
        ]
      },
      "13": {
        "type": "branch",
        "line": 24,
        "loc": {
          "start": { "line": 24, "column": 4 },
          "end": { "line": 28, "column": 5 }
        },
        "locations": [
          {
            "start": { "line": 24, "column": 4 },
            "end": { "line": 28, "column": 5 }
          }
        ]
      },
      "14": {
        "type": "branch",
        "line": 55,
        "loc": {
          "start": { "line": 55, "column": 0 },
          "end": { "line": 225, "column": 1 }
        },
        "locations": [
          {
            "start": { "line": 55, "column": 0 },
            "end": { "line": 225, "column": 1 }
          }
        ]
      },
      "15": {
        "type": "branch",
        "line": 57,
        "loc": {
          "start": { "line": 57, "column": 43 },
          "end": { "line": 224, "column": 5 }
        },
        "locations": [
          {
            "start": { "line": 57, "column": 43 },
            "end": { "line": 224, "column": 5 }
          }
        ]
      },
      "16": {
        "type": "branch",
        "line": 61,
        "loc": {
          "start": { "line": 61, "column": 150 },
          "end": { "line": 61, "column": 154 }
        },
        "locations": [
          {
            "start": { "line": 61, "column": 150 },
            "end": { "line": 61, "column": 154 }
          }
        ]
      },
      "17": {
        "type": "branch",
        "line": 73,
        "loc": {
          "start": { "line": 73, "column": 8 },
          "end": { "line": 75, "column": 9 }
        },
        "locations": [
          {
            "start": { "line": 73, "column": 8 },
            "end": { "line": 75, "column": 9 }
          }
        ]
      },
      "18": {
        "type": "branch",
        "line": 77,
        "loc": {
          "start": { "line": 77, "column": 45 },
          "end": { "line": 78, "column": 64 }
        },
        "locations": [
          {
            "start": { "line": 77, "column": 45 },
            "end": { "line": 78, "column": 64 }
          }
        ]
      },
      "19": {
        "type": "branch",
        "line": 78,
        "loc": {
          "start": { "line": 78, "column": 66 },
          "end": { "line": 80, "column": 9 }
        },
        "locations": [
          {
            "start": { "line": 78, "column": 66 },
            "end": { "line": 80, "column": 9 }
          }
        ]
      },
      "20": {
        "type": "branch",
        "line": 82,
        "loc": {
          "start": { "line": 82, "column": 50 },
          "end": { "line": 82, "column": 58 }
        },
        "locations": [
          {
            "start": { "line": 82, "column": 50 },
            "end": { "line": 82, "column": 58 }
          }
        ]
      },
      "21": {
        "type": "branch",
        "line": 82,
        "loc": {
          "start": { "line": 82, "column": 108 },
          "end": { "line": 82, "column": 116 }
        },
        "locations": [
          {
            "start": { "line": 82, "column": 108 },
            "end": { "line": 82, "column": 116 }
          }
        ]
      },
      "22": {
        "type": "branch",
        "line": 82,
        "loc": {
          "start": { "line": 82, "column": 134 },
          "end": { "line": 83, "column": 108 }
        },
        "locations": [
          {
            "start": { "line": 82, "column": 134 },
            "end": { "line": 83, "column": 108 }
          }
        ]
      },
      "23": {
        "type": "branch",
        "line": 83,
        "loc": {
          "start": { "line": 83, "column": 66 },
          "end": { "line": 83, "column": 74 }
        },
        "locations": [
          {
            "start": { "line": 83, "column": 66 },
            "end": { "line": 83, "column": 74 }
          }
        ]
      },
      "24": {
        "type": "branch",
        "line": 83,
        "loc": {
          "start": { "line": 83, "column": 110 },
          "end": { "line": 85, "column": 9 }
        },
        "locations": [
          {
            "start": { "line": 83, "column": 110 },
            "end": { "line": 85, "column": 9 }
          }
        ]
      },
      "25": {
        "type": "branch",
        "line": 90,
        "loc": {
          "start": { "line": 90, "column": 85 },
          "end": { "line": 90, "column": 93 }
        },
        "locations": [
          {
            "start": { "line": 90, "column": 85 },
            "end": { "line": 90, "column": 93 }
          }
        ]
      },
      "26": {
        "type": "branch",
        "line": 91,
        "loc": {
          "start": { "line": 91, "column": 12 },
          "end": { "line": 91, "column": 35 }
        },
        "locations": [
          {
            "start": { "line": 91, "column": 12 },
            "end": { "line": 91, "column": 35 }
          }
        ]
      },
      "27": {
        "type": "branch",
        "line": 92,
        "loc": {
          "start": { "line": 92, "column": 12 },
          "end": { "line": 106, "column": 14 }
        },
        "locations": [
          {
            "start": { "line": 92, "column": 12 },
            "end": { "line": 106, "column": 14 }
          }
        ]
      },
      "28": {
        "type": "branch",
        "line": 93,
        "loc": {
          "start": { "line": 93, "column": 70 },
          "end": { "line": 93, "column": 78 }
        },
        "locations": [
          {
            "start": { "line": 93, "column": 70 },
            "end": { "line": 93, "column": 78 }
          }
        ]
      },
      "29": {
        "type": "branch",
        "line": 102,
        "loc": {
          "start": { "line": 102, "column": 76 },
          "end": { "line": 102, "column": 86 }
        },
        "locations": [
          {
            "start": { "line": 102, "column": 76 },
            "end": { "line": 102, "column": 86 }
          }
        ]
      },
      "30": {
        "type": "branch",
        "line": 103,
        "loc": {
          "start": { "line": 103, "column": 20 },
          "end": { "line": 103, "column": 31 }
        },
        "locations": [
          {
            "start": { "line": 103, "column": 20 },
            "end": { "line": 103, "column": 31 }
          }
        ]
      },
      "31": {
        "type": "branch",
        "line": 110,
        "loc": {
          "start": { "line": 110, "column": 41 },
          "end": { "line": 112, "column": 9 }
        },
        "locations": [
          {
            "start": { "line": 110, "column": 41 },
            "end": { "line": 112, "column": 9 }
          }
        ]
      },
      "32": {
        "type": "branch",
        "line": 113,
        "loc": {
          "start": { "line": 113, "column": -1 },
          "end": { "line": 113, "column": 81 }
        },
        "locations": [
          {
            "start": { "line": 113, "column": -1 },
            "end": { "line": 113, "column": 81 }
          }
        ]
      },
      "33": {
        "type": "branch",
        "line": 113,
        "loc": {
          "start": { "line": 113, "column": 82 },
          "end": { "line": 113, "column": 90 }
        },
        "locations": [
          {
            "start": { "line": 113, "column": 82 },
            "end": { "line": 113, "column": 90 }
          }
        ]
      },
      "34": {
        "type": "branch",
        "line": 113,
        "loc": {
          "start": { "line": 113, "column": 91 },
          "end": { "line": 113, "column": 102 }
        },
        "locations": [
          {
            "start": { "line": 113, "column": 91 },
            "end": { "line": 113, "column": 102 }
          }
        ]
      },
      "35": {
        "type": "branch",
        "line": 113,
        "loc": {
          "start": { "line": 113, "column": 108 },
          "end": { "line": 113, "column": 164 }
        },
        "locations": [
          {
            "start": { "line": 113, "column": 108 },
            "end": { "line": 113, "column": 164 }
          }
        ]
      },
      "36": {
        "type": "branch",
        "line": 113,
        "loc": {
          "start": { "line": 113, "column": 165 },
          "end": { "line": 114, "column": 99 }
        },
        "locations": [
          {
            "start": { "line": 113, "column": 165 },
            "end": { "line": 114, "column": 99 }
          }
        ]
      },
      "37": {
        "type": "branch",
        "line": 113,
        "loc": {
          "start": { "line": 113, "column": 317 },
          "end": { "line": 113, "column": 323 }
        },
        "locations": [
          {
            "start": { "line": 113, "column": 317 },
            "end": { "line": 113, "column": 323 }
          }
        ]
      },
      "38": {
        "type": "branch",
        "line": 113,
        "loc": {
          "start": { "line": 113, "column": 401 },
          "end": { "line": 113, "column": 418 }
        },
        "locations": [
          {
            "start": { "line": 113, "column": 401 },
            "end": { "line": 113, "column": 418 }
          }
        ]
      },
      "39": {
        "type": "branch",
        "line": 113,
        "loc": {
          "start": { "line": 113, "column": 419 },
          "end": { "line": 113, "column": 429 }
        },
        "locations": [
          {
            "start": { "line": 113, "column": 419 },
            "end": { "line": 113, "column": 429 }
          }
        ]
      },
      "40": {
        "type": "branch",
        "line": 115,
        "loc": {
          "start": { "line": 115, "column": -1 },
          "end": { "line": 122, "column": 24 }
        },
        "locations": [
          {
            "start": { "line": 115, "column": -1 },
            "end": { "line": 122, "column": 24 }
          }
        ]
      },
      "41": {
        "type": "branch",
        "line": 122,
        "loc": {
          "start": { "line": 122, "column": 24 },
          "end": { "line": 139, "column": 9 }
        },
        "locations": [
          {
            "start": { "line": 122, "column": 24 },
            "end": { "line": 139, "column": 9 }
          }
        ]
      },
      "42": {
        "type": "branch",
        "line": 140,
        "loc": {
          "start": { "line": 140, "column": -1 },
          "end": { "line": 146, "column": 8 }
        },
        "locations": [
          {
            "start": { "line": 140, "column": -1 },
            "end": { "line": 146, "column": 8 }
          }
        ]
      },
      "43": {
        "type": "branch",
        "line": 146,
        "loc": {
          "start": { "line": 146, "column": 8 },
          "end": { "line": 148, "column": 9 }
        },
        "locations": [
          {
            "start": { "line": 146, "column": 8 },
            "end": { "line": 148, "column": 9 }
          }
        ]
      },
      "44": {
        "type": "branch",
        "line": 149,
        "loc": {
          "start": { "line": 149, "column": -1 },
          "end": { "line": 150, "column": 72 }
        },
        "locations": [
          {
            "start": { "line": 149, "column": -1 },
            "end": { "line": 150, "column": 72 }
          }
        ]
      },
      "45": {
        "type": "branch",
        "line": 150,
        "loc": {
          "start": { "line": 150, "column": 72 },
          "end": { "line": 212, "column": 9 }
        },
        "locations": [
          {
            "start": { "line": 150, "column": 72 },
            "end": { "line": 212, "column": 9 }
          }
        ]
      },
      "46": {
        "type": "branch",
        "line": 155,
        "loc": {
          "start": { "line": 155, "column": 99 },
          "end": { "line": 155, "column": 121 }
        },
        "locations": [
          {
            "start": { "line": 155, "column": 99 },
            "end": { "line": 155, "column": 121 }
          }
        ]
      },
      "47": {
        "type": "branch",
        "line": 155,
        "loc": {
          "start": { "line": 155, "column": 122 },
          "end": { "line": 155, "column": 135 }
        },
        "locations": [
          {
            "start": { "line": 155, "column": 122 },
            "end": { "line": 155, "column": 135 }
          }
        ]
      },
      "48": {
        "type": "branch",
        "line": 155,
        "loc": {
          "start": { "line": 155, "column": 136 },
          "end": { "line": 155, "column": 142 }
        },
        "locations": [
          {
            "start": { "line": 155, "column": 136 },
            "end": { "line": 155, "column": 142 }
          }
        ]
      },
      "49": {
        "type": "branch",
        "line": 155,
        "loc": {
          "start": { "line": 155, "column": 159 },
          "end": { "line": 155, "column": 181 }
        },
        "locations": [
          {
            "start": { "line": 155, "column": 159 },
            "end": { "line": 155, "column": 181 }
          }
        ]
      },
      "50": {
        "type": "branch",
        "line": 155,
        "loc": {
          "start": { "line": 155, "column": 182 },
          "end": { "line": 155, "column": 199 }
        },
        "locations": [
          {
            "start": { "line": 155, "column": 182 },
            "end": { "line": 155, "column": 199 }
          }
        ]
      },
      "51": {
        "type": "branch",
        "line": 155,
        "loc": {
          "start": { "line": 155, "column": 200 },
          "end": { "line": 155, "column": 210 }
        },
        "locations": [
          {
            "start": { "line": 155, "column": 200 },
            "end": { "line": 155, "column": 210 }
          }
        ]
      },
      "52": {
        "type": "branch",
        "line": 156,
        "loc": {
          "start": { "line": 156, "column": 48 },
          "end": { "line": 156, "column": 70 }
        },
        "locations": [
          {
            "start": { "line": 156, "column": 48 },
            "end": { "line": 156, "column": 70 }
          }
        ]
      },
      "53": {
        "type": "branch",
        "line": 159,
        "loc": {
          "start": { "line": 159, "column": 78 },
          "end": { "line": 206, "column": 17 }
        },
        "locations": [
          {
            "start": { "line": 159, "column": 78 },
            "end": { "line": 206, "column": 17 }
          }
        ]
      },
      "54": {
        "type": "branch",
        "line": 161,
        "loc": {
          "start": { "line": 161, "column": 63 },
          "end": { "line": 161, "column": 67 }
        },
        "locations": [
          {
            "start": { "line": 161, "column": 63 },
            "end": { "line": 161, "column": 67 }
          }
        ]
      },
      "55": {
        "type": "branch",
        "line": 162,
        "loc": {
          "start": { "line": 162, "column": 46 },
          "end": { "line": 162, "column": 59 }
        },
        "locations": [
          {
            "start": { "line": 162, "column": 46 },
            "end": { "line": 162, "column": 59 }
          }
        ]
      },
      "56": {
        "type": "branch",
        "line": 162,
        "loc": {
          "start": { "line": 162, "column": 60 },
          "end": { "line": 162, "column": 66 }
        },
        "locations": [
          {
            "start": { "line": 162, "column": 60 },
            "end": { "line": 162, "column": 66 }
          }
        ]
      },
      "57": {
        "type": "branch",
        "line": 163,
        "loc": {
          "start": { "line": 163, "column": 47 },
          "end": { "line": 163, "column": 65 }
        },
        "locations": [
          {
            "start": { "line": 163, "column": 47 },
            "end": { "line": 163, "column": 65 }
          }
        ]
      },
      "58": {
        "type": "branch",
        "line": 163,
        "loc": {
          "start": { "line": 163, "column": 66 },
          "end": { "line": 163, "column": 77 }
        },
        "locations": [
          {
            "start": { "line": 163, "column": 66 },
            "end": { "line": 163, "column": 77 }
          }
        ]
      },
      "59": {
        "type": "branch",
        "line": 164,
        "loc": {
          "start": { "line": 164, "column": 50 },
          "end": { "line": 164, "column": 67 }
        },
        "locations": [
          {
            "start": { "line": 164, "column": 50 },
            "end": { "line": 164, "column": 67 }
          }
        ]
      },
      "60": {
        "type": "branch",
        "line": 164,
        "loc": {
          "start": { "line": 164, "column": 68 },
          "end": { "line": 164, "column": 78 }
        },
        "locations": [
          {
            "start": { "line": 164, "column": 68 },
            "end": { "line": 164, "column": 78 }
          }
        ]
      },
      "61": {
        "type": "branch",
        "line": 166,
        "loc": {
          "start": { "line": 166, "column": 47 },
          "end": { "line": 166, "column": 72 }
        },
        "locations": [
          {
            "start": { "line": 166, "column": 47 },
            "end": { "line": 166, "column": 72 }
          }
        ]
      },
      "62": {
        "type": "branch",
        "line": 166,
        "loc": {
          "start": { "line": 166, "column": 73 },
          "end": { "line": 166, "column": 91 }
        },
        "locations": [
          {
            "start": { "line": 166, "column": 73 },
            "end": { "line": 166, "column": 91 }
          }
        ]
      },
      "63": {
        "type": "branch",
        "line": 168,
        "loc": {
          "start": { "line": 168, "column": 34 },
          "end": { "line": 178, "column": 21 }
        },
        "locations": [
          {
            "start": { "line": 168, "column": 34 },
            "end": { "line": 178, "column": 21 }
          }
        ]
      },
      "64": {
        "type": "branch",
        "line": 182,
        "loc": {
          "start": { "line": 182, "column": 43 },
          "end": { "line": 182, "column": 66 }
        },
        "locations": [
          {
            "start": { "line": 182, "column": 43 },
            "end": { "line": 182, "column": 66 }
          }
        ]
      },
      "65": {
        "type": "branch",
        "line": 182,
        "loc": {
          "start": { "line": 182, "column": 68 },
          "end": { "line": 184, "column": 25 }
        },
        "locations": [
          {
            "start": { "line": 182, "column": 68 },
            "end": { "line": 184, "column": 25 }
          }
        ]
      },
      "66": {
        "type": "branch",
        "line": 188,
        "loc": {
          "start": { "line": 188, "column": 61 },
          "end": { "line": 190, "column": 25 }
        },
        "locations": [
          {
            "start": { "line": 188, "column": 61 },
            "end": { "line": 190, "column": 25 }
          }
        ]
      },
      "67": {
        "type": "branch",
        "line": 195,
        "loc": {
          "start": { "line": 195, "column": 52 },
          "end": { "line": 201, "column": 21 }
        },
        "locations": [
          {
            "start": { "line": 195, "column": 52 },
            "end": { "line": 201, "column": 21 }
          }
        ]
      },
      "68": {
        "type": "branch",
        "line": 209,
        "loc": {
          "start": { "line": 209, "column": 12 },
          "end": { "line": 211, "column": 13 }
        },
        "locations": [
          {
            "start": { "line": 209, "column": 12 },
            "end": { "line": 211, "column": 13 }
          }
        ]
      },
      "69": {
        "type": "branch",
        "line": 213,
        "loc": {
          "start": { "line": 213, "column": -1 },
          "end": { "line": 224, "column": 4 }
        },
        "locations": [
          {
            "start": { "line": 213, "column": -1 },
            "end": { "line": 224, "column": 4 }
          }
        ]
      },
      "70": {
        "type": "branch",
        "line": 108,
        "loc": {
          "start": { "line": 108, "column": 47 },
          "end": { "line": 108, "column": 70 }
        },
        "locations": [
          {
            "start": { "line": 108, "column": 47 },
            "end": { "line": 108, "column": 70 }
          }
        ]
      },
      "71": {
        "type": "branch",
        "line": 113,
        "loc": {
          "start": { "line": 113, "column": 137 },
          "end": { "line": 113, "column": 160 }
        },
        "locations": [
          {
            "start": { "line": 113, "column": 137 },
            "end": { "line": 113, "column": 160 }
          }
        ]
      }
    },
    "b": {
      "0": [1],
      "1": [1],
      "2": [3],
      "3": [18],
      "4": [0],
      "5": [3],
      "6": [18],
      "7": [2],
      "8": [19],
      "9": [1],
      "10": [18],
      "11": [1],
      "12": [0],
      "13": [2],
      "14": [3],
      "15": [3],
      "16": [0],
      "17": [0],
      "18": [1],
      "19": [0],
      "20": [0],
      "21": [0],
      "22": [1],
      "23": [0],
      "24": [0],
      "25": [0],
      "26": [1],
      "27": [2],
      "28": [0],
      "29": [0],
      "30": [0],
      "31": [1],
      "32": [2],
      "33": [0],
      "34": [2],
      "35": [1],
      "36": [1],
      "37": [0],
      "38": [0],
      "39": [0],
      "40": [1],
      "41": [0],
      "42": [1],
      "43": [0],
      "44": [1],
      "45": [2],
      "46": [1],
      "47": [1],
      "48": [1],
      "49": [1],
      "50": [1],
      "51": [1],
      "52": [1],
      "53": [6],
      "54": [0],
      "55": [3],
      "56": [3],
      "57": [3],
      "58": [3],
      "59": [3],
      "60": [3],
      "61": [3],
      "62": [3],
      "63": [3],
      "64": [3],
      "65": [0],
      "66": [2],
      "67": [0],
      "68": [0],
      "69": [1],
      "70": [9],
      "71": [4]
    },
    "fnMap": {
      "0": {
        "name": "Object.<anonymous>",
        "decl": {
          "start": { "line": 1, "column": 0 },
          "end": { "line": 226, "column": 30 }
        },
        "loc": {
          "start": { "line": 1, "column": 0 },
          "end": { "line": 226, "column": 30 }
        },
        "line": 1
      },
      "1": {
        "name": "Object.<anonymous>.__awaiter",
        "decl": {
          "start": { "line": 2, "column": 44 },
          "end": { "line": 10, "column": 1 }
        },
        "loc": {
          "start": { "line": 2, "column": 44 },
          "end": { "line": 10, "column": 1 }
        },
        "line": 2
      },
      "2": {
        "name": "adopt",
        "decl": {
          "start": { "line": 3, "column": 4 },
          "end": { "line": 3, "column": 112 }
        },
        "loc": {
          "start": { "line": 3, "column": 4 },
          "end": { "line": 3, "column": 112 }
        },
        "line": 3
      },
      "3": {
        "name": "fulfilled",
        "decl": {
          "start": { "line": 5, "column": 8 },
          "end": { "line": 5, "column": 99 }
        },
        "loc": {
          "start": { "line": 5, "column": 8 },
          "end": { "line": 5, "column": 99 }
        },
        "line": 5
      },
      "4": {
        "name": "rejected",
        "decl": {
          "start": { "line": 6, "column": 8 },
          "end": { "line": 6, "column": 102 }
        },
        "loc": {
          "start": { "line": 6, "column": 8 },
          "end": { "line": 6, "column": 102 }
        },
        "line": 6
      },
      "5": {
        "name": "step",
        "decl": {
          "start": { "line": 7, "column": 8 },
          "end": { "line": 7, "column": 118 }
        },
        "loc": {
          "start": { "line": 7, "column": 8 },
          "end": { "line": 7, "column": 118 }
        },
        "line": 7
      },
      "6": {
        "name": "Object.<anonymous>.__importDefault",
        "decl": {
          "start": { "line": 11, "column": 56 },
          "end": { "line": 13, "column": 1 }
        },
        "loc": {
          "start": { "line": 11, "column": 56 },
          "end": { "line": 13, "column": 1 }
        },
        "line": 11
      },
      "7": {
        "name": "DrawTableError",
        "decl": {
          "start": { "line": 24, "column": 4 },
          "end": { "line": 28, "column": 5 }
        },
        "loc": {
          "start": { "line": 24, "column": 4 },
          "end": { "line": 28, "column": 5 }
        },
        "line": 24
      },
      "8": {
        "name": "drawTable",
        "decl": {
          "start": { "line": 55, "column": 0 },
          "end": { "line": 225, "column": 1 }
        },
        "loc": {
          "start": { "line": 55, "column": 0 },
          "end": { "line": 225, "column": 1 }
        },
        "line": 55
      }
    },
    "f": {
      "0": 1,
      "1": 3,
      "2": 18,
      "3": 18,
      "4": 0,
      "5": 19,
      "6": 1,
      "7": 2,
      "8": 3
    }
  },
  "/Users/matt/dev/pdfTableLib/DrawTable/build/src/helpers/columnWidths.js": {
    "path": "/Users/matt/dev/pdfTableLib/DrawTable/build/src/helpers/columnWidths.js",
    "all": false,
    "statementMap": {
      "0": {
        "start": { "line": 1, "column": 0 },
        "end": { "line": 1, "column": 13 }
      },
      "1": {
        "start": { "line": 2, "column": 0 },
        "end": { "line": 2, "column": 62 }
      },
      "2": {
        "start": { "line": 3, "column": 0 },
        "end": { "line": 3, "column": 38 }
      },
      "3": {
        "start": { "line": 4, "column": 0 },
        "end": { "line": 4, "column": 50 }
      },
      "4": {
        "start": { "line": 5, "column": 0 },
        "end": { "line": 5, "column": 3 }
      },
      "5": {
        "start": { "line": 6, "column": 0 },
        "end": { "line": 6, "column": 50 }
      },
      "6": {
        "start": { "line": 7, "column": 0 },
        "end": { "line": 7, "column": 58 }
      },
      "7": {
        "start": { "line": 8, "column": 0 },
        "end": { "line": 8, "column": 63 }
      },
      "8": {
        "start": { "line": 9, "column": 0 },
        "end": { "line": 9, "column": 51 }
      },
      "9": {
        "start": { "line": 10, "column": 0 },
        "end": { "line": 10, "column": 48 }
      },
      "10": {
        "start": { "line": 11, "column": 0 },
        "end": { "line": 11, "column": 3 }
      },
      "11": {
        "start": { "line": 12, "column": 0 },
        "end": { "line": 12, "column": 51 }
      },
      "12": {
        "start": { "line": 13, "column": 0 },
        "end": { "line": 13, "column": 38 }
      },
      "13": {
        "start": { "line": 14, "column": 0 },
        "end": { "line": 14, "column": 34 }
      },
      "14": {
        "start": { "line": 15, "column": 0 },
        "end": { "line": 15, "column": 44 }
      },
      "15": {
        "start": { "line": 16, "column": 0 },
        "end": { "line": 16, "column": 21 }
      },
      "16": {
        "start": { "line": 17, "column": 0 },
        "end": { "line": 17, "column": 32 }
      },
      "17": {
        "start": { "line": 18, "column": 0 },
        "end": { "line": 18, "column": 43 }
      },
      "18": {
        "start": { "line": 19, "column": 0 },
        "end": { "line": 19, "column": 55 }
      },
      "19": {
        "start": { "line": 20, "column": 0 },
        "end": { "line": 20, "column": 67 }
      },
      "20": {
        "start": { "line": 21, "column": 0 },
        "end": { "line": 21, "column": 5 }
      },
      "21": {
        "start": { "line": 22, "column": 0 },
        "end": { "line": 22, "column": 40 }
      },
      "22": {
        "start": { "line": 23, "column": 0 },
        "end": { "line": 23, "column": 29 }
      },
      "23": {
        "start": { "line": 24, "column": 0 },
        "end": { "line": 24, "column": 5 }
      },
      "24": {
        "start": { "line": 25, "column": 0 },
        "end": { "line": 25, "column": 39 }
      },
      "25": {
        "start": { "line": 26, "column": 0 },
        "end": { "line": 26, "column": 46 }
      },
      "26": {
        "start": { "line": 27, "column": 0 },
        "end": { "line": 27, "column": 58 }
      },
      "27": {
        "start": { "line": 28, "column": 0 },
        "end": { "line": 28, "column": 70 }
      },
      "28": {
        "start": { "line": 29, "column": 0 },
        "end": { "line": 29, "column": 5 }
      },
      "29": {
        "start": { "line": 30, "column": 0 },
        "end": { "line": 30, "column": 10 }
      },
      "30": {
        "start": { "line": 31, "column": 0 },
        "end": { "line": 31, "column": 57 }
      },
      "31": {
        "start": { "line": 32, "column": 0 },
        "end": { "line": 32, "column": 5 }
      },
      "32": {
        "start": { "line": 33, "column": 0 },
        "end": { "line": 33, "column": 1 }
      },
      "33": {
        "start": { "line": 34, "column": 0 },
        "end": { "line": 34, "column": 3 }
      },
      "34": {
        "start": { "line": 35, "column": 0 },
        "end": { "line": 35, "column": 39 }
      },
      "35": {
        "start": { "line": 36, "column": 0 },
        "end": { "line": 36, "column": 56 }
      },
      "36": {
        "start": { "line": 37, "column": 0 },
        "end": { "line": 37, "column": 69 }
      },
      "37": {
        "start": { "line": 38, "column": 0 },
        "end": { "line": 38, "column": 64 }
      },
      "38": {
        "start": { "line": 39, "column": 0 },
        "end": { "line": 39, "column": 81 }
      },
      "39": {
        "start": { "line": 40, "column": 0 },
        "end": { "line": 40, "column": 50 }
      },
      "40": {
        "start": { "line": 41, "column": 0 },
        "end": { "line": 41, "column": 51 }
      },
      "41": {
        "start": { "line": 42, "column": 0 },
        "end": { "line": 42, "column": 3 }
      },
      "42": {
        "start": { "line": 43, "column": 0 },
        "end": { "line": 43, "column": 106 }
      },
      "43": {
        "start": { "line": 44, "column": 0 },
        "end": { "line": 44, "column": 43 }
      },
      "44": {
        "start": { "line": 45, "column": 0 },
        "end": { "line": 45, "column": 43 }
      },
      "45": {
        "start": { "line": 46, "column": 0 },
        "end": { "line": 46, "column": 74 }
      },
      "46": {
        "start": { "line": 47, "column": 0 },
        "end": { "line": 47, "column": 9 }
      },
      "47": {
        "start": { "line": 48, "column": 0 },
        "end": { "line": 48, "column": 88 }
      },
      "48": {
        "start": { "line": 49, "column": 0 },
        "end": { "line": 49, "column": 39 }
      },
      "49": {
        "start": { "line": 50, "column": 0 },
        "end": { "line": 50, "column": 27 }
      },
      "50": {
        "start": { "line": 51, "column": 0 },
        "end": { "line": 51, "column": 7 }
      },
      "51": {
        "start": { "line": 52, "column": 0 },
        "end": { "line": 52, "column": 1 }
      },
      "52": {
        "start": { "line": 53, "column": 0 },
        "end": { "line": 53, "column": 3 }
      },
      "53": {
        "start": { "line": 54, "column": 0 },
        "end": { "line": 54, "column": 68 }
      },
      "54": {
        "start": { "line": 55, "column": 0 },
        "end": { "line": 55, "column": 102 }
      },
      "55": {
        "start": { "line": 56, "column": 0 },
        "end": { "line": 56, "column": 50 }
      },
      "56": {
        "start": { "line": 57, "column": 0 },
        "end": { "line": 57, "column": 3 }
      },
      "57": {
        "start": { "line": 58, "column": 0 },
        "end": { "line": 58, "column": 40 }
      },
      "58": {
        "start": { "line": 59, "column": 0 },
        "end": { "line": 59, "column": 206 }
      },
      "59": {
        "start": { "line": 60, "column": 0 },
        "end": { "line": 60, "column": 27 }
      },
      "60": {
        "start": { "line": 61, "column": 0 },
        "end": { "line": 61, "column": 44 }
      },
      "61": {
        "start": { "line": 62, "column": 0 },
        "end": { "line": 62, "column": 53 }
      },
      "62": {
        "start": { "line": 63, "column": 0 },
        "end": { "line": 63, "column": 41 }
      },
      "63": {
        "start": { "line": 64, "column": 0 },
        "end": { "line": 64, "column": 38 }
      },
      "64": {
        "start": { "line": 65, "column": 0 },
        "end": { "line": 65, "column": 55 }
      },
      "65": {
        "start": { "line": 66, "column": 0 },
        "end": { "line": 66, "column": 51 }
      },
      "66": {
        "start": { "line": 67, "column": 0 },
        "end": { "line": 67, "column": 5 }
      },
      "67": {
        "start": { "line": 68, "column": 0 },
        "end": { "line": 68, "column": 78 }
      },
      "68": {
        "start": { "line": 69, "column": 0 },
        "end": { "line": 69, "column": 54 }
      },
      "69": {
        "start": { "line": 70, "column": 0 },
        "end": { "line": 70, "column": 24 }
      },
      "70": {
        "start": { "line": 71, "column": 0 },
        "end": { "line": 71, "column": 172 }
      },
      "71": {
        "start": { "line": 72, "column": 0 },
        "end": { "line": 72, "column": 25 }
      },
      "72": {
        "start": { "line": 73, "column": 0 },
        "end": { "line": 73, "column": 9 }
      },
      "73": {
        "start": { "line": 74, "column": 0 },
        "end": { "line": 74, "column": 47 }
      },
      "74": {
        "start": { "line": 75, "column": 0 },
        "end": { "line": 75, "column": 29 }
      },
      "75": {
        "start": { "line": 76, "column": 0 },
        "end": { "line": 76, "column": 144 }
      },
      "76": {
        "start": { "line": 77, "column": 0 },
        "end": { "line": 77, "column": 13 }
      },
      "77": {
        "start": { "line": 78, "column": 0 },
        "end": { "line": 78, "column": 32 }
      },
      "78": {
        "start": { "line": 79, "column": 0 },
        "end": { "line": 79, "column": 9 }
      },
      "79": {
        "start": { "line": 80, "column": 0 },
        "end": { "line": 80, "column": 14 }
      },
      "80": {
        "start": { "line": 81, "column": 0 },
        "end": { "line": 81, "column": 46 }
      },
      "81": {
        "start": { "line": 82, "column": 0 },
        "end": { "line": 82, "column": 58 }
      },
      "82": {
        "start": { "line": 83, "column": 0 },
        "end": { "line": 83, "column": 69 }
      },
      "83": {
        "start": { "line": 84, "column": 0 },
        "end": { "line": 84, "column": 56 }
      },
      "84": {
        "start": { "line": 85, "column": 0 },
        "end": { "line": 85, "column": 37 }
      },
      "85": {
        "start": { "line": 86, "column": 0 },
        "end": { "line": 86, "column": 53 }
      },
      "86": {
        "start": { "line": 87, "column": 0 },
        "end": { "line": 87, "column": 77 }
      },
      "87": {
        "start": { "line": 88, "column": 0 },
        "end": { "line": 88, "column": 41 }
      },
      "88": {
        "start": { "line": 89, "column": 0 },
        "end": { "line": 89, "column": 74 }
      },
      "89": {
        "start": { "line": 90, "column": 0 },
        "end": { "line": 90, "column": 54 }
      },
      "90": {
        "start": { "line": 91, "column": 0 },
        "end": { "line": 91, "column": 45 }
      },
      "91": {
        "start": { "line": 92, "column": 0 },
        "end": { "line": 92, "column": 30 }
      },
      "92": {
        "start": { "line": 93, "column": 0 },
        "end": { "line": 93, "column": 21 }
      },
      "93": {
        "start": { "line": 94, "column": 0 },
        "end": { "line": 94, "column": 26 }
      },
      "94": {
        "start": { "line": 95, "column": 0 },
        "end": { "line": 95, "column": 38 }
      },
      "95": {
        "start": { "line": 96, "column": 0 },
        "end": { "line": 96, "column": 74 }
      },
      "96": {
        "start": { "line": 97, "column": 0 },
        "end": { "line": 97, "column": 54 }
      },
      "97": {
        "start": { "line": 98, "column": 0 },
        "end": { "line": 98, "column": 44 }
      },
      "98": {
        "start": { "line": 99, "column": 0 },
        "end": { "line": 99, "column": 21 }
      },
      "99": {
        "start": { "line": 100, "column": 0 },
        "end": { "line": 100, "column": 109 }
      },
      "100": {
        "start": { "line": 101, "column": 0 },
        "end": { "line": 101, "column": 19 }
      },
      "101": {
        "start": { "line": 102, "column": 0 },
        "end": { "line": 102, "column": 30 }
      },
      "102": {
        "start": { "line": 103, "column": 0 },
        "end": { "line": 103, "column": 19 }
      },
      "103": {
        "start": { "line": 104, "column": 0 },
        "end": { "line": 104, "column": 67 }
      },
      "104": {
        "start": { "line": 105, "column": 0 },
        "end": { "line": 105, "column": 86 }
      },
      "105": {
        "start": { "line": 106, "column": 0 },
        "end": { "line": 106, "column": 85 }
      },
      "106": {
        "start": { "line": 107, "column": 0 },
        "end": { "line": 107, "column": 77 }
      },
      "107": {
        "start": { "line": 108, "column": 0 },
        "end": { "line": 108, "column": 46 }
      },
      "108": {
        "start": { "line": 109, "column": 0 },
        "end": { "line": 109, "column": 57 }
      },
      "109": {
        "start": { "line": 110, "column": 0 },
        "end": { "line": 110, "column": 73 }
      },
      "110": {
        "start": { "line": 111, "column": 0 },
        "end": { "line": 111, "column": 44 }
      },
      "111": {
        "start": { "line": 112, "column": 0 },
        "end": { "line": 112, "column": 238 }
      },
      "112": {
        "start": { "line": 113, "column": 0 },
        "end": { "line": 113, "column": 21 }
      },
      "113": {
        "start": { "line": 114, "column": 0 },
        "end": { "line": 114, "column": 117 }
      },
      "114": {
        "start": { "line": 115, "column": 0 },
        "end": { "line": 115, "column": 17 }
      },
      "115": {
        "start": { "line": 116, "column": 0 },
        "end": { "line": 116, "column": 22 }
      },
      "116": {
        "start": { "line": 117, "column": 0 },
        "end": { "line": 117, "column": 76 }
      },
      "117": {
        "start": { "line": 118, "column": 0 },
        "end": { "line": 118, "column": 56 }
      },
      "118": {
        "start": { "line": 119, "column": 0 },
        "end": { "line": 119, "column": 94 }
      },
      "119": {
        "start": { "line": 120, "column": 0 },
        "end": { "line": 120, "column": 126 }
      },
      "120": {
        "start": { "line": 121, "column": 0 },
        "end": { "line": 121, "column": 90 }
      },
      "121": {
        "start": { "line": 122, "column": 0 },
        "end": { "line": 122, "column": 56 }
      },
      "122": {
        "start": { "line": 123, "column": 0 },
        "end": { "line": 123, "column": 72 }
      },
      "123": {
        "start": { "line": 124, "column": 0 },
        "end": { "line": 124, "column": 71 }
      },
      "124": {
        "start": { "line": 125, "column": 0 },
        "end": { "line": 125, "column": 91 }
      },
      "125": {
        "start": { "line": 126, "column": 0 },
        "end": { "line": 126, "column": 21 }
      },
      "126": {
        "start": { "line": 127, "column": 0 },
        "end": { "line": 127, "column": 17 }
      },
      "127": {
        "start": { "line": 128, "column": 0 },
        "end": { "line": 128, "column": 13 }
      },
      "128": {
        "start": { "line": 129, "column": 0 },
        "end": { "line": 129, "column": 18 }
      },
      "129": {
        "start": { "line": 130, "column": 0 },
        "end": { "line": 130, "column": 104 }
      },
      "130": {
        "start": { "line": 131, "column": 0 },
        "end": { "line": 131, "column": 13 }
      },
      "131": {
        "start": { "line": 132, "column": 0 },
        "end": { "line": 132, "column": 32 }
      },
      "132": {
        "start": { "line": 133, "column": 0 },
        "end": { "line": 133, "column": 9 }
      },
      "133": {
        "start": { "line": 134, "column": 0 },
        "end": { "line": 134, "column": 5 }
      },
      "134": {
        "start": { "line": 135, "column": 0 },
        "end": { "line": 135, "column": 10 }
      },
      "135": {
        "start": { "line": 136, "column": 0 },
        "end": { "line": 136, "column": 147 }
      },
      "136": {
        "start": { "line": 137, "column": 0 },
        "end": { "line": 137, "column": 5 }
      },
      "137": {
        "start": { "line": 138, "column": 0 },
        "end": { "line": 138, "column": 1 }
      },
      "138": {
        "start": { "line": 139, "column": 0 },
        "end": { "line": 139, "column": 52 }
      }
    },
    "s": {
      "0": 1,
      "1": 1,
      "2": 1,
      "3": 1,
      "4": 1,
      "5": 1,
      "6": 1,
      "7": 1,
      "8": 1,
      "9": 1,
      "10": 1,
      "11": 15,
      "12": 15,
      "13": 15,
      "14": 15,
      "15": 15,
      "16": 15,
      "17": 15,
      "18": 15,
      "19": 15,
      "20": 15,
      "21": 0,
      "22": 0,
      "23": 0,
      "24": 0,
      "25": 0,
      "26": 0,
      "27": 0,
      "28": 0,
      "29": 0,
      "30": 0,
      "31": 0,
      "32": 15,
      "33": 1,
      "34": 1,
      "35": 1,
      "36": 1,
      "37": 1,
      "38": 1,
      "39": 1,
      "40": 1,
      "41": 1,
      "42": 1,
      "43": 1,
      "44": 3,
      "45": 0,
      "46": 0,
      "47": 3,
      "48": 3,
      "49": 3,
      "50": 1,
      "51": 1,
      "52": 1,
      "53": 1,
      "54": 1,
      "55": 1,
      "56": 1,
      "57": 2,
      "58": 2,
      "59": 2,
      "60": 2,
      "61": 2,
      "62": 2,
      "63": 2,
      "64": 1,
      "65": 1,
      "66": 1,
      "67": 1,
      "68": 1,
      "69": 1,
      "70": 1,
      "71": 1,
      "72": 1,
      "73": 1,
      "74": 0,
      "75": 0,
      "76": 0,
      "77": 0,
      "78": 0,
      "79": 1,
      "80": 1,
      "81": 1,
      "82": 1,
      "83": 4,
      "84": 12,
      "85": 12,
      "86": 0,
      "87": 0,
      "88": 0,
      "89": 0,
      "90": 0,
      "91": 0,
      "92": 0,
      "93": 12,
      "94": 12,
      "95": 12,
      "96": 12,
      "97": 12,
      "98": 12,
      "99": 12,
      "100": 4,
      "101": 4,
      "102": 1,
      "103": 1,
      "104": 1,
      "105": 1,
      "106": 1,
      "107": 1,
      "108": 0,
      "109": 0,
      "110": 0,
      "111": 0,
      "112": 0,
      "113": 0,
      "114": 0,
      "115": 0,
      "116": 0,
      "117": 0,
      "118": 0,
      "119": 0,
      "120": 0,
      "121": 0,
      "122": 0,
      "123": 0,
      "124": 0,
      "125": 0,
      "126": 0,
      "127": 0,
      "128": 1,
      "129": 1,
      "130": 1,
      "131": 1,
      "132": 1,
      "133": 1,
      "134": 0,
      "135": 0,
      "136": 0,
      "137": 2,
      "138": 1
    },
    "branchMap": {
      "0": {
        "type": "branch",
        "line": 1,
        "loc": {
          "start": { "line": 1, "column": 0 },
          "end": { "line": 139, "column": 52 }
        },
        "locations": [
          {
            "start": { "line": 1, "column": 0 },
            "end": { "line": 139, "column": 52 }
          }
        ]
      },
      "1": {
        "type": "branch",
        "line": 1,
        "loc": {
          "start": { "line": 1, "column": 0 },
          "end": { "line": 139, "column": 52 }
        },
        "locations": [
          {
            "start": { "line": 1, "column": 0 },
            "end": { "line": 139, "column": 52 }
          }
        ]
      },
      "2": {
        "type": "branch",
        "line": 12,
        "loc": {
          "start": { "line": 12, "column": 0 },
          "end": { "line": 33, "column": 1 }
        },
        "locations": [
          {
            "start": { "line": 12, "column": 0 },
            "end": { "line": 33, "column": 1 }
          }
        ]
      },
      "3": {
        "type": "branch",
        "line": 13,
        "loc": {
          "start": { "line": 13, "column": 36 },
          "end": { "line": 14, "column": 31 }
        },
        "locations": [
          {
            "start": { "line": 13, "column": 36 },
            "end": { "line": 14, "column": 31 }
          }
        ]
      },
      "4": {
        "type": "branch",
        "line": 16,
        "loc": {
          "start": { "line": 16, "column": 12 },
          "end": { "line": 16, "column": 21 }
        },
        "locations": [
          {
            "start": { "line": 16, "column": 12 },
            "end": { "line": 16, "column": 21 }
          }
        ]
      },
      "5": {
        "type": "branch",
        "line": 22,
        "loc": {
          "start": { "line": 22, "column": -1 },
          "end": { "line": 32, "column": 5 }
        },
        "locations": [
          {
            "start": { "line": 22, "column": -1 },
            "end": { "line": 32, "column": 5 }
          }
        ]
      },
      "6": {
        "type": "branch",
        "line": 43,
        "loc": {
          "start": { "line": 43, "column": 0 },
          "end": { "line": 52, "column": 1 }
        },
        "locations": [
          {
            "start": { "line": 43, "column": 0 },
            "end": { "line": 52, "column": 1 }
          }
        ]
      },
      "7": {
        "type": "branch",
        "line": 44,
        "loc": {
          "start": { "line": 44, "column": 23 },
          "end": { "line": 51, "column": 5 }
        },
        "locations": [
          {
[...]
          "end": { "line": 23, "column": 1 }
        },
        "line": 21
      },
      "3": {
        "name": "drawBorder",
        "decl": {
          "start": { "line": 26, "column": 0 },
          "end": { "line": 47, "column": 1 }
        },
        "loc": {
          "start": { "line": 26, "column": 0 },
          "end": { "line": 47, "column": 1 }
        },
        "line": 26
      },
      "4": {
        "name": "wrapText",
        "decl": {
          "start": { "line": 50, "column": 0 },
          "end": { "line": 87, "column": 1 }
        },
        "loc": {
          "start": { "line": 50, "column": 0 },
          "end": { "line": 87, "column": 1 }
        },
        "line": 50
      },
      "5": {
        "name": "breakWord",
        "decl": {
          "start": { "line": 89, "column": 0 },
          "end": { "line": 107, "column": 1 }
        },
        "loc": {
          "start": { "line": 89, "column": 0 },
          "end": { "line": 107, "column": 1 }
        },
        "line": 89
      },
      "6": {
        "name": "getTextCoordinates",
        "decl": {
          "start": { "line": 118, "column": 0 },
          "end": { "line": 144, "column": 1 }
        },
        "loc": {
          "start": { "line": 118, "column": 0 },
          "end": { "line": 144, "column": 1 }
        },
        "line": 118
      },
      "7": {
        "name": "getImageCoordinates",
        "decl": {
          "start": { "line": 147, "column": 0 },
          "end": { "line": 171, "column": 1 }
        },
        "loc": {
          "start": { "line": 147, "column": 0 },
          "end": { "line": 171, "column": 1 }
        },
        "line": 147
      }
    },
    "f": { "0": 12, "1": 0, "2": 12, "3": 14, "4": 18, "5": 0, "6": 6, "7": 0 }
  },
  "/Users/matt/dev/pdfTableLib/DrawTable/src/helpers/validateAndConvert.ts": {
    "path": "/Users/matt/dev/pdfTableLib/DrawTable/src/helpers/validateAndConvert.ts",
    "all": false,
    "statementMap": {
      "0": {
        "start": { "line": 1, "column": 0 },
        "end": { "line": 1, "column": 8 }
      },
      "1": {
        "start": { "line": 2, "column": 0 },
        "end": { "line": 2, "column": 35 }
      },
      "2": {
        "start": { "line": 3, "column": 0 },
        "end": { "line": 3, "column": 14 }
      },
      "3": {
        "start": { "line": 4, "column": 0 },
        "end": { "line": 4, "column": 14 }
      },
      "4": {
        "start": { "line": 5, "column": 0 },
        "end": { "line": 5, "column": 21 }
      },
      "5": {
        "start": { "line": 6, "column": 0 },
        "end": { "line": 6, "column": 0 }
      },
      "6": {
        "start": { "line": 7, "column": 0 },
        "end": { "line": 7, "column": 43 }
      },
      "7": {
        "start": { "line": 8, "column": 0 },
        "end": { "line": 8, "column": 41 }
      },
      "8": {
        "start": { "line": 9, "column": 0 },
        "end": { "line": 9, "column": 29 }
      },
      "9": {
        "start": { "line": 10, "column": 0 },
        "end": { "line": 10, "column": 43 }
      },
      "10": {
        "start": { "line": 11, "column": 0 },
        "end": { "line": 11, "column": 49 }
      },
      "11": {
        "start": { "line": 12, "column": 0 },
        "end": { "line": 12, "column": 0 }
      },
      "12": {
        "start": { "line": 13, "column": 0 },
        "end": { "line": 13, "column": 59 }
      },
      "13": {
        "start": { "line": 14, "column": 0 },
        "end": { "line": 14, "column": 73 }
      },
      "14": {
        "start": { "line": 15, "column": 0 },
        "end": { "line": 15, "column": 5 }
      },
      "15": {
        "start": { "line": 16, "column": 0 },
        "end": { "line": 16, "column": 0 }
      },
      "16": {
        "start": { "line": 17, "column": 0 },
        "end": { "line": 17, "column": 27 }
      },
      "17": {
        "start": { "line": 18, "column": 0 },
        "end": { "line": 18, "column": 41 }
      },
      "18": {
        "start": { "line": 19, "column": 0 },
        "end": { "line": 19, "column": 66 }
      },
      "19": {
        "start": { "line": 20, "column": 0 },
        "end": { "line": 20, "column": 0 }
      },
      "20": {
        "start": { "line": 21, "column": 0 },
        "end": { "line": 21, "column": 50 }
      },
      "21": {
        "start": { "line": 22, "column": 0 },
        "end": { "line": 22, "column": 30 }
      },
      "22": {
        "start": { "line": 23, "column": 0 },
        "end": { "line": 23, "column": 27 }
      },
      "23": {
        "start": { "line": 24, "column": 0 },
        "end": { "line": 24, "column": 51 }
      },
      "24": {
        "start": { "line": 25, "column": 0 },
        "end": { "line": 25, "column": 0 }
      },
      "25": {
        "start": { "line": 26, "column": 0 },
        "end": { "line": 26, "column": 43 }
      },
      "26": {
        "start": { "line": 27, "column": 0 },
        "end": { "line": 27, "column": 42 }
      },
      "27": {
        "start": { "line": 28, "column": 0 },
        "end": { "line": 28, "column": 0 }
      },
      "28": {
        "start": { "line": 29, "column": 0 },
        "end": { "line": 29, "column": 51 }
      },
      "29": {
        "start": { "line": 30, "column": 0 },
        "end": { "line": 30, "column": 39 }
      },
      "30": {
        "start": { "line": 31, "column": 0 },
        "end": { "line": 31, "column": 21 }
      },
      "31": {
        "start": { "line": 32, "column": 0 },
        "end": { "line": 32, "column": 31 }
      },
      "32": {
        "start": { "line": 33, "column": 0 },
        "end": { "line": 33, "column": 11 }
      },
      "33": {
        "start": { "line": 34, "column": 0 },
        "end": { "line": 34, "column": 9 }
      },
      "34": {
        "start": { "line": 35, "column": 0 },
        "end": { "line": 35, "column": 39 }
      },
      "35": {
        "start": { "line": 36, "column": 0 },
        "end": { "line": 36, "column": 7 }
      },
      "36": {
        "start": { "line": 37, "column": 0 },
        "end": { "line": 37, "column": 0 }
      },
      "37": {
        "start": { "line": 38, "column": 0 },
        "end": { "line": 38, "column": 30 }
      },
      "38": {
        "start": { "line": 39, "column": 0 },
        "end": { "line": 39, "column": 6 }
      },
      "39": {
        "start": { "line": 40, "column": 0 },
        "end": { "line": 40, "column": 0 }
      },
      "40": {
        "start": { "line": 41, "column": 0 },
        "end": { "line": 41, "column": 63 }
      },
      "41": {
        "start": { "line": 42, "column": 0 },
        "end": { "line": 42, "column": 63 }
      },
      "42": {
        "start": { "line": 43, "column": 0 },
        "end": { "line": 43, "column": 0 }
      },
      "43": {
        "start": { "line": 44, "column": 0 },
        "end": { "line": 44, "column": 74 }
      },
      "44": {
        "start": { "line": 45, "column": 0 },
        "end": { "line": 45, "column": 79 }
      },
      "45": {
        "start": { "line": 46, "column": 0 },
        "end": { "line": 46, "column": 73 }
      },
      "46": {
        "start": { "line": 47, "column": 0 },
        "end": { "line": 47, "column": 0 }
      },
      "47": {
        "start": { "line": 48, "column": 0 },
        "end": { "line": 48, "column": 43 }
      },
      "48": {
        "start": { "line": 49, "column": 0 },
        "end": { "line": 49, "column": 73 }
      },
      "49": {
        "start": { "line": 50, "column": 0 },
        "end": { "line": 50, "column": 7 }
      },
      "50": {
        "start": { "line": 51, "column": 0 },
        "end": { "line": 51, "column": 0 }
      },
      "51": {
        "start": { "line": 52, "column": 0 },
        "end": { "line": 52, "column": 53 }
      },
      "52": {
        "start": { "line": 53, "column": 0 },
        "end": { "line": 53, "column": 43 }
      },
      "53": {
        "start": { "line": 54, "column": 0 },
        "end": { "line": 54, "column": 17 }
      },
      "54": {
        "start": { "line": 55, "column": 0 },
        "end": { "line": 55, "column": 77 }
      },
      "55": {
        "start": { "line": 56, "column": 0 },
        "end": { "line": 56, "column": 12 }
      },
      "56": {
        "start": { "line": 57, "column": 0 },
        "end": { "line": 57, "column": 9 }
      },
      "57": {
        "start": { "line": 58, "column": 0 },
        "end": { "line": 58, "column": 0 }
      },
      "58": {
        "start": { "line": 59, "column": 0 },
        "end": { "line": 59, "column": 24 }
      },
      "59": {
        "start": { "line": 60, "column": 0 },
        "end": { "line": 60, "column": 78 }
      },
      "60": {
        "start": { "line": 61, "column": 0 },
        "end": { "line": 61, "column": 50 }
      },
      "61": {
        "start": { "line": 62, "column": 0 },
        "end": { "line": 62, "column": 17 }
      },
      "62": {
        "start": { "line": 63, "column": 0 },
        "end": { "line": 63, "column": 78 }
      },
      "63": {
        "start": { "line": 64, "column": 0 },
        "end": { "line": 64, "column": 12 }
      },
      "64": {
        "start": { "line": 65, "column": 0 },
        "end": { "line": 65, "column": 9 }
      },
      "65": {
        "start": { "line": 66, "column": 0 },
        "end": { "line": 66, "column": 0 }
      },
      "66": {
        "start": { "line": 67, "column": 0 },
        "end": { "line": 67, "column": 19 }
      },
      "67": {
        "start": { "line": 68, "column": 0 },
        "end": { "line": 68, "column": 9 }
      },
      "68": {
        "start": { "line": 69, "column": 0 },
        "end": { "line": 69, "column": 0 }
      },
      "69": {
        "start": { "line": 70, "column": 0 },
        "end": { "line": 70, "column": 25 }
      },
      "70": {
        "start": { "line": 71, "column": 0 },
        "end": { "line": 71, "column": 6 }
      },
      "71": {
        "start": { "line": 72, "column": 0 },
        "end": { "line": 72, "column": 0 }
      },
      "72": {
        "start": { "line": 73, "column": 0 },
        "end": { "line": 73, "column": 48 }
      },
      "73": {
        "start": { "line": 74, "column": 0 },
        "end": { "line": 74, "column": 50 }
      },
      "74": {
        "start": { "line": 75, "column": 0 },
        "end": { "line": 75, "column": 13 }
      },
      "75": {
        "start": { "line": 76, "column": 0 },
        "end": { "line": 76, "column": 70 }
      },
      "76": {
        "start": { "line": 77, "column": 0 },
        "end": { "line": 77, "column": 0 }
      },
      "77": {
        "start": { "line": 78, "column": 0 },
        "end": { "line": 78, "column": 37 }
      },
      "78": {
        "start": { "line": 79, "column": 0 },
        "end": { "line": 79, "column": 5 }
      },
      "79": {
        "start": { "line": 80, "column": 0 },
        "end": { "line": 80, "column": 1 }
      },
      "80": {
        "start": { "line": 81, "column": 0 },
        "end": { "line": 81, "column": 0 }
      },
      "81": {
        "start": { "line": 82, "column": 0 },
        "end": { "line": 82, "column": 43 }
      }
    },
    "s": {
      "0": 1,
      "1": 1,
      "2": 1,
      "3": 1,
      "4": 1,
      "5": 1,
      "6": 3,
      "7": 3,
      "8": 3,
      "9": 3,
      "10": 3,
      "11": 3,
      "12": 3,
      "13": 0,
      "14": 0,
      "15": 3,
      "16": 3,
      "17": 3,
      "18": 3,
      "19": 3,
      "20": 3,
      "21": 0,
      "22": 0,
      "23": 0,
      "24": 0,
      "25": 0,
      "26": 0,
      "27": 0,
      "28": 0,
      "29": 0,
      "30": 0,
      "31": 0,
      "32": 0,
      "33": 0,
      "34": 0,
      "35": 0,
      "36": 0,
      "37": 0,
      "38": 3,
      "39": 3,
      "40": 3,
      "41": 3,
      "42": 3,
      "43": 3,
      "44": 3,
      "45": 3,
      "46": 3,
      "47": 3,
      "48": 0,
      "49": 0,
      "50": 3,
      "51": 3,
      "52": 8,
      "53": 0,
      "54": 0,
      "55": 0,
      "56": 0,
      "57": 8,
      "58": 8,
      "59": 8,
      "60": 8,
      "61": 0,
      "62": 0,
      "63": 0,
      "64": 0,
      "65": 0,
      "66": 0,
      "67": 3,
      "68": 3,
      "69": 3,
      "70": 3,
      "71": 3,
      "72": 3,
      "73": 3,
      "74": 3,
      "75": 3,
      "76": 3,
      "77": 3,
      "78": 3,
      "79": 3,
      "80": 1,
      "81": 1
    },
    "branchMap": {
      "0": {
        "type": "branch",
        "line": 7,
        "loc": {
          "start": { "line": 7, "column": 0 },
          "end": { "line": 80, "column": 1 }
        },
        "locations": [
          {
            "start": { "line": 7, "column": 0 },
            "end": { "line": 80, "column": 1 }
          }
        ]
      },
      "1": {
        "type": "branch",
        "line": 10,
        "loc": {
          "start": { "line": 10, "column": 21 },
          "end": { "line": 79, "column": 3 }
        },
        "locations": [
          {
            "start": { "line": 10, "column": 21 },
            "end": { "line": 79, "column": 3 }
          }
        ]
      },
      "2": {
        "type": "branch",
        "line": 13,
        "loc": {
          "start": { "line": 13, "column": 28 },
          "end": { "line": 13, "column": 56 }
        },
        "locations": [
          {
            "start": { "line": 13, "column": 28 },
            "end": { "line": 13, "column": 56 }
          }
        ]
      },
      "3": {
        "type": "branch",
        "line": 13,
        "loc": {
          "start": { "line": 13, "column": 58 },
          "end": { "line": 15, "column": 5 }
        },
        "locations": [
          {
            "start": { "line": 13, "column": 58 },
            "end": { "line": 15, "column": 5 }
          }
        ]
      },
      "4": {
        "type": "branch",
        "line": 74,
        "loc": {
          "start": { "line": 74, "column": 6 },
          "end": { "line": 74, "column": 50 }
        },
        "locations": [
          {
            "start": { "line": 74, "column": 6 },
            "end": { "line": 74, "column": 50 }
          }
        ]
      },
      "5": {
        "type": "branch",
        "line": 17,
        "loc": {
          "start": { "line": 17, "column": 26 },
          "end": { "line": 19, "column": 65 }
        },
        "locations": [
          {
            "start": { "line": 17, "column": 26 },
            "end": { "line": 19, "column": 65 }
          }
        ]
      },
      "6": {
        "type": "branch",
        "line": 19,
        "loc": {
          "start": { "line": 19, "column": 47 },
          "end": { "line": 19, "column": 65 }
        },
        "locations": [
          {
            "start": { "line": 19, "column": 47 },
            "end": { "line": 19, "column": 65 }
          }
        ]
      },
      "7": {
        "type": "branch",
        "line": 41,
        "loc": {
          "start": { "line": 41, "column": 28 },
          "end": { "line": 42, "column": 62 }
        },
        "locations": [
          {
            "start": { "line": 41, "column": 28 },
            "end": { "line": 42, "column": 62 }
          }
        ]
      },
      "8": {
        "type": "branch",
        "line": 42,
        "loc": {
          "start": { "line": 42, "column": 19 },
          "end": { "line": 42, "column": 58 }
        },
        "locations": [
          {
            "start": { "line": 42, "column": 19 },
            "end": { "line": 42, "column": 58 }
          }
        ]
      },
      "9": {
        "type": "branch",
        "line": 44,
        "loc": {
          "start": { "line": 44, "column": 28 },
          "end": { "line": 71, "column": 5 }
        },
        "locations": [
          {
            "start": { "line": 44, "column": 28 },
            "end": { "line": 71, "column": 5 }
          }
        ]
      },
      "10": {
        "type": "branch",
        "line": 45,
        "loc": {
          "start": { "line": 45, "column": 70 },
          "end": { "line": 45, "column": 77 }
        },
        "locations": [
          {
            "start": { "line": 45, "column": 70 },
            "end": { "line": 45, "column": 77 }
          }
        ]
      },
      "11": {
        "type": "branch",
        "line": 46,
        "loc": {
          "start": { "line": 46, "column": 58 },
          "end": { "line": 46, "column": 72 }
        },
        "locations": [
          {
            "start": { "line": 46, "column": 58 },
            "end": { "line": 46, "column": 72 }
          }
        ]
      },
      "12": {
        "type": "branch",
        "line": 48,
        "loc": {
          "start": { "line": 48, "column": 42 },
          "end": { "line": 50, "column": 7 }
        },
        "locations": [
          {
            "start": { "line": 48, "column": 42 },
            "end": { "line": 50, "column": 7 }
          }
        ]
      },
      "13": {
        "type": "branch",
        "line": 52,
        "loc": {
          "start": { "line": 52, "column": 36 },
          "end": { "line": 68, "column": 7 }
        },
        "locations": [
          {
            "start": { "line": 52, "column": 36 },
            "end": { "line": 68, "column": 7 }
          }
        ]
      },
      "14": {
        "type": "branch",
        "line": 53,
        "loc": {
          "start": { "line": 53, "column": 42 },
          "end": { "line": 57, "column": 9 }
        },
        "locations": [
          {
            "start": { "line": 53, "column": 42 },
            "end": { "line": 57, "column": 9 }
          }
        ]
      },
      "15": {
        "type": "branch",
        "line": 61,
        "loc": {
          "start": { "line": 61, "column": 9 },
          "end": { "line": 68, "column": 7 }
        },
        "locations": [
          {
            "start": { "line": 61, "column": 9 },
            "end": { "line": 68, "column": 7 }
          }
        ]
      }
    },
    "b": {
      "0": [3],
      "1": [3],
      "2": [0],
      "3": [0],
      "4": [0],
      "5": [3],
      "6": [0],
      "7": [3],
      "8": [5],
      "9": [3],
      "10": [0],
      "11": [0],
      "12": [0],
      "13": [8],
      "14": [0],
      "15": [0]
    },
    "fnMap": {
      "0": {
        "name": "validateAndConvertTableData",
        "decl": {
          "start": { "line": 7, "column": 0 },
          "end": { "line": 80, "column": 1 }
        },
        "loc": {
          "start": { "line": 7, "column": 0 },
          "end": { "line": 80, "column": 1 }
        },
        "line": 7
      },
      "1": {
        "name": "isTableObject",
        "decl": {
          "start": { "line": 17, "column": 26 },
          "end": { "line": 19, "column": 65 }
        },
        "loc": {
          "start": { "line": 17, "column": 26 },
          "end": { "line": 19, "column": 65 }
        },
        "line": 17
      },
      "2": {
        "name": "convertTableObjectToCellContentArray",
        "decl": {
          "start": { "line": 21, "column": 49 },
          "end": { "line": 39, "column": 5 }
        },
        "loc": {
          "start": { "line": 21, "column": 49 },
          "end": { "line": 39, "column": 5 }
        },
        "line": 21
      },
      "3": {
        "name": "getMaxRowLength",
        "decl": {
          "start": { "line": 41, "column": 28 },
          "end": { "line": 42, "column": 62 }
        },
        "loc": {
          "start": { "line": 41, "column": 28 },
          "end": { "line": 42, "column": 62 }
        },
        "line": 41
      },
      "4": {
        "name": "validateAndFill",
        "decl": {
          "start": { "line": 44, "column": 28 },
          "end": { "line": 71, "column": 5 }
        },
        "loc": {
          "start": { "line": 44, "column": 28 },
          "end": { "line": 71, "column": 5 }
        },
        "line": 44
      }
    },
    "f": { "0": 3, "1": 3, "2": 0, "3": 3, "4": 3 }
  }
}
