TN:
SF:build/src/drawPDFTable.js
FN:1,Object.<anonymous>
FN:4,Object.<anonymous>.__awaiter
FN:5,adopt
FN:13,fulfilled
FN:20,rejected
FN:27,step
FN:37,Object.<anonymous>.__importDefault
FN:52,DrawTableError
FN:83,drawTable
FNF:9
FNH:8
FNDA:1,Object.<anonymous>
FNDA:3,Object.<anonymous>.__awaiter
FNDA:18,adopt
FNDA:18,fulfilled
FNDA:0,rejected
FNDA:19,step
FNDA:1,Object.<anonymous>.__importDefault
FNDA:2,DrawTableError
FNDA:3,drawTable
DA:1,1
DA:2,1
DA:3,1
DA:4,1
DA:5,3
DA:6,18
DA:7,18
DA:8,18
DA:9,0
DA:10,18
DA:11,18
DA:12,3
DA:13,3
DA:14,18
DA:15,18
DA:16,18
DA:17,2
DA:18,2
DA:19,18
DA:20,3
DA:21,0
DA:22,0
DA:23,0
DA:24,0
DA:25,0
DA:26,0
DA:27,3
DA:28,19
DA:29,19
DA:30,19
DA:31,19
DA:32,3
DA:33,3
DA:34,1
DA:35,1
DA:36,1
DA:37,1
DA:38,1
DA:39,1
DA:40,1
DA:41,1
DA:42,1
DA:43,1
DA:44,1
DA:45,1
DA:46,1
DA:47,1
DA:48,1
DA:49,1
DA:50,1
DA:51,1
DA:52,1
DA:53,2
DA:54,2
DA:55,2
DA:56,2
DA:57,1
DA:58,1
DA:59,1
DA:60,1
DA:61,1
DA:62,1
DA:63,1
DA:64,1
DA:65,1
DA:66,1
DA:67,1
DA:68,1
DA:69,1
DA:70,1
DA:71,1
DA:72,1
DA:73,1
DA:74,1
DA:75,1
DA:76,1
DA:77,1
DA:78,1
DA:79,1
DA:80,1
DA:81,1
DA:82,1
DA:83,3
DA:84,3
DA:85,3
DA:86,3
DA:87,3
DA:88,3
DA:89,3
DA:90,3
DA:91,3
DA:92,3
DA:93,3
DA:94,3
DA:95,3
DA:96,3
DA:97,3
DA:98,3
DA:99,3
DA:100,3
DA:101,3
DA:102,3
DA:103,3
DA:104,3
DA:105,3
DA:106,3
DA:107,3
DA:108,3
DA:109,3
DA:110,3
DA:111,3
DA:112,3
DA:113,3
DA:114,3
DA:115,3
DA:116,3
DA:117,3
DA:118,3
DA:119,3
DA:120,3
DA:121,3
DA:122,0
DA:123,0
DA:124,0
DA:125,0
DA:126,0
DA:127,3
DA:128,3
DA:129,3
DA:130,1
DA:131,3
DA:132,0
DA:133,0
DA:134,0
DA:135,0
DA:136,0
DA:137,3
DA:138,3
DA:139,3
DA:140,3
DA:141,3
DA:142,3
DA:143,1
DA:144,1
DA:145,1
DA:146,3
DA:147,0
DA:148,0
DA:149,0
DA:150,0
DA:151,0
DA:152,3
DA:153,3
DA:154,3
DA:155,3
DA:156,3
DA:157,3
DA:158,3
DA:159,3
DA:160,3
DA:161,3
DA:162,2
DA:163,2
DA:164,2
DA:165,2
DA:166,2
DA:167,2
DA:168,2
DA:169,2
DA:170,2
DA:171,2
DA:172,2
DA:173,2
DA:174,2
DA:175,2
DA:176,2
DA:177,2
DA:178,3
DA:179,3
DA:180,3
DA:181,3
DA:182,3
DA:183,1
DA:184,1
DA:185,1
DA:186,1
DA:187,1
DA:188,2
DA:189,2
DA:190,3
DA:191,3
DA:192,3
DA:193,3
DA:194,1
DA:195,1
DA:196,1
DA:197,1
DA:198,1
DA:199,1
DA:200,1
DA:201,1
DA:202,1
DA:203,1
DA:204,1
DA:205,1
DA:206,1
DA:207,1
DA:208,1
DA:209,1
DA:210,1
DA:211,1
DA:212,3
DA:213,1
DA:214,1
DA:215,1
DA:216,1
DA:217,1
DA:218,1
DA:219,1
DA:220,1
DA:221,1
DA:222,1
DA:223,3
DA:224,0
DA:225,0
DA:226,0
DA:227,0
DA:228,0
DA:229,0
DA:230,0
DA:231,0
DA:232,0
DA:233,0
DA:234,0
DA:235,0
DA:236,0
DA:237,0
DA:238,0
DA:239,0
DA:240,0
DA:241,0
DA:242,0
DA:243,1
DA:244,1
DA:245,1
DA:246,1
DA:247,1
DA:248,3
DA:249,0
DA:250,0
DA:251,1
DA:252,3
DA:253,2
DA:254,2
DA:255,2
DA:256,2
DA:257,2
DA:258,2
DA:259,2
DA:260,2
DA:261,2
DA:262,2
DA:263,2
DA:264,2
DA:265,2
DA:266,2
DA:267,2
DA:268,2
DA:269,2
DA:270,2
DA:271,2
DA:272,6
DA:273,6
DA:274,6
DA:275,6
DA:276,6
DA:277,6
DA:278,6
DA:279,6
DA:280,6
DA:281,6
DA:282,6
DA:283,3
DA:284,3
DA:285,3
DA:286,3
DA:287,3
DA:288,3
DA:289,3
DA:290,3
DA:291,3
DA:292,3
DA:293,6
DA:294,6
DA:295,6
DA:296,6
DA:297,0
DA:298,0
DA:299,0
DA:300,0
DA:301,0
DA:302,0
DA:303,0
DA:304,0
DA:305,0
DA:306,0
DA:307,6
DA:308,6
DA:309,6
DA:310,6
DA:311,6
DA:312,6
DA:313,6
DA:314,6
DA:315,6
DA:316,6
DA:317,6
DA:318,6
DA:319,2
DA:320,2
DA:321,2
DA:322,2
DA:323,2
DA:324,2
DA:325,2
DA:326,2
DA:327,2
DA:328,2
DA:329,6
DA:330,6
DA:331,6
DA:332,6
DA:333,6
DA:334,6
DA:335,6
DA:336,6
DA:337,6
DA:338,6
DA:339,6
DA:340,6
DA:341,6
DA:342,0
DA:343,0
DA:344,0
DA:345,0
DA:346,0
DA:347,0
DA:348,0
DA:349,0
DA:350,0
DA:351,0
DA:352,0
DA:353,0
DA:354,0
DA:355,0
DA:356,0
DA:357,0
DA:358,0
DA:359,0
DA:360,0
DA:361,0
DA:362,6
DA:363,6
DA:364,6
DA:365,6
DA:366,6
DA:367,6
DA:368,6
DA:369,6
DA:370,6
DA:371,6
DA:372,6
DA:373,6
DA:374,6
DA:375,6
DA:376,6
DA:377,6
DA:378,6
DA:379,6
DA:380,6
DA:381,6
DA:382,2
DA:383,2
DA:384,0
DA:385,0
DA:386,0
DA:387,0
DA:388,0
DA:389,2
DA:390,1
DA:391,1
DA:392,1
DA:393,1
DA:394,1
DA:395,1
DA:396,1
DA:397,1
DA:398,1
DA:399,1
DA:400,1
DA:401,3
DA:402,3
DA:403,1
LF:403
LH:325
BRDA:1,0,0,1
BRDA:1,1,0,1
BRDA:4,2,0,3
BRDA:5,3,0,18
BRDA:8,4,0,0
BRDA:12,5,0,3
BRDA:13,6,0,18
BRDA:16,7,0,2
BRDA:27,8,0,19
BRDA:29,9,0,1
BRDA:30,10,0,18
BRDA:37,11,0,1
BRDA:38,12,0,0
BRDA:52,13,0,2
BRDA:83,14,0,3
BRDA:85,15,0,3
BRDA:94,16,0,0
BRDA:121,17,0,0
BRDA:129,18,0,1
BRDA:131,19,0,0
BRDA:139,20,0,0
BRDA:141,21,0,0
BRDA:142,22,0,1
BRDA:144,23,0,0
BRDA:146,24,0,0
BRDA:158,25,0,0
BRDA:160,26,0,1
BRDA:161,27,0,2
BRDA:163,28,0,0
BRDA:174,29,0,0
BRDA:175,30,0,0
BRDA:182,31,0,1
BRDA:188,32,0,2
BRDA:190,33,0,0
BRDA:191,34,0,2
BRDA:192,35,0,1
BRDA:193,36,0,1
BRDA:200,37,0,0
BRDA:204,38,0,0
BRDA:205,39,0,0
BRDA:213,40,0,1
BRDA:223,41,0,0
BRDA:243,42,0,1
BRDA:248,43,0,0
BRDA:251,44,0,1
BRDA:252,45,0,2
BRDA:261,46,0,1
BRDA:261,47,0,1
BRDA:261,48,0,1
BRDA:262,49,0,1
BRDA:262,50,0,1
BRDA:262,51,0,1
BRDA:268,52,0,1
BRDA:271,53,0,6
BRDA:273,54,0,0
BRDA:274,55,0,3
BRDA:274,56,0,3
BRDA:275,57,0,3
BRDA:275,58,0,3
BRDA:276,59,0,3
BRDA:276,60,0,3
BRDA:279,61,0,3
BRDA:280,62,0,3
BRDA:282,63,0,3
BRDA:296,64,0,3
BRDA:296,65,0,0
BRDA:318,66,0,2
BRDA:341,67,0,0
BRDA:383,68,0,0
BRDA:390,69,0,1
BRDA:180,70,0,9
BRDA:192,71,0,4
BRF:72
BRH:49
end_of_record
TN:
SF:build/src/helpers/columnWidths.js
FN:1,Object.<anonymous>
FN:12,getContentWidth
FN:37,calculateHeaderWidths
FN:59,generateColumnWidths
FNF:4
FNH:4
FNDA:1,Object.<anonymous>
FNDA:15,getContentWidth
FNDA:1,calculateHeaderWidths
FNDA:2,generateColumnWidths
DA:1,1
DA:2,1
DA:3,1
DA:4,1
DA:5,1
DA:6,1
DA:7,1
DA:8,1
DA:9,1
DA:10,1
DA:11,1
DA:12,15
DA:13,15
DA:14,15
DA:15,15
DA:16,15
DA:17,15
DA:18,15
DA:19,0
DA:20,0
DA:21,0
DA:22,0
DA:23,0
DA:24,0
DA:25,0
DA:26,0
DA:27,15
DA:28,1
DA:29,1
DA:30,1
DA:31,1
DA:32,1
DA:33,1
DA:34,1
DA:35,1
DA:36,1
DA:37,1
DA:38,1
DA:39,1
DA:40,1
DA:41,1
DA:42,1
DA:43,1
DA:44,1
DA:45,3
DA:46,0
DA:47,0
DA:48,3
DA:49,3
DA:50,3
DA:51,3
DA:52,1
DA:53,1
DA:54,1
DA:55,1
DA:56,1
DA:57,1
DA:58,1
DA:59,2
DA:60,2
DA:61,2
DA:62,2
DA:63,2
DA:64,2
DA:65,2
DA:66,2
DA:67,2
DA:68,2
DA:69,2
DA:70,2
DA:71,2
DA:72,2
DA:73,2
DA:74,2
DA:75,2
DA:76,2
DA:77,1
DA:78,1
DA:79,1
DA:80,1
DA:81,1
DA:82,1
DA:83,1
DA:84,1
DA:85,1
DA:86,1
DA:87,1
DA:88,1
DA:89,1
DA:90,1
DA:91,0
DA:92,0
DA:93,0
DA:94,0
DA:95,0
DA:96,0
DA:97,0
DA:98,1
DA:99,1
DA:100,1
DA:101,1
DA:102,4
DA:103,12
DA:104,12
DA:105,0
DA:106,0
DA:107,0
DA:108,0
DA:109,0
DA:110,0
DA:111,0
DA:112,0
DA:113,12
DA:114,12
DA:115,12
DA:116,12
DA:117,12
DA:118,12
DA:119,12
DA:120,12
DA:121,12
DA:122,12
DA:123,12
DA:124,4
DA:125,4
DA:126,1
DA:127,1
DA:128,1
DA:129,1
DA:130,1
DA:131,1
DA:132,0
DA:133,0
DA:134,0
DA:135,0
DA:136,0
DA:137,0
DA:138,0
DA:139,0
DA:140,0
DA:141,0
DA:142,0
DA:143,0
DA:144,0
DA:145,0
DA:146,0
DA:147,0
DA:148,0
DA:149,0
DA:150,0
DA:151,0
DA:152,0
DA:153,0
DA:154,0
DA:155,0
DA:156,0
DA:157,0
DA:158,0
DA:159,0
DA:160,1
DA:161,1
DA:162,3
DA:163,1
DA:164,1
DA:165,1
DA:166,1
DA:167,1
DA:168,0
DA:169,0
DA:170,0
DA:171,0
DA:172,0
DA:173,2
DA:174,1
LF:174
LH:116
BRDA:1,0,0,1
BRDA:1,1,0,1
BRDA:12,2,0,15
BRDA:13,3,0,0
BRDA:14,4,0,0
BRDA:18,5,0,0
BRDA:37,6,0,1
BRDA:44,7,0,3
BRDA:45,8,0,0
BRDA:59,9,0,2
BRDA:76,10,0,1
BRDA:90,11,0,0
BRDA:131,12,0,0
BRDA:167,13,0,0
BRDA:101,14,0,4
BRDA:102,15,0,12
BRDA:104,16,0,0
BRDA:120,17,0,3
BRDA:127,18,0,3
BRDA:128,19,0,3
BRDA:129,20,0,3
BRDA:161,21,0,3
BRF:22
BRH:14
end_of_record
TN:
SF:build/src/helpers/drawContent.js
FN:1,Object.<anonymous>
FN:4,Object.<anonymous>.__awaiter
FN:5,adopt
FN:13,fulfilled
FN:20,rejected
FN:27,step
FN:60,drawElement
FN:260,getPageRefByNumber
FNF:8
FNH:4
FNDA:1,Object.<anonymous>
FNDA:6,Object.<anonymous>.__awaiter
FNDA:0,adopt
FNDA:0,fulfilled
FNDA:0,rejected
FNDA:6,step
FNDA:6,drawElement
FNDA:0,getPageRefByNumber
DA:1,1
DA:2,1
DA:3,1
DA:4,1
DA:5,6
DA:6,0
DA:7,0
DA:8,0
DA:9,0
DA:10,0
DA:11,0
DA:12,6
DA:13,6
DA:14,0
DA:15,0
DA:16,0
DA:17,0
DA:18,0
DA:19,0
DA:20,6
DA:21,0
DA:22,0
DA:23,0
DA:24,0
DA:25,0
DA:26,0
DA:27,6
DA:28,6
DA:29,6
DA:30,6
DA:31,6
DA:32,6
DA:33,6
DA:34,1
DA:35,1
DA:36,1
DA:37,1
DA:38,1
DA:39,1
DA:40,1
DA:41,1
DA:42,1
DA:43,1
DA:44,1
DA:45,1
DA:46,1
DA:47,1
DA:48,1
DA:49,1
DA:50,1
DA:51,1
DA:52,1
DA:53,1
DA:54,1
DA:55,1
DA:56,1
DA:57,1
DA:58,1
DA:59,1
DA:60,6
DA:61,6
DA:62,6
DA:63,6
DA:64,6
DA:65,6
DA:66,6
DA:67,6
DA:68,6
DA:69,6
DA:70,6
DA:71,6
DA:72,6
DA:73,6
DA:74,6
DA:75,6
DA:76,6
DA:77,6
DA:78,6
DA:79,6
DA:80,6
DA:81,6
DA:82,6
DA:83,6
DA:84,6
DA:85,6
DA:86,6
DA:87,6
DA:88,6
DA:89,6
DA:90,6
DA:91,6
DA:92,6
DA:93,6
DA:94,6
DA:95,6
DA:96,6
DA:97,6
DA:98,6
DA:99,6
DA:100,6
DA:101,6
DA:102,6
DA:103,6
DA:104,6
DA:105,6
DA:106,6
DA:107,6
DA:108,6
DA:109,6
DA:110,6
DA:111,6
DA:112,6
DA:113,6
DA:114,6
DA:115,6
DA:116,6
DA:117,6
DA:118,6
DA:119,6
DA:120,0
DA:121,0
DA:122,0
DA:123,0
DA:124,0
DA:125,0
DA:126,0
DA:127,0
DA:128,0
DA:129,0
DA:130,0
DA:131,0
DA:132,0
DA:133,0
DA:134,0
DA:135,0
DA:136,0
DA:137,0
DA:138,0
DA:139,0
DA:140,0
DA:141,0
DA:142,0
DA:143,0
DA:144,0
DA:145,0
DA:146,0
DA:147,0
DA:148,0
DA:149,0
DA:150,0
DA:151,0
DA:152,0
DA:153,0
DA:154,0
DA:155,0
DA:156,0
DA:157,0
DA:158,0
DA:159,0
DA:160,0
DA:161,0
DA:162,0
DA:163,0
DA:164,0
DA:165,0
DA:166,0
DA:167,0
DA:168,0
DA:169,0
DA:170,0
DA:171,0
DA:172,0
DA:173,0
DA:174,0
DA:175,0
DA:176,0
DA:177,0
DA:178,0
DA:179,0
DA:180,0
DA:181,0
DA:182,0
DA:183,0
DA:184,0
DA:185,0
DA:186,0
DA:187,0
DA:188,0
DA:189,0
DA:190,0
DA:191,0
DA:192,0
DA:193,0
DA:194,0
DA:195,0
DA:196,0
DA:197,0
DA:198,0
DA:199,0
DA:200,0
DA:201,0
DA:202,0
DA:203,0
DA:204,0
DA:205,0
DA:206,0
DA:207,0
DA:208,0
DA:209,0
DA:210,0
DA:211,0
DA:212,0
DA:213,0
DA:214,0
DA:215,0
DA:216,0
DA:217,0
DA:218,0
DA:219,0
DA:220,0
DA:221,0
DA:222,0
DA:223,0
DA:224,0
DA:225,0
DA:226,0
DA:227,0
DA:228,0
DA:229,0
DA:230,0
DA:231,0
DA:232,0
DA:233,0
DA:234,0
DA:235,0
DA:236,0
DA:237,0
DA:238,0
DA:239,0
DA:240,0
DA:241,0
DA:242,0
DA:243,0
DA:244,0
DA:245,0
DA:246,0
DA:247,0
DA:248,0
DA:249,0
DA:250,0
DA:251,0
DA:252,0
DA:253,6
DA:254,0
DA:255,0
DA:256,0
DA:257,6
DA:258,6
DA:259,1
DA:260,0
DA:261,0
DA:262,0
DA:263,0
DA:264,0
DA:265,0
DA:266,0
DA:267,0
DA:268,0
LF:268
LH:105
BRDA:1,0,0,1
BRDA:1,1,0,1
BRDA:4,2,0,6
BRDA:12,3,0,6
BRDA:27,4,0,6
BRDA:30,5,0,0
BRDA:60,6,0,6
BRDA:76,7,0,6
BRDA:79,8,0,0
BRDA:81,9,0,0
BRDA:82,10,0,0
BRDA:120,11,0,0
BRDA:253,12,0,0
BRF:13
BRH:7
end_of_record
TN:
SF:build/src/helpers/images.js
FN:1,Object.<anonymous>
FN:8,Object.<anonymous>.__awaiter
FN:41,fetchImage
FNF:3
FNH:1
FNDA:1,Object.<anonymous>
FNDA:0,Object.<anonymous>.__awaiter
FNDA:0,fetchImage
DA:1,1
DA:2,1
DA:3,1
DA:4,1
DA:5,1
DA:6,1
DA:7,1
DA:8,1
DA:9,0
DA:10,0
DA:11,0
DA:12,0
DA:13,0
DA:14,0
DA:15,0
DA:16,0
DA:17,0
DA:18,0
DA:19,0
DA:20,0
DA:21,0
DA:22,0
DA:23,0
DA:24,0
DA:25,0
DA:26,0
DA:27,0
DA:28,0
DA:29,0
DA:30,0
DA:31,0
DA:32,0
DA:33,0
DA:34,0
DA:35,0
DA:36,0
DA:37,0
DA:38,1
DA:39,1
DA:40,1
DA:41,0
DA:42,0
DA:43,0
DA:44,0
DA:45,0
DA:46,0
DA:47,0
DA:48,0
DA:49,0
DA:50,0
DA:51,0
DA:52,0
DA:53,0
DA:54,0
DA:55,0
DA:56,0
DA:57,0
DA:58,0
DA:59,0
DA:60,0
DA:61,0
DA:62,0
DA:63,0
DA:64,0
DA:65,1
LF:65
LH:12
BRDA:1,0,0,1
BRDA:1,1,0,1
BRF:2
BRH:2
end_of_record
TN:
SF:build/src/helpers/setDefaults.js
FN:1,Object.<anonymous>
FN:5,setDefaults
FNF:2
FNH:2
FNDA:1,Object.<anonymous>
FNDA:3,setDefaults
DA:1,1
DA:2,1
DA:3,1
DA:4,1
DA:5,1
DA:6,3
DA:7,3
DA:8,3
DA:9,3
DA:10,3
DA:11,3
DA:12,3
DA:13,3
DA:14,3
DA:15,3
DA:16,3
DA:17,3
DA:18,3
DA:19,3
DA:20,3
DA:21,3
DA:22,3
DA:23,3
DA:24,3
DA:25,3
DA:26,3
DA:27,3
DA:28,3
DA:29,3
DA:30,3
DA:31,3
DA:32,3
DA:33,3
DA:34,3
DA:35,3
DA:36,3
DA:37,3
DA:38,3
DA:39,3
DA:40,3
DA:41,3
DA:42,3
DA:43,3
DA:44,3
DA:45,3
DA:46,3
DA:47,3
DA:48,3
DA:49,3
DA:50,3
DA:51,3
DA:52,3
DA:53,3
DA:54,3
DA:55,3
DA:56,3
DA:57,3
DA:58,3
DA:59,3
DA:60,3
DA:61,3
DA:62,3
DA:63,3
DA:64,3
DA:65,3
DA:66,3
DA:67,3
DA:68,3
DA:69,3
DA:70,3
DA:71,3
DA:72,3
DA:73,3
DA:74,3
DA:75,3
DA:76,3
DA:77,3
DA:78,3
DA:79,3
DA:80,2
DA:81,2
DA:82,2
DA:83,2
DA:84,3
DA:85,3
DA:86,3
DA:87,3
DA:88,3
DA:89,3
DA:90,3
DA:91,3
DA:92,3
DA:93,3
DA:94,3
DA:95,3
DA:96,3
DA:97,3
DA:98,3
DA:99,3
DA:100,3
DA:101,3
DA:102,3
DA:103,3
DA:104,3
DA:105,3
DA:106,3
DA:107,3
DA:108,3
DA:109,3
DA:110,3
DA:111,3
DA:112,3
DA:113,3
DA:114,3
DA:115,3
DA:116,3
DA:117,3
DA:118,3
DA:119,3
DA:120,3
DA:121,3
DA:122,3
DA:123,3
DA:124,3
DA:125,3
DA:126,3
DA:127,3
DA:128,3
DA:129,3
DA:130,3
DA:131,3
DA:132,3
DA:133,3
DA:134,3
DA:135,3
DA:136,3
DA:137,3
DA:138,3
DA:139,3
DA:140,3
DA:141,3
DA:142,3
DA:143,3
DA:144,3
DA:145,3
DA:146,3
DA:147,3
DA:148,3
DA:149,3
DA:150,3
DA:151,3
DA:152,3
DA:153,3
DA:154,3
DA:155,3
DA:156,3
DA:157,3
DA:158,3
DA:159,3
DA:160,3
DA:161,3
DA:162,3
DA:163,3
DA:164,3
DA:165,3
DA:166,3
DA:167,3
DA:168,3
DA:169,3
DA:170,3
DA:171,3
DA:172,3
DA:173,3
DA:174,3
DA:175,3
DA:176,3
DA:177,3
DA:178,3
DA:179,3
DA:180,3
DA:181,3
DA:182,3
DA:183,3
DA:184,3
DA:185,3
DA:186,3
DA:187,3
DA:188,3
DA:189,3
DA:190,3
DA:191,3
DA:192,3
DA:193,3
DA:194,3
DA:195,3
DA:196,3
DA:197,3
DA:198,3
DA:199,3
DA:200,3
DA:201,3
DA:202,3
DA:203,3
DA:204,3
DA:205,3
DA:206,3
DA:207,3
DA:208,3
DA:209,3
DA:210,3
DA:211,3
DA:212,3
DA:213,3
DA:214,3
DA:215,3
DA:216,3
DA:217,3
DA:218,3
DA:219,3
DA:220,3
DA:221,3
DA:222,3
DA:223,3
DA:224,3
DA:225,3
DA:226,3
DA:227,3
DA:228,3
DA:229,3
DA:230,3
DA:231,3
DA:232,3
DA:233,3
DA:234,3
DA:235,3
DA:236,3
DA:237,1
DA:238,1
LF:238
LH:238
BRDA:1,0,0,1
BRDA:1,1,0,1
BRDA:5,2,0,3
BRDA:56,3,0,1
BRDA:56,4,0,2
BRDA:59,5,0,0
BRDA:62,6,0,0
BRDA:63,7,0,0
BRDA:66,8,0,0
BRDA:68,9,0,0
BRDA:73,10,0,2
BRDA:74,11,0,1
BRDA:75,12,0,1
BRDA:76,13,0,2
BRDA:78,14,0,1
BRDA:79,15,0,2
BRDA:81,16,0,1
BRDA:82,17,0,1
BRDA:83,18,0,0
BRDA:88,19,0,2
BRDA:89,20,0,1
BRDA:90,21,0,1
BRDA:91,22,0,2
BRDA:97,23,0,2
BRDA:98,24,0,1
BRDA:99,25,0,1
BRDA:100,26,0,2
BRDA:106,27,0,2
BRDA:107,28,0,1
BRDA:108,29,0,1
BRDA:109,30,0,2
BRDA:113,31,0,2
BRDA:114,32,0,1
BRDA:115,33,0,0
BRDA:120,34,0,2
BRDA:121,35,0,1
BRDA:122,36,0,0
BRDA:127,37,0,2
BRDA:128,38,0,1
BRDA:129,39,0,0
BRDA:134,40,0,2
BRDA:135,41,0,1
BRDA:136,42,0,1
BRDA:137,43,0,2
BRDA:141,44,0,2
BRDA:142,45,0,1
BRDA:143,46,0,0
BRDA:149,47,0,0
BRDA:151,48,0,0
BRDA:157,49,0,0
BRDA:158,50,0,0
BRDA:162,51,0,0
BRDA:164,52,0,0
BRDA:170,53,0,0
BRDA:171,54,0,0
BRDA:177,55,0,0
BRDA:178,56,0,0
BRDA:185,57,0,2
BRDA:186,58,0,1
BRDA:187,59,0,1
BRDA:188,60,0,2
BRDA:192,61,0,2
BRDA:193,62,0,1
BRDA:194,63,0,1
BRDA:195,64,0,2
BRDA:201,65,0,1
BRDA:202,66,0,2
BRDA:203,67,0,1
BRDA:204,68,0,2
BRDA:208,69,0,1
BRDA:209,70,0,2
BRDA:210,71,0,1
BRDA:211,72,0,2
BRDA:218,73,0,0
BRDA:219,74,0,0
BRDA:225,75,0,0
BRDA:226,76,0,0
BRDA:232,77,0,0
BRDA:234,78,0,0
BRF:79
BRH:53
end_of_record
TN:
SF:build/src/helpers/tableHeights.js
FN:1,Object.<anonymous>
FN:4,Object.<anonymous>.__awaiter
FN:5,adopt
FN:13,fulfilled
FN:20,rejected
FN:27,step
FN:39,calcTableHeight
FN:81,calcRowHeight
FN:97,getContentWrappedLineHeight
FNF:9
FNH:8
FNDA:1,Object.<anonymous>
FNDA:17,Object.<anonymous>.__awaiter
FNDA:5,adopt
FNDA:5,fulfilled
FNDA:0,rejected
FNDA:22,step
FNDA:1,calcTableHeight
FNDA:4,calcRowHeight
FNDA:12,getContentWrappedLineHeight
DA:1,1
DA:2,1
DA:3,1
DA:4,1
DA:5,17
DA:6,5
DA:7,5
DA:8,5
DA:9,0
DA:10,5
DA:11,5
DA:12,17
DA:13,17
DA:14,5
DA:15,5
DA:16,5
DA:17,0
DA:18,0
DA:19,5
DA:20,17
DA:21,0
DA:22,0
DA:23,0
DA:24,0
DA:25,0
DA:26,0
DA:27,17
DA:28,22
DA:29,22
DA:30,22
DA:31,22
DA:32,17
DA:33,17
DA:34,1
DA:35,1
DA:36,1
DA:37,1
DA:38,1
DA:39,1
DA:40,1
DA:41,1
DA:42,1
DA:43,1
DA:44,1
DA:45,1
DA:46,1
DA:47,1
DA:48,1
DA:49,1
DA:50,1
DA:51,1
DA:52,1
DA:53,1
DA:54,1
DA:55,1
DA:56,1
DA:57,1
DA:58,1
DA:59,2
DA:60,2
DA:61,2
DA:62,2
DA:63,2
DA:64,2
DA:65,2
DA:66,2
DA:67,2
DA:68,2
DA:69,1
DA:70,1
DA:71,1
DA:72,1
DA:73,1
DA:74,1
DA:75,1
DA:76,1
DA:77,1
DA:78,1
DA:79,1
DA:80,1
DA:81,4
DA:82,4
DA:83,4
DA:84,4
DA:85,4
DA:86,4
DA:87,4
DA:88,4
DA:89,4
DA:90,4
DA:91,4
DA:92,4
DA:93,4
DA:94,12
DA:95,12
DA:96,12
DA:97,12
DA:98,12
DA:99,12
DA:100,12
DA:101,12
DA:102,12
DA:103,12
DA:104,0
DA:105,0
DA:106,0
DA:107,0
DA:108,0
DA:109,0
DA:110,0
DA:111,0
DA:112,0
DA:113,0
DA:114,0
DA:115,12
DA:116,12
DA:117,12
DA:118,12
DA:119,0
DA:120,0
DA:121,0
DA:122,0
DA:123,0
DA:124,0
DA:125,0
DA:126,0
DA:127,0
DA:128,0
DA:129,0
DA:130,0
DA:131,0
DA:132,0
DA:133,12
DA:134,12
DA:135,12
DA:136,12
DA:137,12
DA:138,12
DA:139,12
DA:140,12
DA:141,12
DA:142,12
DA:143,12
DA:144,12
DA:145,12
DA:146,12
DA:147,0
DA:148,0
DA:149,0
DA:150,0
DA:151,12
DA:152,12
DA:153,12
DA:154,12
DA:155,12
DA:156,12
DA:157,12
DA:158,12
DA:159,4
DA:160,4
DA:161,4
DA:162,4
DA:163,4
DA:164,4
DA:165,1
LF:165
LH:127
BRDA:1,0,0,1
BRDA:1,1,0,1
BRDA:4,2,0,17
BRDA:5,3,0,5
BRDA:8,4,0,0
BRDA:12,5,0,17
BRDA:13,6,0,5
BRDA:16,7,0,0
BRDA:27,8,0,22
BRDA:29,9,0,17
BRDA:30,10,0,5
BRDA:39,11,0,1
BRDA:55,12,0,1
BRDA:74,13,0,0
BRDA:58,14,0,2
BRDA:62,15,0,1
BRDA:62,16,0,1
BRDA:62,17,0,1
BRDA:63,18,0,1
BRDA:63,19,0,1
BRDA:63,20,0,1
BRDA:64,21,0,1
BRDA:64,22,0,1
BRDA:64,23,0,1
BRDA:72,24,0,2
BRDA:81,25,0,4
BRDA:91,26,0,4
BRDA:93,27,0,12
BRDA:94,28,0,12
BRDA:97,29,0,12
BRDA:103,30,0,0
BRDA:118,31,0,0
BRDA:146,32,0,0
BRF:33
BRH:27
end_of_record
TN:
SF:build/src/helpers/util.js
FN:1,Object.<anonymous>
FN:14,isCustomStyledText
FN:18,isImage
FN:22,isLink
FN:27,drawBorder
FN:51,wrapText
FN:86,breakWord
FN:108,getTextCoordinates
FN:135,getImageCoordinates
FNF:9
FNH:6
FNDA:1,Object.<anonymous>
FNDA:12,isCustomStyledText
FNDA:0,isImage
FNDA:12,isLink
FNDA:14,drawBorder
FNDA:18,wrapText
FNDA:0,breakWord
FNDA:6,getTextCoordinates
FNDA:0,getImageCoordinates
DA:1,1
DA:2,1
DA:3,1
DA:4,1
DA:5,1
DA:6,1
DA:7,1
DA:8,1
DA:9,1
DA:10,1
DA:11,1
DA:12,1
DA:13,1
DA:14,12
DA:15,12
DA:16,12
DA:17,1
DA:18,0
DA:19,0
DA:20,0
DA:21,1
DA:22,12
DA:23,12
DA:24,12
DA:25,1
DA:26,1
DA:27,14
DA:28,14
DA:29,14
DA:30,14
DA:31,14
DA:32,14
DA:33,14
DA:34,14
DA:35,14
DA:36,14
DA:37,14
DA:38,14
DA:39,14
DA:40,14
DA:41,14
DA:42,14
DA:43,14
DA:44,14
DA:45,14
DA:46,14
DA:47,14
DA:48,14
DA:49,1
DA:50,1
DA:51,18
DA:52,18
DA:53,18
DA:54,18
DA:55,18
DA:56,18
DA:57,18
DA:58,18
DA:59,18
DA:60,18
DA:61,18
DA:62,18
DA:63,18
DA:64,18
DA:65,18
DA:66,18
DA:67,0
DA:68,0
DA:69,0
DA:70,0
DA:71,0
DA:72,0
DA:73,0
DA:74,0
DA:75,0
DA:76,0
DA:77,0
DA:78,0
DA:79,18
DA:80,18
DA:81,18
DA:82,18
DA:83,18
DA:84,18
DA:85,1
DA:86,0
DA:87,0
DA:88,0
DA:89,0
DA:90,0
DA:91,0
DA:92,0
DA:93,0
DA:94,0
DA:95,0
DA:96,0
DA:97,0
DA:98,0
DA:99,1
DA:100,1
DA:101,1
DA:102,1
DA:103,1
DA:104,1
DA:105,1
DA:106,1
DA:107,1
DA:108,6
DA:109,6
DA:110,6
DA:111,6
DA:112,6
DA:113,6
DA:114,6
DA:115,6
DA:116,6
DA:117,6
DA:118,6
DA:119,6
DA:120,6
DA:121,6
DA:122,0
DA:123,6
DA:124,0
DA:125,6
DA:126,6
DA:127,6
DA:128,6
DA:129,6
DA:130,6
DA:131,6
DA:132,6
DA:133,1
DA:134,1
DA:135,0
DA:136,0
DA:137,0
DA:138,0
DA:139,0
DA:140,0
DA:141,0
DA:142,0
DA:143,0
DA:144,0
DA:145,0
DA:146,0
DA:147,0
DA:148,0
DA:149,0
DA:150,0
DA:151,0
DA:152,0
DA:153,0
DA:154,0
DA:155,0
DA:156,0
DA:157,0
DA:158,1
LF:158
LH:105
BRDA:1,0,0,1
BRDA:1,1,0,1
BRDA:14,2,0,12
BRDA:22,3,0,12
BRDA:23,4,0,0
BRDA:27,5,0,14
BRDA:51,6,0,18
BRDA:62,7,0,0
BRDA:66,8,0,0
BRDA:108,9,0,6
BRDA:121,10,0,0
BRDA:123,11,0,0
BRF:12
BRH:7
end_of_record
TN:
SF:build/src/helpers/validateAndConvert.js
FN:1,Object.<anonymous>
FN:4,Object.<anonymous>.__awaiter
FN:5,adopt
FN:13,fulfilled
FN:20,rejected
FN:27,step
FN:36,validateAndConvertTableData
FN:43,isTableObject
FN:44,convertTableObjectToCellContentArray
FN:58,getMaxRowLength
FN:60,validateAndFill
FNF:11
FNH:7
FNDA:1,Object.<anonymous>
FNDA:3,Object.<anonymous>.__awaiter
FNDA:0,adopt
FNDA:0,fulfilled
FNDA:0,rejected
FNDA:3,step
FNDA:3,validateAndConvertTableData
FNDA:3,isTableObject
FNDA:0,convertTableObjectToCellContentArray
FNDA:3,getMaxRowLength
FNDA:3,validateAndFill
DA:1,1
DA:2,1
DA:3,1
DA:4,1
DA:5,3
DA:6,0
DA:7,0
DA:8,0
DA:9,0
DA:10,0
DA:11,0
DA:12,3
DA:13,3
DA:14,0
DA:15,0
DA:16,0
DA:17,0
DA:18,0
DA:19,0
DA:20,3
DA:21,0
DA:22,0
DA:23,0
DA:24,0
DA:25,0
DA:26,0
DA:27,3
DA:28,3
DA:29,3
DA:30,3
DA:31,3
DA:32,3
DA:33,3
DA:34,1
DA:35,1
DA:36,3
DA:37,3
DA:38,3
DA:39,3
DA:40,3
DA:41,0
DA:42,0
DA:43,3
DA:44,3
DA:45,0
DA:46,0
DA:47,0
DA:48,0
DA:49,0
DA:50,0
DA:51,0
DA:52,0
DA:53,0
DA:54,0
DA:55,0
DA:56,0
DA:57,3
DA:58,3
DA:59,3
DA:60,3
DA:61,3
DA:62,3
DA:63,3
DA:64,3
DA:65,3
DA:66,0
DA:67,0
DA:68,3
DA:69,8
DA:70,0
DA:71,0
DA:72,0
DA:73,0
DA:74,8
DA:75,8
DA:76,8
DA:77,0
DA:78,0
DA:79,0
DA:80,0
DA:81,0
DA:82,3
DA:83,3
DA:84,3
DA:85,3
DA:86,3
DA:87,3
DA:88,3
DA:89,3
DA:90,3
DA:91,3
DA:92,3
DA:93,1
LF:93
LH:50
BRDA:1,0,0,1
BRDA:1,1,0,1
BRDA:4,2,0,3
BRDA:12,3,0,3
BRDA:27,4,0,3
BRDA:30,5,0,0
BRDA:36,6,0,3
BRDA:37,7,0,3
BRDA:38,8,0,3
BRDA:40,9,0,0
BRDA:40,10,0,0
BRDA:86,11,0,0
BRDA:43,12,0,3
BRDA:43,13,0,0
BRDA:58,14,0,3
BRDA:59,15,0,5
BRDA:60,16,0,3
BRDA:62,17,0,0
BRDA:64,18,0,0
BRDA:65,19,0,0
BRDA:68,20,0,8
BRDA:69,21,0,0
BRDA:76,22,0,0
BRF:23
BRH:13
end_of_record
TN:
SF:src/drawPDFTable.ts
FN:32,DrawTableError
FN:64,drawTable
FNF:2
FNH:2
FNDA:2,DrawTableError
FNDA:3,drawTable
DA:1,1
DA:2,1
DA:3,1
DA:4,1
DA:5,1
DA:6,1
DA:7,1
DA:8,1
DA:9,1
DA:10,1
DA:11,1
DA:12,1
DA:13,1
DA:14,1
DA:15,1
DA:16,1
DA:17,1
DA:18,1
DA:19,1
DA:20,1
DA:21,1
DA:22,1
DA:23,1
DA:24,1
DA:25,1
DA:26,1
DA:27,1
DA:28,1
DA:29,1
DA:30,1
DA:31,1
DA:32,1
DA:33,2
DA:34,2
DA:35,2
DA:36,2
DA:37,1
DA:38,1
DA:39,1
DA:40,1
DA:41,1
DA:42,1
DA:43,1
DA:44,1
DA:45,1
DA:46,1
DA:47,1
DA:48,1
DA:49,1
DA:50,1
DA:51,1
DA:52,1
DA:53,1
DA:54,1
DA:55,1
DA:56,1
DA:57,1
DA:58,1
DA:59,1
DA:60,1
DA:61,1
DA:62,1
DA:63,1
DA:64,3
DA:65,3
DA:66,3
DA:67,3
DA:68,3
DA:69,3
DA:70,3
DA:71,3
DA:72,3
DA:73,3
DA:74,3
DA:75,3
DA:76,3
DA:77,3
DA:78,3
DA:79,3
DA:80,3
DA:81,3
DA:82,3
DA:83,3
DA:84,3
DA:85,3
DA:86,3
DA:87,3
DA:88,3
DA:89,3
DA:90,3
DA:91,3
DA:92,3
DA:93,3
DA:94,3
DA:95,3
DA:96,3
DA:97,3
DA:98,3
DA:99,3
DA:100,3
DA:101,3
DA:102,3
DA:103,3
DA:104,3
DA:105,3
DA:106,3
DA:107,3
DA:108,3
DA:109,0
DA:110,0
DA:111,0
DA:112,0
DA:113,0
DA:114,3
DA:115,3
DA:116,3
DA:117,3
DA:118,1
DA:119,3
DA:120,0
DA:121,0
DA:122,0
DA:123,0
DA:124,0
DA:125,3
DA:126,3
DA:127,3
DA:128,3
DA:129,1
DA:130,3
DA:131,0
DA:132,0
DA:133,0
DA:134,0
DA:135,0
DA:136,3
DA:137,3
DA:138,3
DA:139,3
DA:140,3
DA:141,3
DA:142,3
DA:143,3
DA:144,3
DA:145,3
DA:146,2
DA:147,2
DA:148,2
DA:149,2
DA:150,2
DA:151,2
DA:152,2
DA:153,2
DA:154,2
DA:155,2
DA:156,2
DA:157,2
DA:158,2
DA:159,3
DA:160,3
DA:161,3
DA:162,3
DA:163,3
DA:164,3
DA:165,3
DA:166,3
DA:167,3
DA:168,1
DA:169,1
DA:170,1
DA:171,1
DA:172,1
DA:173,2
DA:174,3
DA:175,3
DA:176,3
DA:177,1
DA:178,1
DA:179,1
DA:180,1
DA:181,1
DA:182,1
DA:183,1
DA:184,1
DA:185,1
DA:186,1
DA:187,1
DA:188,1
DA:189,1
DA:190,1
DA:191,3
DA:192,1
DA:193,1
DA:194,1
DA:195,1
DA:196,1
DA:197,1
DA:198,1
DA:199,1
DA:200,1
DA:201,1
DA:202,1
DA:203,1
DA:204,3
DA:205,0
DA:206,0
DA:207,0
DA:208,0
DA:209,0
DA:210,0
DA:211,0
DA:212,0
DA:213,0
DA:214,0
DA:215,0
DA:216,0
DA:217,0
DA:218,0
DA:219,0
DA:220,0
DA:221,0
DA:222,0
DA:223,1
DA:224,1
DA:225,1
DA:226,1
DA:227,1
DA:228,3
DA:229,0
DA:230,0
DA:231,1
DA:232,1
DA:233,3
DA:234,2
DA:235,2
DA:236,2
DA:237,2
DA:238,2
DA:239,2
DA:240,2
DA:241,2
DA:242,2
DA:243,2
DA:244,2
DA:245,2
DA:246,2
DA:247,2
DA:248,2
DA:249,2
DA:250,2
DA:251,2
DA:252,2
DA:253,2
DA:254,2
DA:255,2
DA:256,6
DA:257,6
DA:258,6
DA:259,6
DA:260,6
DA:261,6
DA:262,6
DA:263,6
DA:264,6
DA:265,6
DA:266,3
DA:267,3
DA:268,3
DA:269,3
DA:270,3
DA:271,3
DA:272,3
DA:273,3
DA:274,3
DA:275,3
DA:276,6
DA:277,6
DA:278,6
DA:279,6
DA:280,6
DA:281,0
DA:282,0
DA:283,0
DA:284,0
DA:285,0
DA:286,0
DA:287,0
DA:288,0
DA:289,0
DA:290,0
DA:291,6
DA:292,6
DA:293,6
DA:294,6
DA:295,6
DA:296,6
DA:297,6
DA:298,6
DA:299,6
DA:300,6
DA:301,6
DA:302,6
DA:303,6
DA:304,6
DA:305,2
DA:306,2
DA:307,2
DA:308,2
DA:309,2
DA:310,2
DA:311,2
DA:312,2
DA:313,2
DA:314,2
DA:315,6
DA:316,6
DA:317,6
DA:318,6
DA:319,6
DA:320,6
DA:321,6
DA:322,6
DA:323,6
DA:324,6
DA:325,6
DA:326,6
DA:327,6
DA:328,6
DA:329,6
DA:330,0
DA:331,0
DA:332,0
DA:333,0
DA:334,0
DA:335,0
DA:336,0
DA:337,0
DA:338,0
DA:339,0
DA:340,0
DA:341,0
DA:342,0
DA:343,0
DA:344,0
DA:345,0
DA:346,0
DA:347,0
DA:348,0
DA:349,0
DA:350,0
DA:351,6
DA:352,6
DA:353,6
DA:354,6
DA:355,6
DA:356,6
DA:357,6
DA:358,6
DA:359,6
DA:360,6
DA:361,6
DA:362,6
DA:363,6
DA:364,6
DA:365,6
DA:366,6
DA:367,6
DA:368,6
DA:369,6
DA:370,6
DA:371,6
DA:372,2
DA:373,2
DA:374,2
DA:375,0
DA:376,0
DA:377,0
DA:378,0
DA:379,0
DA:380,2
DA:381,3
DA:382,3
DA:383,3
DA:384,3
DA:385,3
DA:386,3
DA:387,3
DA:388,3
DA:389,3
DA:390,3
DA:391,3
DA:392,3
DA:393,3
DA:394,3
LF:394
LH:323
BRDA:32,0,0,2
BRDA:64,1,0,3
BRDA:80,2,0,0
BRDA:108,3,0,0
BRDA:117,4,0,1
BRDA:119,5,0,0
BRDA:128,6,0,0
BRDA:128,7,0,0
BRDA:128,8,0,1
BRDA:129,9,0,0
BRDA:130,10,0,0
BRDA:143,11,0,0
BRDA:144,12,0,1
BRDA:145,13,0,2
BRDA:146,14,0,0
BRDA:155,15,0,0
BRDA:156,16,0,0
BRDA:167,17,0,1
BRDA:173,18,0,2
BRDA:174,19,0,0
BRDA:174,20,0,2
BRDA:175,21,0,1
BRDA:176,22,0,1
BRDA:183,23,0,0
BRDA:184,24,0,0
BRDA:184,25,0,0
BRDA:192,26,0,1
BRDA:204,27,0,0
BRDA:223,28,0,1
BRDA:228,29,0,0
BRDA:231,30,0,1
BRDA:233,31,0,2
BRDA:243,32,0,1
BRDA:243,33,0,1
BRDA:243,34,0,1
BRDA:244,35,0,1
BRDA:244,36,0,1
BRDA:244,37,0,1
BRDA:251,38,0,1
BRDA:255,39,0,6
BRDA:257,40,0,0
BRDA:258,41,0,3
BRDA:258,42,0,3
BRDA:259,43,0,3
BRDA:259,44,0,3
BRDA:260,45,0,3
BRDA:260,46,0,3
BRDA:262,47,0,3
BRDA:262,48,0,3
BRDA:265,49,0,3
BRDA:280,50,0,3
BRDA:280,51,0,0
BRDA:304,52,0,2
BRDA:329,53,0,0
BRDA:374,54,0,0
BRDA:163,55,0,9
BRDA:175,56,0,4
BRF:57
BRH:36
end_of_record
TN:
SF:src/helpers/columnWidths.ts
FN:19,getContentWidth
FN:55,calculateHeaderWidths
FN:78,generateColumnWidths
FNF:3
FNH:3
FNDA:15,getContentWidth
FNDA:1,calculateHeaderWidths
FNDA:2,generateColumnWidths
DA:1,1
DA:2,1
DA:3,1
DA:4,1
DA:5,1
DA:6,1
DA:7,1
DA:8,1
DA:9,1
DA:10,1
DA:11,1
DA:12,1
DA:13,1
DA:14,1
DA:15,1
DA:16,1
DA:17,1
DA:18,1
DA:19,15
DA:20,15
DA:21,15
DA:22,15
DA:23,15
DA:24,15
DA:25,15
DA:26,0
DA:27,15
DA:28,15
DA:29,15
DA:30,15
DA:31,15
DA:32,15
DA:33,15
DA:34,15
DA:35,15
DA:36,0
DA:37,0
DA:38,0
DA:39,0
DA:40,0
DA:41,0
DA:42,0
DA:43,0
DA:44,15
DA:45,1
DA:46,1
DA:47,1
DA:48,1
DA:49,1
DA:50,1
DA:51,1
DA:52,1
DA:53,1
DA:54,1
DA:55,1
DA:56,1
DA:57,1
DA:58,1
DA:59,1
DA:60,1
DA:61,1
DA:62,1
DA:63,3
DA:64,0
DA:65,0
DA:66,3
DA:67,3
DA:68,3
DA:69,3
DA:70,1
DA:71,1
DA:72,1
DA:73,1
DA:74,1
DA:75,1
DA:76,1
DA:77,1
DA:78,2
DA:79,2
DA:80,2
DA:81,2
DA:82,2
DA:83,2
DA:84,2
DA:85,2
DA:86,2
DA:87,2
DA:88,2
DA:89,2
DA:90,2
DA:91,2
DA:92,2
DA:93,2
DA:94,2
DA:95,2
DA:96,2
DA:97,2
DA:98,1
DA:99,1
DA:100,1
DA:101,1
DA:102,1
DA:103,1
DA:104,1
DA:105,1
DA:106,1
DA:107,1
DA:108,1
DA:109,1
DA:110,1
DA:111,1
DA:112,0
DA:113,0
DA:114,0
DA:115,0
DA:116,0
DA:117,0
DA:118,0
DA:119,1
DA:120,1
DA:121,1
DA:122,1
DA:123,1
DA:124,1
DA:125,4
DA:126,12
DA:127,12
DA:128,12
DA:129,0
DA:130,0
DA:131,0
DA:132,0
DA:133,0
DA:134,0
DA:135,0
DA:136,0
DA:137,0
DA:138,0
DA:139,0
DA:140,12
DA:141,12
DA:142,12
DA:143,12
DA:144,12
DA:145,12
DA:146,12
DA:147,12
DA:148,12
DA:149,12
DA:150,12
DA:151,12
DA:152,4
DA:153,4
DA:154,4
DA:155,1
DA:156,1
DA:157,1
DA:158,1
DA:159,1
DA:160,1
DA:161,1
DA:162,1
DA:163,1
DA:164,1
DA:165,1
DA:166,0
DA:167,0
DA:168,0
DA:169,0
DA:170,0
DA:171,0
DA:172,0
DA:173,0
DA:174,0
DA:175,0
DA:176,0
DA:177,0
DA:178,0
DA:179,0
DA:180,0
DA:181,0
DA:182,0
DA:183,0
DA:184,0
DA:185,0
DA:186,0
DA:187,0
DA:188,0
DA:189,0
DA:190,0
DA:191,0
DA:192,0
DA:193,0
DA:194,0
DA:195,0
DA:196,1
DA:197,1
DA:198,3
DA:199,1
DA:200,1
DA:201,1
DA:202,1
DA:203,1
DA:204,1
DA:205,0
DA:206,0
DA:207,0
DA:208,0
DA:209,0
DA:210,2
LF:210
LH:146
BRDA:19,0,0,15
BRDA:25,1,0,0
BRDA:30,2,0,0
BRDA:35,3,0,0
BRDA:55,4,0,1
BRDA:62,5,0,3
BRDA:63,6,0,0
BRDA:78,7,0,2
BRDA:97,8,0,1
BRDA:111,9,0,0
BRDA:165,10,0,0
BRDA:204,11,0,0
BRDA:124,12,0,4
BRDA:125,13,0,12
BRDA:128,14,0,0
BRDA:148,15,0,3
BRDA:159,16,0,3
BRDA:161,17,0,3
BRDA:162,18,0,3
BRDA:197,19,0,3
BRF:20
BRH:12
end_of_record
TN:
SF:src/helpers/drawContent.ts
FN:26,drawElement
FN:232,getPageRefByNumber
FNF:2
FNH:1
FNDA:6,drawElement
FNDA:0,getPageRefByNumber
DA:1,1
DA:2,1
DA:3,1
DA:4,1
DA:5,1
DA:6,1
DA:7,1
DA:8,1
DA:9,1
DA:10,1
DA:11,1
DA:12,1
DA:13,1
DA:14,1
DA:15,1
DA:16,1
DA:17,1
DA:18,1
DA:19,1
DA:20,1
DA:21,1
DA:22,1
DA:23,1
DA:24,1
DA:25,1
DA:26,6
DA:27,6
DA:28,6
DA:29,6
DA:30,6
DA:31,6
DA:32,6
DA:33,6
DA:34,6
DA:35,6
DA:36,6
DA:37,6
DA:38,6
DA:39,6
DA:40,6
DA:41,6
DA:42,6
DA:43,6
DA:44,6
DA:45,6
DA:46,6
DA:47,6
DA:48,6
DA:49,6
DA:50,6
DA:51,6
DA:52,6
DA:53,6
DA:54,6
DA:55,6
DA:56,6
DA:57,6
DA:58,6
DA:59,6
DA:60,6
DA:61,6
DA:62,6
DA:63,6
DA:64,6
DA:65,6
DA:66,6
DA:67,6
DA:68,6
DA:69,6
DA:70,6
DA:71,6
DA:72,6
DA:73,6
DA:74,6
DA:75,6
DA:76,6
DA:77,6
DA:78,6
DA:79,6
DA:80,6
DA:81,6
DA:82,6
DA:83,6
DA:84,6
DA:85,6
DA:86,0
DA:87,0
DA:88,0
DA:89,0
DA:90,0
DA:91,0
DA:92,0
DA:93,0
DA:94,0
DA:95,0
DA:96,0
DA:97,0
DA:98,0
DA:99,0
DA:100,0
DA:101,0
DA:102,0
DA:103,0
DA:104,0
DA:105,0
DA:106,0
DA:107,0
DA:108,0
DA:109,0
DA:110,0
DA:111,0
DA:112,0
DA:113,0
DA:114,0
DA:115,0
DA:116,0
DA:117,0
DA:118,0
DA:119,0
DA:120,0
DA:121,0
DA:122,0
DA:123,0
DA:124,0
DA:125,0
DA:126,0
DA:127,0
DA:128,0
DA:129,0
DA:130,0
DA:131,0
DA:132,0
DA:133,0
DA:134,0
DA:135,0
DA:136,0
DA:137,0
DA:138,0
DA:139,0
DA:140,0
DA:141,0
DA:142,0
DA:143,0
DA:144,0
DA:145,0
DA:146,0
DA:147,0
DA:148,0
DA:149,0
DA:150,0
DA:151,0
DA:152,0
DA:153,0
DA:154,0
DA:155,0
DA:156,0
DA:157,0
DA:158,0
DA:159,0
DA:160,0
DA:161,0
DA:162,0
DA:163,0
DA:164,0
DA:165,0
DA:166,0
DA:167,0
DA:168,0
DA:169,0
DA:170,0
DA:171,0
DA:172,0
DA:173,0
DA:174,0
DA:175,0
DA:176,0
DA:177,0
DA:178,0
DA:179,0
DA:180,0
DA:181,0
DA:182,0
DA:183,0
DA:184,0
DA:185,0
DA:186,0
DA:187,0
DA:188,0
DA:189,0
DA:190,0
DA:191,0
DA:192,0
DA:193,0
DA:194,0
DA:195,0
DA:196,0
DA:197,0
DA:198,0
DA:199,0
DA:200,0
DA:201,0
DA:202,0
DA:203,0
DA:204,0
DA:205,0
DA:206,0
DA:207,0
DA:208,0
DA:209,0
DA:210,0
DA:211,0
DA:212,0
DA:213,0
DA:214,0
DA:215,0
DA:216,0
DA:217,0
DA:218,0
DA:219,0
DA:220,0
DA:221,0
DA:222,0
DA:223,0
DA:224,0
DA:225,0
DA:226,6
DA:227,0
DA:228,0
DA:229,0
DA:230,0
DA:231,1
DA:232,0
DA:233,0
DA:234,0
DA:235,0
DA:236,0
DA:237,0
DA:238,0
DA:239,0
DA:240,0
DA:241,0
DA:242,0
DA:243,0
DA:244,0
DA:245,0
LF:245
LH:87
BRDA:26,0,0,6
BRDA:44,1,0,0
BRDA:46,2,0,0
BRDA:47,3,0,0
BRDA:86,4,0,0
BRDA:226,5,0,0
BRF:6
BRH:1
end_of_record
TN:
SF:src/helpers/images.ts
FN:6,fetchImage
FNF:1
FNH:0
FNDA:0,fetchImage
DA:1,1
DA:2,1
DA:3,1
DA:4,1
DA:5,1
DA:6,0
DA:7,0
DA:8,0
DA:9,0
DA:10,0
DA:11,0
DA:12,0
DA:13,0
DA:14,0
DA:15,0
DA:16,0
DA:17,0
DA:18,0
DA:19,0
DA:20,0
DA:21,0
DA:22,0
DA:23,0
DA:24,0
DA:25,0
DA:26,0
DA:27,0
DA:28,0
DA:29,0
DA:30,1
DA:31,1
LF:31
LH:7
BRF:0
BRH:0
end_of_record
TN:
SF:src/helpers/setDefaults.ts
FN:4,setDefaults
FNF:1
FNH:1
FNDA:3,setDefaults
DA:1,1
DA:2,1
DA:3,1
DA:4,1
DA:5,3
DA:6,3
DA:7,3
DA:8,3
DA:9,3
DA:10,3
DA:11,3
DA:12,3
DA:13,3
DA:14,3
DA:15,3
DA:16,3
DA:17,3
DA:18,3
DA:19,3
DA:20,3
DA:21,3
DA:22,3
DA:23,3
DA:24,3
DA:25,3
DA:26,3
DA:27,3
DA:28,3
DA:29,3
DA:30,3
DA:31,3
DA:32,3
DA:33,3
DA:34,3
DA:35,3
DA:36,3
DA:37,3
DA:38,3
DA:39,3
DA:40,3
DA:41,3
DA:42,3
DA:43,3
DA:44,3
DA:45,3
DA:46,3
DA:47,3
DA:48,3
DA:49,3
DA:50,3
DA:51,3
DA:52,3
DA:53,3
DA:54,3
DA:55,3
LF:55
LH:55
BRDA:4,0,0,3
BRDA:10,1,0,1
BRDA:10,2,0,2
BRDA:11,3,0,0
BRDA:12,4,0,0
BRDA:13,5,0,0
BRDA:14,6,0,0
BRDA:15,7,0,0
BRDA:18,8,0,2
BRDA:18,9,0,1
BRDA:18,10,0,1
BRDA:18,11,0,2
BRDA:19,12,0,1
BRDA:20,13,0,2
BRDA:20,14,0,1
BRDA:20,15,0,1
BRDA:20,16,0,0
BRDA:21,17,0,2
BRDA:21,18,0,1
BRDA:21,19,0,1
BRDA:21,20,0,2
BRDA:24,21,0,2
BRDA:24,22,0,1
BRDA:24,23,0,1
BRDA:24,24,0,2
BRDA:27,25,0,2
BRDA:27,26,0,1
BRDA:27,27,0,1
BRDA:27,28,0,2
BRDA:28,29,0,2
BRDA:28,30,0,1
BRDA:28,31,0,0
BRDA:29,32,0,2
BRDA:29,33,0,1
BRDA:29,34,0,0
BRDA:30,35,0,2
BRDA:30,36,0,1
BRDA:30,37,0,0
BRDA:31,38,0,2
BRDA:31,39,0,1
BRDA:31,40,0,1
BRDA:31,41,0,2
BRDA:32,42,0,2
BRDA:32,43,0,1
BRDA:32,44,0,0
BRDA:35,45,0,0
BRDA:35,46,0,0
BRDA:36,47,0,0
BRDA:36,48,0,0
BRDA:37,49,0,0
BRDA:37,50,0,0
BRDA:38,51,0,0
BRDA:38,52,0,0
BRDA:39,53,0,0
BRDA:39,54,0,0
BRDA:42,55,0,2
BRDA:42,56,0,1
BRDA:42,57,0,1
BRDA:42,58,0,2
BRDA:43,59,0,2
BRDA:43,60,0,1
BRDA:43,61,0,1
BRDA:43,62,0,2
BRDA:46,63,0,1
BRDA:46,64,0,2
BRDA:46,65,0,1
BRDA:46,66,0,2
BRDA:47,67,0,1
BRDA:47,68,0,2
BRDA:47,69,0,1
BRDA:47,70,0,2
BRDA:50,71,0,0
BRDA:50,72,0,0
BRDA:51,73,0,0
BRDA:51,74,0,0
BRDA:53,75,0,0
BRDA:53,76,0,0
BRF:77
BRH:51
end_of_record
TN:
SF:src/helpers/tableHeights.ts
FN:12,calcTableHeight
FN:54,calcRowHeight
FN:69,getContentWrappedLineHeight
FNF:3
FNH:3
FNDA:1,calcTableHeight
FNDA:4,calcRowHeight
FNDA:12,getContentWrappedLineHeight
DA:1,1
DA:2,1
DA:3,1
DA:4,1
DA:5,1
DA:6,1
DA:7,1
DA:8,1
DA:9,1
DA:10,1
DA:11,1
DA:12,1
DA:13,1
DA:14,1
DA:15,1
DA:16,1
DA:17,1
DA:18,1
DA:19,1
DA:20,1
DA:21,1
DA:22,1
DA:23,1
DA:24,1
DA:25,1
DA:26,1
DA:27,1
DA:28,1
DA:29,1
DA:30,1
DA:31,2
DA:32,2
DA:33,2
DA:34,2
DA:35,2
DA:36,2
DA:37,2
DA:38,2
DA:39,2
DA:40,1
DA:41,1
DA:42,1
DA:43,1
DA:44,1
DA:45,1
DA:46,1
DA:47,1
DA:48,1
DA:49,1
DA:50,1
DA:51,1
DA:52,1
DA:53,1
DA:54,4
DA:55,4
DA:56,4
DA:57,4
DA:58,4
DA:59,4
DA:60,4
DA:61,4
DA:62,4
DA:63,4
DA:64,4
DA:65,4
DA:66,12
DA:67,12
DA:68,12
DA:69,12
DA:70,12
DA:71,12
DA:72,12
DA:73,12
DA:74,12
DA:75,12
DA:76,0
DA:77,0
DA:78,0
DA:79,0
DA:80,0
DA:81,0
DA:82,0
DA:83,0
DA:84,0
DA:85,0
DA:86,0
DA:87,12
DA:88,0
DA:89,0
DA:90,0
DA:91,0
DA:92,0
DA:93,0
DA:94,0
DA:95,0
DA:96,0
DA:97,0
DA:98,0
DA:99,0
DA:100,0
DA:101,0
DA:102,12
DA:103,12
DA:104,12
DA:105,12
DA:106,12
DA:107,12
DA:108,12
DA:109,12
DA:110,12
DA:111,12
DA:112,12
DA:113,12
DA:114,12
DA:115,12
DA:116,0
DA:117,0
DA:118,0
DA:119,0
DA:120,12
DA:121,12
DA:122,12
DA:123,12
DA:124,4
DA:125,4
DA:126,4
DA:127,4
DA:128,4
LF:128
LH:99
BRDA:12,0,0,1
BRDA:47,1,0,0
BRDA:30,2,0,2
BRDA:34,3,0,1
BRDA:34,4,0,1
BRDA:34,5,0,1
BRDA:35,6,0,1
BRDA:35,7,0,1
BRDA:35,8,0,1
BRDA:36,9,0,1
BRDA:36,10,0,1
BRDA:36,11,0,1
BRDA:45,12,0,2
BRDA:54,13,0,4
BRDA:65,14,0,12
BRDA:65,15,0,12
BRDA:69,16,0,12
BRDA:75,17,0,0
BRDA:87,18,0,0
BRDA:115,19,0,0
BRF:20
BRH:16
end_of_record
TN:
SF:src/helpers/util.ts
FN:13,isCustomStyledText
FN:17,isImage
FN:21,isLink
FN:26,drawBorder
FN:50,wrapText
FN:89,breakWord
FN:118,getTextCoordinates
FN:147,getImageCoordinates
FNF:8
FNH:5
FNDA:12,isCustomStyledText
FNDA:0,isImage
FNDA:12,isLink
FNDA:14,drawBorder
FNDA:18,wrapText
FNDA:0,breakWord
FNDA:6,getTextCoordinates
FNDA:0,getImageCoordinates
DA:1,1
DA:2,1
DA:3,1
DA:4,1
DA:5,1
DA:6,1
DA:7,1
DA:8,1
DA:9,1
DA:10,1
DA:11,1
DA:12,1
DA:13,12
DA:14,12
DA:15,12
DA:16,1
DA:17,0
DA:18,0
DA:19,0
DA:20,1
DA:21,12
DA:22,12
DA:23,12
DA:24,1
DA:25,1
DA:26,14
DA:27,14
DA:28,14
DA:29,14
DA:30,14
DA:31,14
DA:32,14
DA:33,14
DA:34,14
DA:35,14
DA:36,14
DA:37,14
DA:38,14
DA:39,14
DA:40,14
DA:41,14
DA:42,14
DA:43,14
DA:44,14
DA:45,14
DA:46,14
DA:47,14
DA:48,1
DA:49,1
DA:50,18
DA:51,18
DA:52,18
DA:53,18
DA:54,18
DA:55,18
DA:56,18
DA:57,18
DA:58,18
DA:59,18
DA:60,18
DA:61,18
DA:62,18
DA:63,18
DA:64,18
DA:65,18
DA:66,18
DA:67,18
DA:68,0
DA:69,0
DA:70,0
DA:71,0
DA:72,0
DA:73,0
DA:74,0
DA:75,0
DA:76,0
DA:77,0
DA:78,0
DA:79,0
DA:80,18
DA:81,18
DA:82,18
DA:83,18
DA:84,18
DA:85,18
DA:86,18
DA:87,18
DA:88,1
DA:89,0
DA:90,0
DA:91,0
DA:92,0
DA:93,0
DA:94,0
DA:95,0
DA:96,0
DA:97,0
DA:98,0
DA:99,0
DA:100,0
DA:101,0
DA:102,0
DA:103,0
DA:104,0
DA:105,0
DA:106,0
DA:107,0
DA:108,1
DA:109,1
DA:110,1
DA:111,1
DA:112,1
DA:113,1
DA:114,1
DA:115,1
DA:116,1
DA:117,1
DA:118,6
DA:119,6
DA:120,6
DA:121,6
DA:122,6
DA:123,6
DA:124,6
DA:125,6
DA:126,6
DA:127,6
DA:128,6
DA:129,6
DA:130,6
DA:131,6
DA:132,6
DA:133,0
DA:134,6
DA:135,0
DA:136,6
DA:137,6
DA:138,6
DA:139,6
DA:140,6
DA:141,6
DA:142,6
DA:143,6
DA:144,6
DA:145,1
DA:146,1
DA:147,0
DA:148,0
DA:149,0
DA:150,0
DA:151,0
DA:152,0
DA:153,0
DA:154,0
DA:155,0
DA:156,0
DA:157,0
DA:158,0
DA:159,0
DA:160,0
DA:161,0
DA:162,0
DA:163,0
DA:164,0
DA:165,0
DA:166,0
DA:167,0
DA:168,0
DA:169,0
DA:170,0
DA:171,0
LF:171
LH:110
BRDA:13,0,0,12
BRDA:21,1,0,12
BRDA:22,2,0,0
BRDA:26,3,0,14
BRDA:50,4,0,18
BRDA:62,5,0,0
BRDA:67,6,0,0
BRDA:118,7,0,6
BRDA:132,8,0,0
BRDA:134,9,0,0
BRF:10
BRH:5
end_of_record
TN:
SF:src/helpers/validateAndConvert.ts
FN:7,validateAndConvertTableData
FN:17,isTableObject
FN:21,convertTableObjectToCellContentArray
FN:41,getMaxRowLength
FN:44,validateAndFill
FNF:5
FNH:4
FNDA:3,validateAndConvertTableData
FNDA:3,isTableObject
FNDA:0,convertTableObjectToCellContentArray
FNDA:3,getMaxRowLength
FNDA:3,validateAndFill
DA:1,1
DA:2,1
DA:3,1
DA:4,1
DA:5,1
DA:6,1
DA:7,3
DA:8,3
DA:9,3
DA:10,3
DA:11,3
DA:12,3
DA:13,3
DA:14,0
DA:15,0
DA:16,3
DA:17,3
DA:18,3
DA:19,3
DA:20,3
DA:21,3
DA:22,0
DA:23,0
DA:24,0
DA:25,0
DA:26,0
DA:27,0
DA:28,0
DA:29,0
DA:30,0
DA:31,0
DA:32,0
DA:33,0
DA:34,0
DA:35,0
DA:36,0
DA:37,0
DA:38,0
DA:39,3
DA:40,3
DA:41,3
DA:42,3
DA:43,3
DA:44,3
DA:45,3
DA:46,3
DA:47,3
DA:48,3
DA:49,0
DA:50,0
DA:51,3
DA:52,3
DA:53,8
DA:54,0
DA:55,0
DA:56,0
DA:57,0
DA:58,8
DA:59,8
DA:60,8
DA:61,8
DA:62,0
DA:63,0
DA:64,0
DA:65,0
DA:66,0
DA:67,0
DA:68,3
DA:69,3
DA:70,3
DA:71,3
DA:72,3
DA:73,3
DA:74,3
DA:75,3
DA:76,3
DA:77,3
DA:78,3
DA:79,3
DA:80,3
DA:81,1
DA:82,1
LF:82
LH:51
BRDA:7,0,0,3
BRDA:10,1,0,3
BRDA:13,2,0,0
BRDA:13,3,0,0
BRDA:74,4,0,0
BRDA:17,5,0,3
BRDA:19,6,0,0
BRDA:41,7,0,3
BRDA:42,8,0,5
BRDA:44,9,0,3
BRDA:45,10,0,0
BRDA:46,11,0,0
BRDA:48,12,0,0
BRDA:52,13,0,8
BRDA:53,14,0,0
BRDA:61,15,0,0
BRF:16
BRH:7
end_of_record
