TN:
SF:build/src/drawPDFTable.js
FN:1,Object.<anonymous>
FN:2,Object.<anonymous>.__awaiter
FN:3,adopt
FN:5,fulfilled
FN:6,rejected
FN:7,step
FN:11,Object.<anonymous>.__importDefault
FN:24,DrawTableError
FN:55,drawTable
FNF:9
FNH:8
FNDA:1,Object.<anonymous>
FNDA:3,Object.<anonymous>.__awaiter
FNDA:18,adopt
FNDA:18,fulfilled
FNDA:0,rejected
FNDA:19,step
FNDA:1,Object.<anonymous>.__importDefault
FNDA:2,DrawTableError
FNDA:3,drawTable
DA:1,1
DA:2,1
DA:3,3
DA:4,3
DA:5,3
DA:6,3
DA:7,3
DA:8,3
DA:9,3
DA:10,1
DA:11,1
DA:12,1
DA:13,1
DA:14,1
DA:15,1
DA:16,1
DA:17,1
DA:18,1
DA:19,1
DA:20,1
DA:21,1
DA:22,1
DA:23,1
DA:24,1
DA:25,2
DA:26,2
DA:27,2
DA:28,2
DA:29,1
DA:30,1
DA:31,1
DA:32,1
DA:33,1
DA:34,1
DA:35,1
DA:36,1
DA:37,1
DA:38,1
DA:39,1
DA:40,1
DA:41,1
DA:42,1
DA:43,1
DA:44,1
DA:45,1
DA:46,1
DA:47,1
DA:48,1
DA:49,1
DA:50,1
DA:51,1
DA:52,1
DA:53,1
DA:54,1
DA:55,3
DA:56,3
DA:57,3
DA:58,3
DA:59,3
DA:60,3
DA:61,3
DA:62,3
DA:63,3
DA:64,3
DA:65,3
DA:66,3
DA:67,3
DA:68,3
DA:69,3
DA:70,3
DA:71,3
DA:72,3
DA:73,3
DA:74,0
DA:75,0
DA:76,3
DA:77,3
DA:78,3
DA:79,0
DA:80,0
DA:81,3
DA:82,3
DA:83,3
DA:84,0
DA:85,0
DA:86,3
DA:87,3
DA:88,3
DA:89,3
DA:90,3
DA:91,3
DA:92,3
DA:93,2
DA:94,2
DA:95,2
DA:96,2
DA:97,2
DA:98,2
DA:99,2
DA:100,2
DA:101,2
DA:102,2
DA:103,2
DA:104,2
DA:105,2
DA:106,3
DA:107,3
DA:108,3
DA:109,3
DA:110,3
DA:111,1
DA:112,1
DA:113,3
DA:114,3
DA:115,1
DA:116,1
DA:117,1
DA:118,1
DA:119,1
DA:120,1
DA:121,1
DA:122,3
DA:123,0
DA:124,0
DA:125,0
DA:126,0
DA:127,0
DA:128,0
DA:129,0
DA:130,0
DA:131,0
DA:132,0
DA:133,0
DA:134,0
DA:135,0
DA:136,0
DA:137,0
DA:138,0
DA:139,0
DA:140,1
DA:141,1
DA:142,1
DA:143,1
DA:144,1
DA:145,1
DA:146,3
DA:147,0
DA:148,0
DA:149,1
DA:150,3
DA:151,2
DA:152,2
DA:153,2
DA:154,2
DA:155,2
DA:156,2
DA:157,2
DA:158,2
DA:159,2
DA:160,6
DA:161,6
DA:162,6
DA:163,6
DA:164,6
DA:165,6
DA:166,6
DA:167,6
DA:168,6
DA:169,3
DA:170,3
DA:171,3
DA:172,3
DA:173,3
DA:174,3
DA:175,3
DA:176,3
DA:177,3
DA:178,3
DA:179,6
DA:180,6
DA:181,6
DA:182,6
DA:183,0
DA:184,0
DA:185,6
DA:186,6
DA:187,6
DA:188,6
DA:189,2
DA:190,2
DA:191,6
DA:192,6
DA:193,6
DA:194,6
DA:195,6
DA:196,0
DA:197,0
DA:198,0
DA:199,0
DA:200,0
DA:201,0
DA:202,6
DA:203,6
DA:204,6
DA:205,6
DA:206,6
DA:207,2
DA:208,2
DA:209,2
DA:210,0
DA:211,0
DA:212,2
DA:213,1
DA:214,1
DA:215,1
DA:216,1
DA:217,1
DA:218,1
DA:219,1
DA:220,1
DA:221,1
DA:222,1
DA:223,1
DA:224,3
DA:225,3
DA:226,1
LF:226
LH:191
BRDA:1,0,0,1
BRDA:1,1,0,1
BRDA:2,2,0,3
BRDA:3,3,0,18
BRDA:3,4,0,0
BRDA:4,5,0,3
BRDA:5,6,0,18
BRDA:5,7,0,2
BRDA:7,8,0,19
BRDA:7,9,0,1
BRDA:7,10,0,18
BRDA:11,11,0,1
BRDA:12,12,0,0
BRDA:24,13,0,2
BRDA:55,14,0,3
BRDA:57,15,0,3
BRDA:61,16,0,0
BRDA:73,17,0,0
BRDA:77,18,0,1
BRDA:78,19,0,0
BRDA:82,20,0,0
BRDA:82,21,0,0
BRDA:82,22,0,1
BRDA:83,23,0,0
BRDA:83,24,0,0
BRDA:90,25,0,0
BRDA:91,26,0,1
BRDA:92,27,0,2
BRDA:93,28,0,0
BRDA:102,29,0,0
BRDA:103,30,0,0
BRDA:110,31,0,1
BRDA:113,32,0,2
BRDA:113,33,0,0
BRDA:113,34,0,2
BRDA:113,35,0,1
BRDA:113,36,0,1
BRDA:113,37,0,0
BRDA:113,38,0,0
BRDA:113,39,0,0
BRDA:115,40,0,1
BRDA:122,41,0,0
BRDA:140,42,0,1
BRDA:146,43,0,0
BRDA:149,44,0,1
BRDA:150,45,0,2
BRDA:155,46,0,1
BRDA:155,47,0,1
BRDA:155,48,0,1
BRDA:155,49,0,1
BRDA:155,50,0,1
BRDA:155,51,0,1
BRDA:156,52,0,1
BRDA:159,53,0,6
BRDA:161,54,0,0
BRDA:162,55,0,3
BRDA:162,56,0,3
BRDA:163,57,0,3
BRDA:163,58,0,3
BRDA:164,59,0,3
BRDA:164,60,0,3
BRDA:166,61,0,3
BRDA:166,62,0,3
BRDA:168,63,0,3
BRDA:182,64,0,3
BRDA:182,65,0,0
BRDA:188,66,0,2
BRDA:195,67,0,0
BRDA:209,68,0,0
BRDA:213,69,0,1
BRDA:108,70,0,9
BRDA:113,71,0,4
BRF:72
BRH:49
end_of_record
TN:
SF:build/src/helpers/columnWidths.js
FN:1,Object.<anonymous>
FN:12,getContentWidth
FN:43,calculateHeaderWidths
FN:58,generateColumnWidths
FNF:4
FNH:4
FNDA:1,Object.<anonymous>
FNDA:15,getContentWidth
FNDA:1,calculateHeaderWidths
FNDA:2,generateColumnWidths
DA:1,1
DA:2,1
DA:3,1
DA:4,1
DA:5,1
DA:6,1
DA:7,1
DA:8,1
DA:9,1
DA:10,1
DA:11,1
DA:12,15
DA:13,15
DA:14,15
DA:15,15
DA:16,15
DA:17,15
DA:18,15
DA:19,15
DA:20,15
DA:21,15
DA:22,0
DA:23,0
DA:24,0
DA:25,0
DA:26,0
DA:27,0
DA:28,0
DA:29,0
DA:30,0
DA:31,0
DA:32,0
DA:33,15
DA:34,1
DA:35,1
DA:36,1
DA:37,1
DA:38,1
DA:39,1
DA:40,1
DA:41,1
DA:42,1
DA:43,1
DA:44,1
DA:45,3
DA:46,0
DA:47,0
DA:48,3
DA:49,3
DA:50,3
DA:51,1
DA:52,1
DA:53,1
DA:54,1
DA:55,1
DA:56,1
DA:57,1
DA:58,2
DA:59,2
DA:60,2
DA:61,2
DA:62,2
DA:63,2
DA:64,2
DA:65,1
DA:66,1
DA:67,1
DA:68,1
DA:69,1
DA:70,1
DA:71,1
DA:72,1
DA:73,1
DA:74,1
DA:75,0
DA:76,0
DA:77,0
DA:78,0
DA:79,0
DA:80,1
DA:81,1
DA:82,1
DA:83,1
DA:84,4
DA:85,12
DA:86,12
DA:87,0
DA:88,0
DA:89,0
DA:90,0
DA:91,0
DA:92,0
DA:93,0
DA:94,12
DA:95,12
DA:96,12
DA:97,12
DA:98,12
DA:99,12
DA:100,12
DA:101,4
DA:102,4
DA:103,1
DA:104,1
DA:105,1
DA:106,1
DA:107,1
DA:108,1
DA:109,0
DA:110,0
DA:111,0
DA:112,0
DA:113,0
DA:114,0
DA:115,0
DA:116,0
DA:117,0
DA:118,0
DA:119,0
DA:120,0
DA:121,0
DA:122,0
DA:123,0
DA:124,0
DA:125,0
DA:126,0
DA:127,0
DA:128,0
DA:129,1
DA:130,1
DA:131,1
DA:132,1
DA:133,1
DA:134,1
DA:135,0
DA:136,0
DA:137,0
DA:138,2
DA:139,1
LF:139
LH:91
BRDA:1,0,0,1
BRDA:1,1,0,1
BRDA:12,2,0,15
BRDA:13,3,0,0
BRDA:16,4,0,0
BRDA:22,5,0,0
BRDA:43,6,0,1
BRDA:44,7,0,3
BRDA:45,8,0,0
BRDA:58,9,0,2
BRDA:64,10,0,1
BRDA:74,11,0,0
BRDA:108,12,0,0
BRDA:135,13,0,0
BRDA:83,14,0,4
BRDA:84,15,0,12
BRDA:86,16,0,0
BRDA:100,17,0,3
BRDA:104,18,0,3
BRDA:105,19,0,3
BRDA:106,20,0,3
BRDA:130,21,0,3
BRF:22
BRH:14
end_of_record
TN:
SF:build/src/helpers/drawContent.js
FN:1,Object.<anonymous>
FN:2,Object.<anonymous>.__awaiter
FN:3,adopt
FN:5,fulfilled
FN:6,rejected
FN:7,step
FN:36,drawElement
FN:162,getPageRefByNumber
FNF:8
FNH:4
FNDA:1,Object.<anonymous>
FNDA:6,Object.<anonymous>.__awaiter
FNDA:0,adopt
FNDA:0,fulfilled
FNDA:0,rejected
FNDA:6,step
FNDA:6,drawElement
FNDA:0,getPageRefByNumber
DA:1,1
DA:2,1
DA:3,6
DA:4,6
DA:5,6
DA:6,6
DA:7,6
DA:8,6
DA:9,6
DA:10,1
DA:11,1
DA:12,1
DA:13,1
DA:14,1
DA:15,1
DA:16,1
DA:17,1
DA:18,1
DA:19,1
DA:20,1
DA:21,1
DA:22,1
DA:23,1
DA:24,1
DA:25,1
DA:26,1
DA:27,1
DA:28,1
DA:29,1
DA:30,1
DA:31,1
DA:32,1
DA:33,1
DA:34,1
DA:35,1
DA:36,6
DA:37,6
DA:38,6
DA:39,6
DA:40,6
DA:41,6
DA:42,6
DA:43,6
DA:44,6
DA:45,6
DA:46,6
DA:47,6
DA:48,6
DA:49,6
DA:50,6
DA:51,6
DA:52,6
DA:53,6
DA:54,6
DA:55,6
DA:56,6
DA:57,6
DA:58,6
DA:59,6
DA:60,6
DA:61,6
DA:62,0
DA:63,0
DA:64,0
DA:65,0
DA:66,0
DA:67,0
DA:68,0
DA:69,0
DA:70,0
DA:71,0
DA:72,0
DA:73,0
DA:74,0
DA:75,0
DA:76,0
DA:77,0
DA:78,0
DA:79,0
DA:80,0
DA:81,0
DA:82,0
DA:83,0
DA:84,0
DA:85,0
DA:86,0
DA:87,0
DA:88,0
DA:89,0
DA:90,0
DA:91,0
DA:92,0
DA:93,0
DA:94,0
DA:95,0
DA:96,0
DA:97,0
DA:98,0
DA:99,0
DA:100,0
DA:101,0
DA:102,0
DA:103,0
DA:104,0
DA:105,0
DA:106,0
DA:107,0
DA:108,0
DA:109,0
DA:110,0
DA:111,0
DA:112,0
DA:113,0
DA:114,0
DA:115,0
DA:116,0
DA:117,0
DA:118,0
DA:119,0
DA:120,0
DA:121,0
DA:122,0
DA:123,0
DA:124,0
DA:125,0
DA:126,0
DA:127,0
DA:128,0
DA:129,0
DA:130,0
DA:131,0
DA:132,0
DA:133,0
DA:134,0
DA:135,0
DA:136,0
DA:137,0
DA:138,0
DA:139,0
DA:140,0
DA:141,0
DA:142,0
DA:143,0
DA:144,0
DA:145,0
DA:146,0
DA:147,0
DA:148,0
DA:149,0
DA:150,0
DA:151,0
DA:152,0
DA:153,0
DA:154,6
DA:155,6
DA:156,0
DA:157,0
DA:158,0
DA:159,6
DA:160,6
DA:161,1
DA:162,0
DA:163,0
DA:164,0
DA:165,0
DA:166,0
DA:167,0
DA:168,0
DA:169,0
DA:170,0
LF:170
LH:66
BRDA:1,0,0,1
BRDA:1,1,0,1
BRDA:2,2,0,6
BRDA:4,3,0,6
BRDA:7,4,0,6
BRDA:7,5,0,0
BRDA:36,6,0,6
BRDA:37,7,0,6
BRDA:40,8,0,0
BRDA:41,9,0,0
BRDA:42,10,0,0
BRDA:62,11,0,0
BRDA:155,12,0,0
BRF:13
BRH:7
end_of_record
TN:
SF:build/src/helpers/images.js
FN:1,Object.<anonymous>
FN:6,Object.<anonymous>.__awaiter
FN:17,fetchImage
FNF:3
FNH:1
FNDA:1,Object.<anonymous>
FNDA:0,Object.<anonymous>.__awaiter
FNDA:0,fetchImage
DA:1,1
DA:2,1
DA:3,1
DA:4,1
DA:5,1
DA:6,1
DA:7,0
DA:8,0
DA:9,0
DA:10,0
DA:11,0
DA:12,0
DA:13,0
DA:14,1
DA:15,1
DA:16,1
DA:17,0
DA:18,0
DA:19,0
DA:20,0
DA:21,0
DA:22,0
DA:23,0
DA:24,0
DA:25,0
DA:26,0
DA:27,0
DA:28,0
DA:29,0
DA:30,0
DA:31,0
DA:32,0
DA:33,0
DA:34,0
DA:35,0
DA:36,0
DA:37,0
DA:38,0
DA:39,0
DA:40,0
DA:41,0
DA:42,1
LF:42
LH:10
BRDA:1,0,0,1
BRDA:1,1,0,1
BRF:2
BRH:2
end_of_record
TN:
SF:build/src/helpers/setDefaults.js
FN:1,Object.<anonymous>
FN:5,setDefaults
FNF:2
FNH:2
FNDA:1,Object.<anonymous>
FNDA:3,setDefaults
DA:1,1
DA:2,1
DA:3,1
DA:4,1
DA:5,1
DA:6,3
DA:7,3
DA:8,3
DA:9,3
DA:10,3
DA:11,3
DA:12,3
DA:13,3
DA:14,3
DA:15,3
DA:16,3
DA:17,3
DA:18,3
DA:19,3
DA:20,3
DA:21,3
DA:22,3
DA:23,3
DA:24,3
DA:25,3
DA:26,3
DA:27,3
DA:28,3
DA:29,3
DA:30,3
DA:31,3
DA:32,3
DA:33,3
DA:34,3
DA:35,3
DA:36,3
DA:37,3
DA:38,3
DA:39,3
DA:40,3
DA:41,3
DA:42,3
DA:43,3
DA:44,3
DA:45,3
DA:46,3
DA:47,3
DA:48,3
DA:49,3
DA:50,3
DA:51,3
DA:52,1
DA:53,1
LF:53
LH:53
BRDA:1,0,0,1
BRDA:1,1,0,1
BRDA:5,2,0,3
BRDA:8,3,0,1
BRDA:8,4,0,2
BRDA:9,5,0,0
BRDA:10,6,0,0
BRDA:11,7,0,0
BRDA:12,8,0,0
BRDA:13,9,0,0
BRDA:15,10,0,2
BRDA:15,11,0,1
BRDA:15,12,0,1
BRDA:15,13,0,2
BRDA:16,14,0,1
BRDA:17,15,0,2
BRDA:17,16,0,1
BRDA:17,17,0,1
BRDA:17,18,0,0
BRDA:18,19,0,2
BRDA:18,20,0,1
BRDA:18,21,0,1
BRDA:18,22,0,2
BRDA:21,23,0,2
BRDA:21,24,0,1
BRDA:21,25,0,1
BRDA:21,26,0,2
BRDA:24,27,0,2
BRDA:24,28,0,1
BRDA:24,29,0,1
BRDA:24,30,0,2
BRDA:25,31,0,2
BRDA:25,32,0,1
BRDA:25,33,0,0
BRDA:26,34,0,2
BRDA:26,35,0,1
BRDA:26,36,0,0
BRDA:27,37,0,2
BRDA:27,38,0,1
BRDA:27,39,0,0
BRDA:28,40,0,2
BRDA:28,41,0,1
BRDA:28,42,0,1
BRDA:28,43,0,2
BRDA:29,44,0,2
BRDA:29,45,0,1
BRDA:29,46,0,0
BRDA:32,47,0,0
BRDA:32,48,0,0
BRDA:33,49,0,0
BRDA:33,50,0,0
BRDA:34,51,0,0
BRDA:34,52,0,0
BRDA:35,53,0,0
BRDA:35,54,0,0
BRDA:36,55,0,0
BRDA:36,56,0,0
BRDA:39,57,0,2
BRDA:39,58,0,1
BRDA:39,59,0,1
BRDA:39,60,0,2
BRDA:40,61,0,2
BRDA:40,62,0,1
BRDA:40,63,0,1
BRDA:40,64,0,2
BRDA:43,65,0,1
BRDA:43,66,0,2
BRDA:43,67,0,1
BRDA:43,68,0,2
BRDA:44,69,0,1
BRDA:44,70,0,2
BRDA:44,71,0,1
BRDA:44,72,0,2
BRDA:47,73,0,0
BRDA:47,74,0,0
BRDA:48,75,0,0
BRDA:48,76,0,0
BRDA:50,77,0,0
BRDA:50,78,0,0
BRF:79
BRH:53
end_of_record
TN:
SF:build/src/helpers/tableHeights.js
FN:1,Object.<anonymous>
FN:2,Object.<anonymous>.__awaiter
FN:3,adopt
FN:5,fulfilled
FN:6,rejected
FN:7,step
FN:15,calcTableHeight
FN:41,calcRowHeight
FN:45,getContentWrappedLineHeight
FNF:9
FNH:8
FNDA:1,Object.<anonymous>
FNDA:17,Object.<anonymous>.__awaiter
FNDA:5,adopt
FNDA:5,fulfilled
FNDA:0,rejected
FNDA:22,step
FNDA:1,calcTableHeight
FNDA:4,calcRowHeight
FNDA:12,getContentWrappedLineHeight
DA:1,1
DA:2,1
DA:3,17
DA:4,17
DA:5,17
DA:6,17
DA:7,17
DA:8,17
DA:9,17
DA:10,1
DA:11,1
DA:12,1
DA:13,1
DA:14,1
DA:15,1
DA:16,1
DA:17,1
DA:18,1
DA:19,1
DA:20,1
DA:21,1
DA:22,1
DA:23,1
DA:24,1
DA:25,1
DA:26,1
DA:27,1
DA:28,1
DA:29,1
DA:30,1
DA:31,1
DA:32,1
DA:33,1
DA:34,1
DA:35,1
DA:36,1
DA:37,1
DA:38,1
DA:39,1
DA:40,1
DA:41,4
DA:42,4
DA:43,4
DA:44,12
DA:45,12
DA:46,12
DA:47,0
DA:48,0
DA:49,0
DA:50,0
DA:51,0
DA:52,12
DA:53,0
DA:54,0
DA:55,0
DA:56,0
DA:57,0
DA:58,0
DA:59,0
DA:60,0
DA:61,12
DA:62,12
DA:63,12
DA:64,12
DA:65,12
DA:66,12
DA:67,12
DA:68,0
DA:69,0
DA:70,0
DA:71,0
DA:72,0
DA:73,0
DA:74,12
DA:75,12
DA:76,4
DA:77,4
DA:78,4
DA:79,4
DA:80,4
DA:81,1
LF:81
LH:62
BRDA:1,0,0,1
BRDA:1,1,0,1
BRDA:2,2,0,17
BRDA:3,3,0,5
BRDA:3,4,0,0
BRDA:4,5,0,17
BRDA:5,6,0,5
BRDA:5,7,0,0
BRDA:7,8,0,22
BRDA:7,9,0,17
BRDA:7,10,0,5
BRDA:15,11,0,1
BRDA:28,12,0,1
BRDA:34,13,0,0
BRDA:30,14,0,2
BRDA:30,15,0,1
BRDA:30,16,0,1
BRDA:30,17,0,1
BRDA:30,18,0,1
BRDA:30,19,0,1
BRDA:30,20,0,1
BRDA:30,21,0,1
BRDA:30,22,0,1
BRDA:30,23,0,1
BRDA:32,24,0,2
BRDA:41,25,0,4
BRDA:42,26,0,4
BRDA:43,27,0,12
BRDA:43,28,0,12
BRDA:45,29,0,12
BRDA:46,30,0,0
BRDA:52,31,0,0
BRDA:68,32,0,0
BRF:33
BRH:27
end_of_record
TN:
SF:build/src/helpers/util.js
FN:1,Object.<anonymous>
FN:7,isCustomStyledText
FN:11,isImage
FN:15,isLink
FN:20,drawBorder
FN:31,wrapText
FN:63,breakWord
FN:86,getTextCoordinates
FN:106,getImageCoordinates
FNF:9
FNH:6
FNDA:1,Object.<anonymous>
FNDA:12,isCustomStyledText
FNDA:0,isImage
FNDA:12,isLink
FNDA:14,drawBorder
FNDA:18,wrapText
FNDA:0,breakWord
FNDA:6,getTextCoordinates
FNDA:0,getImageCoordinates
DA:1,1
DA:2,1
DA:3,1
DA:4,1
DA:5,1
DA:6,1
DA:7,12
DA:8,12
DA:9,12
DA:10,1
DA:11,0
DA:12,0
DA:13,0
DA:14,1
DA:15,12
DA:16,12
DA:17,12
DA:18,1
DA:19,1
DA:20,14
DA:21,14
DA:22,14
DA:23,14
DA:24,14
DA:25,14
DA:26,14
DA:27,14
DA:28,14
DA:29,1
DA:30,1
DA:31,18
DA:32,18
DA:33,18
DA:34,18
DA:35,18
DA:36,18
DA:37,18
DA:38,18
DA:39,18
DA:40,18
DA:41,18
DA:42,0
DA:43,0
DA:44,0
DA:45,0
DA:46,0
DA:47,0
DA:48,0
DA:49,0
DA:50,0
DA:51,0
DA:52,0
DA:53,0
DA:54,0
DA:55,0
DA:56,18
DA:57,18
DA:58,18
DA:59,18
DA:60,18
DA:61,18
DA:62,1
DA:63,0
DA:64,0
DA:65,0
DA:66,0
DA:67,0
DA:68,0
DA:69,0
DA:70,0
DA:71,0
DA:72,0
DA:73,0
DA:74,0
DA:75,0
DA:76,0
DA:77,1
DA:78,1
DA:79,1
DA:80,1
DA:81,1
DA:82,1
DA:83,1
DA:84,1
DA:85,1
DA:86,6
DA:87,6
DA:88,6
DA:89,6
DA:90,6
DA:91,0
DA:92,0
DA:93,6
DA:94,0
DA:95,0
DA:96,6
DA:97,6
DA:98,6
DA:99,6
DA:100,6
DA:101,6
DA:102,6
DA:103,6
DA:104,1
DA:105,1
DA:106,0
DA:107,0
DA:108,0
DA:109,0
DA:110,0
DA:111,0
DA:112,0
DA:113,0
DA:114,0
DA:115,0
DA:116,0
DA:117,0
DA:118,0
DA:119,0
DA:120,0
DA:121,0
DA:122,0
DA:123,1
LF:123
LH:71
BRDA:1,0,0,1
BRDA:1,1,0,1
BRDA:7,2,0,12
BRDA:15,3,0,12
BRDA:16,4,0,0
BRDA:20,5,0,14
BRDA:31,6,0,18
BRDA:37,7,0,0
BRDA:42,8,0,0
BRDA:86,9,0,6
BRDA:90,10,0,0
BRDA:93,11,0,0
BRF:12
BRH:7
end_of_record
TN:
SF:build/src/helpers/validateAndConvert.js
FN:1,Object.<anonymous>
FN:2,Object.<anonymous>.__awaiter
FN:3,adopt
FN:5,fulfilled
FN:6,rejected
FN:7,step
FN:12,validateAndConvertTableData
FN:19,isTableObject
FN:20,convertTableObjectToCellContentArray
FN:34,getMaxRowLength
FN:35,validateAndFill
FNF:11
FNH:7
FNDA:1,Object.<anonymous>
FNDA:3,Object.<anonymous>.__awaiter
FNDA:0,adopt
FNDA:0,fulfilled
FNDA:0,rejected
FNDA:3,step
FNDA:3,validateAndConvertTableData
FNDA:3,isTableObject
FNDA:0,convertTableObjectToCellContentArray
FNDA:3,getMaxRowLength
FNDA:3,validateAndFill
DA:1,1
DA:2,1
DA:3,3
DA:4,3
DA:5,3
DA:6,3
DA:7,3
DA:8,3
DA:9,3
DA:10,1
DA:11,1
DA:12,3
DA:13,3
DA:14,3
DA:15,3
DA:16,3
DA:17,0
DA:18,0
DA:19,3
DA:20,3
DA:21,0
DA:22,0
DA:23,0
DA:24,0
DA:25,0
DA:26,0
DA:27,0
DA:28,0
DA:29,0
DA:30,0
DA:31,0
DA:32,0
DA:33,3
DA:34,3
DA:35,3
DA:36,3
DA:37,3
DA:38,3
DA:39,0
DA:40,0
DA:41,3
DA:42,8
DA:43,0
DA:44,0
DA:45,8
DA:46,8
DA:47,8
DA:48,0
DA:49,0
DA:50,0
DA:51,0
DA:52,3
DA:53,3
DA:54,3
DA:55,3
DA:56,3
DA:57,3
DA:58,3
DA:59,3
DA:60,3
DA:61,3
DA:62,3
DA:63,1
LF:63
LH:41
BRDA:1,0,0,1
BRDA:1,1,0,1
BRDA:2,2,0,3
BRDA:4,3,0,3
BRDA:7,4,0,3
BRDA:7,5,0,0
BRDA:12,6,0,3
BRDA:13,7,0,3
BRDA:14,8,0,3
BRDA:16,9,0,0
BRDA:16,10,0,0
BRDA:56,11,0,0
BRDA:19,12,0,3
BRDA:19,13,0,0
BRDA:34,14,0,3
BRDA:34,15,0,5
BRDA:35,16,0,3
BRDA:36,17,0,0
BRDA:37,18,0,0
BRDA:38,19,0,0
BRDA:41,20,0,8
BRDA:42,21,0,0
BRDA:48,22,0,0
BRF:23
BRH:13
end_of_record
TN:
SF:src/drawPDFTable.ts
FN:32,DrawTableError
FN:64,drawTable
FNF:2
FNH:2
FNDA:2,DrawTableError
FNDA:3,drawTable
DA:1,1
DA:2,1
DA:3,1
DA:4,1
DA:5,1
DA:6,1
DA:7,1
DA:8,1
DA:9,1
DA:10,1
DA:11,1
DA:12,1
DA:13,1
DA:14,1
DA:15,1
DA:16,1
DA:17,1
DA:18,1
DA:19,1
DA:20,1
DA:21,1
DA:22,1
DA:23,1
DA:24,1
DA:25,1
DA:26,1
DA:27,1
DA:28,1
DA:29,1
DA:30,1
DA:31,1
DA:32,1
DA:33,2
DA:34,2
DA:35,2
DA:36,2
DA:37,1
DA:38,1
DA:39,1
DA:40,1
DA:41,1
DA:42,1
DA:43,1
DA:44,1
DA:45,1
DA:46,1
DA:47,1
DA:48,1
DA:49,1
DA:50,1
DA:51,1
DA:52,1
DA:53,1
DA:54,1
DA:55,1
DA:56,1
DA:57,1
DA:58,1
DA:59,1
DA:60,1
DA:61,1
DA:62,1
DA:63,1
DA:64,3
DA:65,3
DA:66,3
DA:67,3
DA:68,3
DA:69,3
DA:70,3
DA:71,3
DA:72,3
DA:73,3
DA:74,3
DA:75,3
DA:76,3
DA:77,3
DA:78,3
DA:79,3
DA:80,3
DA:81,3
DA:82,3
DA:83,3
DA:84,3
DA:85,3
DA:86,3
DA:87,3
DA:88,3
DA:89,3
DA:90,3
DA:91,3
DA:92,3
DA:93,3
DA:94,3
DA:95,3
DA:96,3
DA:97,3
DA:98,3
DA:99,3
DA:100,3
DA:101,3
DA:102,3
DA:103,3
DA:104,3
DA:105,3
DA:106,3
DA:107,3
DA:108,3
DA:109,3
DA:110,0
DA:111,0
DA:112,0
DA:113,0
DA:114,0
DA:115,3
DA:116,3
DA:117,3
DA:118,3
DA:119,1
DA:120,3
DA:121,0
DA:122,0
DA:123,0
DA:124,0
DA:125,0
DA:126,3
DA:127,3
DA:128,3
DA:129,3
DA:130,1
DA:131,3
DA:132,0
DA:133,0
DA:134,0
DA:135,0
DA:136,0
DA:137,3
DA:138,3
DA:139,3
DA:140,3
DA:141,3
DA:142,3
DA:143,3
DA:144,3
DA:145,3
DA:146,3
DA:147,2
DA:148,2
DA:149,2
DA:150,2
DA:151,2
DA:152,2
DA:153,2
DA:154,2
DA:155,2
DA:156,2
DA:157,2
DA:158,2
DA:159,2
DA:160,3
DA:161,3
DA:162,3
DA:163,3
DA:164,3
DA:165,3
DA:166,3
DA:167,3
DA:168,3
DA:169,1
DA:170,1
DA:171,1
DA:172,1
DA:173,1
DA:174,3
DA:175,1
DA:176,1
DA:177,3
DA:178,1
DA:179,1
DA:180,1
DA:181,1
DA:182,1
DA:183,1
DA:184,1
DA:185,1
DA:186,1
DA:187,1
DA:188,1
DA:189,1
DA:190,1
DA:191,1
DA:192,3
DA:193,1
DA:194,1
DA:195,1
DA:196,1
DA:197,1
DA:198,1
DA:199,1
DA:200,1
DA:201,1
DA:202,1
DA:203,1
DA:204,1
DA:205,1
DA:206,3
DA:207,0
DA:208,0
DA:209,0
DA:210,0
DA:211,0
DA:212,0
DA:213,0
DA:214,0
DA:215,0
DA:216,0
DA:217,0
DA:218,0
DA:219,0
DA:220,0
DA:221,0
DA:222,0
DA:223,0
DA:224,0
DA:225,1
DA:226,1
DA:227,1
DA:228,1
DA:229,1
DA:230,3
DA:231,0
DA:232,0
DA:233,1
DA:234,1
DA:235,3
DA:236,2
DA:237,2
DA:238,2
DA:239,2
DA:240,2
DA:241,2
DA:242,2
DA:243,2
DA:244,2
DA:245,2
DA:246,2
DA:247,2
DA:248,2
DA:249,2
DA:250,2
DA:251,2
DA:252,2
DA:253,2
DA:254,2
DA:255,2
DA:256,2
DA:257,2
DA:258,6
DA:259,6
DA:260,6
DA:261,6
DA:262,6
DA:263,6
DA:264,6
DA:265,6
DA:266,6
DA:267,6
DA:268,3
DA:269,3
DA:270,3
DA:271,3
DA:272,3
DA:273,3
DA:274,3
DA:275,3
DA:276,3
DA:277,3
DA:278,6
DA:279,6
DA:280,6
DA:281,6
DA:282,6
DA:283,0
DA:284,0
DA:285,0
DA:286,0
DA:287,0
DA:288,0
DA:289,0
DA:290,0
DA:291,0
DA:292,0
DA:293,6
DA:294,6
DA:295,6
DA:296,6
DA:297,6
DA:298,6
DA:299,6
DA:300,6
DA:301,6
DA:302,6
DA:303,6
DA:304,6
DA:305,6
DA:306,6
DA:307,2
DA:308,2
DA:309,2
DA:310,2
DA:311,2
DA:312,2
DA:313,2
DA:314,2
DA:315,2
DA:316,2
DA:317,6
DA:318,6
DA:319,6
DA:320,6
DA:321,6
DA:322,6
DA:323,6
DA:324,6
DA:325,6
DA:326,6
DA:327,6
DA:328,6
DA:329,6
DA:330,6
DA:331,6
DA:332,0
DA:333,0
DA:334,0
DA:335,0
DA:336,0
DA:337,0
DA:338,0
DA:339,0
DA:340,0
DA:341,0
DA:342,0
DA:343,0
DA:344,0
DA:345,0
DA:346,0
DA:347,0
DA:348,0
DA:349,0
DA:350,0
DA:351,0
DA:352,0
DA:353,6
DA:354,6
DA:355,6
DA:356,6
DA:357,6
DA:358,6
DA:359,6
DA:360,6
DA:361,6
DA:362,6
DA:363,6
DA:364,6
DA:365,6
DA:366,6
DA:367,6
DA:368,6
DA:369,6
DA:370,6
DA:371,6
DA:372,6
DA:373,6
DA:374,2
DA:375,2
DA:376,2
DA:377,0
DA:378,0
DA:379,0
DA:380,0
DA:381,0
DA:382,2
DA:383,3
DA:384,3
DA:385,3
DA:386,3
DA:387,3
DA:388,3
DA:389,3
DA:390,3
DA:391,3
DA:392,3
DA:393,3
DA:394,3
DA:395,3
DA:396,3
LF:396
LH:325
BRDA:32,0,0,2
BRDA:64,1,0,3
BRDA:80,2,0,0
BRDA:109,3,0,0
BRDA:118,4,0,1
BRDA:120,5,0,0
BRDA:129,6,0,0
BRDA:129,7,0,0
BRDA:129,8,0,1
BRDA:130,9,0,0
BRDA:131,10,0,0
BRDA:144,11,0,0
BRDA:145,12,0,1
BRDA:146,13,0,2
BRDA:147,14,0,0
BRDA:156,15,0,0
BRDA:157,16,0,0
BRDA:168,17,0,1
BRDA:174,18,0,2
BRDA:174,19,0,0
BRDA:174,20,0,2
BRDA:174,21,0,1
BRDA:177,22,0,1
BRDA:184,23,0,0
BRDA:185,24,0,0
BRDA:185,25,0,0
BRDA:193,26,0,1
BRDA:206,27,0,0
BRDA:225,28,0,1
BRDA:230,29,0,0
BRDA:233,30,0,1
BRDA:235,31,0,2
BRDA:245,32,0,1
BRDA:245,33,0,1
BRDA:245,34,0,1
BRDA:246,35,0,1
BRDA:246,36,0,1
BRDA:246,37,0,1
BRDA:253,38,0,1
BRDA:257,39,0,6
BRDA:259,40,0,0
BRDA:260,41,0,3
BRDA:260,42,0,3
BRDA:261,43,0,3
BRDA:261,44,0,3
BRDA:262,45,0,3
BRDA:262,46,0,3
BRDA:264,47,0,3
BRDA:264,48,0,3
BRDA:267,49,0,3
BRDA:282,50,0,3
BRDA:282,51,0,0
BRDA:306,52,0,2
BRDA:331,53,0,0
BRDA:376,54,0,0
BRDA:164,55,0,9
BRDA:175,56,0,4
BRF:57
BRH:36
end_of_record
TN:
SF:src/helpers/columnWidths.ts
FN:19,getContentWidth
FN:55,calculateHeaderWidths
FN:78,generateColumnWidths
FNF:3
FNH:3
FNDA:15,getContentWidth
FNDA:1,calculateHeaderWidths
FNDA:2,generateColumnWidths
DA:1,1
DA:2,1
DA:3,1
DA:4,1
DA:5,1
DA:6,1
DA:7,1
DA:8,1
DA:9,1
DA:10,1
DA:11,1
DA:12,1
DA:13,1
DA:14,1
DA:15,1
DA:16,1
DA:17,1
DA:18,1
DA:19,15
DA:20,15
DA:21,15
DA:22,15
DA:23,15
DA:24,15
DA:25,15
DA:26,0
DA:27,15
DA:28,15
DA:29,15
DA:30,15
DA:31,15
DA:32,15
DA:33,15
DA:34,15
DA:35,15
DA:36,0
DA:37,0
DA:38,0
DA:39,0
DA:40,0
DA:41,0
DA:42,0
DA:43,0
DA:44,15
DA:45,1
DA:46,1
DA:47,1
DA:48,1
DA:49,1
DA:50,1
DA:51,1
DA:52,1
DA:53,1
DA:54,1
DA:55,1
DA:56,1
DA:57,1
DA:58,1
DA:59,1
DA:60,1
DA:61,1
DA:62,1
DA:63,3
DA:64,0
DA:65,0
DA:66,3
DA:67,3
DA:68,3
DA:69,3
DA:70,1
DA:71,1
DA:72,1
DA:73,1
DA:74,1
DA:75,1
DA:76,1
DA:77,1
DA:78,2
DA:79,2
DA:80,2
DA:81,2
DA:82,2
DA:83,2
DA:84,2
DA:85,2
DA:86,2
DA:87,2
DA:88,2
DA:89,2
DA:90,2
DA:91,2
DA:92,2
DA:93,2
DA:94,2
DA:95,2
DA:96,2
DA:97,2
DA:98,1
DA:99,1
DA:100,1
DA:101,1
DA:102,1
DA:103,1
DA:104,1
DA:105,1
DA:106,1
DA:107,1
DA:108,1
DA:109,1
DA:110,1
DA:111,1
DA:112,0
DA:113,0
DA:114,0
DA:115,0
DA:116,0
DA:117,0
DA:118,0
DA:119,1
DA:120,1
DA:121,1
DA:122,1
DA:123,1
DA:124,1
DA:125,4
DA:126,12
DA:127,12
DA:128,12
DA:129,0
DA:130,0
DA:131,0
DA:132,0
DA:133,0
DA:134,0
DA:135,0
DA:136,0
DA:137,0
DA:138,0
DA:139,0
DA:140,12
DA:141,12
DA:142,12
DA:143,12
DA:144,12
DA:145,12
DA:146,12
DA:147,12
DA:148,12
DA:149,12
DA:150,12
DA:151,12
DA:152,4
DA:153,4
DA:154,4
DA:155,1
DA:156,1
DA:157,1
DA:158,1
DA:159,1
DA:160,1
DA:161,1
DA:162,1
DA:163,1
DA:164,1
DA:165,1
DA:166,0
DA:167,0
DA:168,0
DA:169,0
DA:170,0
DA:171,0
DA:172,0
DA:173,0
DA:174,0
DA:175,0
DA:176,0
DA:177,0
DA:178,0
DA:179,0
DA:180,0
DA:181,0
DA:182,0
DA:183,0
DA:184,0
DA:185,0
DA:186,0
DA:187,0
DA:188,0
DA:189,0
DA:190,0
DA:191,0
DA:192,0
DA:193,0
DA:194,0
DA:195,0
DA:196,1
DA:197,1
DA:198,3
DA:199,1
DA:200,1
DA:201,1
DA:202,1
DA:203,1
DA:204,1
DA:205,0
DA:206,0
DA:207,0
DA:208,0
DA:209,0
DA:210,2
LF:210
LH:146
BRDA:19,0,0,15
BRDA:25,1,0,0
BRDA:30,2,0,0
BRDA:35,3,0,0
BRDA:55,4,0,1
BRDA:62,5,0,3
BRDA:63,6,0,0
BRDA:78,7,0,2
BRDA:97,8,0,1
BRDA:111,9,0,0
BRDA:165,10,0,0
BRDA:204,11,0,0
BRDA:124,12,0,4
BRDA:125,13,0,12
BRDA:128,14,0,0
BRDA:148,15,0,3
BRDA:159,16,0,3
BRDA:161,17,0,3
BRDA:162,18,0,3
BRDA:197,19,0,3
BRF:20
BRH:12
end_of_record
TN:
SF:src/helpers/drawContent.ts
FN:26,drawElement
FN:232,getPageRefByNumber
FNF:2
FNH:1
FNDA:6,drawElement
FNDA:0,getPageRefByNumber
DA:1,1
DA:2,1
DA:3,1
DA:4,1
DA:5,1
DA:6,1
DA:7,1
DA:8,1
DA:9,1
DA:10,1
DA:11,1
DA:12,1
DA:13,1
DA:14,1
DA:15,1
DA:16,1
DA:17,1
DA:18,1
DA:19,1
DA:20,1
DA:21,1
DA:22,1
DA:23,1
DA:24,1
DA:25,1
DA:26,6
DA:27,6
DA:28,6
DA:29,6
DA:30,6
DA:31,6
DA:32,6
DA:33,6
DA:34,6
DA:35,6
DA:36,6
DA:37,6
DA:38,6
DA:39,6
DA:40,6
DA:41,6
DA:42,6
DA:43,6
DA:44,6
DA:45,6
DA:46,6
DA:47,6
DA:48,6
DA:49,6
DA:50,6
DA:51,6
DA:52,6
DA:53,6
DA:54,6
DA:55,6
DA:56,6
DA:57,6
DA:58,6
DA:59,6
DA:60,6
DA:61,6
DA:62,6
DA:63,6
DA:64,6
DA:65,6
DA:66,6
DA:67,6
DA:68,6
DA:69,6
DA:70,6
DA:71,6
DA:72,6
DA:73,6
DA:74,6
DA:75,6
DA:76,6
DA:77,6
DA:78,6
DA:79,6
DA:80,6
DA:81,6
DA:82,6
DA:83,6
DA:84,6
DA:85,6
DA:86,0
DA:87,0
DA:88,0
DA:89,0
DA:90,0
DA:91,0
DA:92,0
DA:93,0
DA:94,0
DA:95,0
DA:96,0
DA:97,0
DA:98,0
DA:99,0
DA:100,0
DA:101,0
DA:102,0
DA:103,0
DA:104,0
DA:105,0
DA:106,0
DA:107,0
DA:108,0
DA:109,0
DA:110,0
DA:111,0
DA:112,0
DA:113,0
DA:114,0
DA:115,0
DA:116,0
DA:117,0
DA:118,0
DA:119,0
DA:120,0
DA:121,0
DA:122,0
DA:123,0
DA:124,0
DA:125,0
DA:126,0
DA:127,0
DA:128,0
DA:129,0
DA:130,0
DA:131,0
DA:132,0
DA:133,0
DA:134,0
DA:135,0
DA:136,0
DA:137,0
DA:138,0
DA:139,0
DA:140,0
DA:141,0
DA:142,0
DA:143,0
DA:144,0
DA:145,0
DA:146,0
DA:147,0
DA:148,0
DA:149,0
DA:150,0
DA:151,0
DA:152,0
DA:153,0
DA:154,0
DA:155,0
DA:156,0
DA:157,0
DA:158,0
DA:159,0
DA:160,0
DA:161,0
DA:162,0
DA:163,0
DA:164,0
DA:165,0
DA:166,0
DA:167,0
DA:168,0
DA:169,0
DA:170,0
DA:171,0
DA:172,0
DA:173,0
DA:174,0
DA:175,0
DA:176,0
DA:177,0
DA:178,0
DA:179,0
DA:180,0
DA:181,0
DA:182,0
DA:183,0
DA:184,0
DA:185,0
DA:186,0
DA:187,0
DA:188,0
DA:189,0
DA:190,0
DA:191,0
DA:192,0
DA:193,0
DA:194,0
DA:195,0
DA:196,0
DA:197,0
DA:198,0
DA:199,0
DA:200,0
DA:201,0
DA:202,0
DA:203,0
DA:204,0
DA:205,0
DA:206,0
DA:207,0
DA:208,0
DA:209,0
DA:210,0
DA:211,0
DA:212,0
DA:213,0
DA:214,0
DA:215,0
DA:216,0
DA:217,0
DA:218,0
DA:219,0
DA:220,0
DA:221,0
DA:222,0
DA:223,0
DA:224,0
DA:225,0
DA:226,6
DA:227,0
DA:228,0
DA:229,0
DA:230,0
DA:231,1
DA:232,0
DA:233,0
DA:234,0
DA:235,0
DA:236,0
DA:237,0
DA:238,0
DA:239,0
DA:240,0
DA:241,0
DA:242,0
DA:243,0
DA:244,0
DA:245,0
LF:245
LH:87
BRDA:26,0,0,6
BRDA:44,1,0,0
BRDA:46,2,0,0
BRDA:47,3,0,0
BRDA:86,4,0,0
BRDA:226,5,0,0
BRF:6
BRH:1
end_of_record
TN:
SF:src/helpers/images.ts
FN:6,fetchImage
FNF:1
FNH:0
FNDA:0,fetchImage
DA:1,1
DA:2,1
DA:3,1
DA:4,1
DA:5,1
DA:6,0
DA:7,0
DA:8,0
DA:9,0
DA:10,0
DA:11,0
DA:12,0
DA:13,0
DA:14,0
DA:15,0
DA:16,0
DA:17,0
DA:18,0
DA:19,0
DA:20,0
DA:21,0
DA:22,0
DA:23,0
DA:24,0
DA:25,0
DA:26,0
DA:27,0
DA:28,0
DA:29,0
DA:30,1
DA:31,1
LF:31
LH:7
BRF:0
BRH:0
end_of_record
TN:
SF:src/helpers/setDefaults.ts
FN:4,setDefaults
FNF:1
FNH:1
FNDA:3,setDefaults
DA:1,1
DA:2,1
DA:3,1
DA:4,1
DA:5,3
DA:6,3
DA:7,3
DA:8,3
DA:9,3
DA:10,3
DA:11,3
DA:12,3
DA:13,3
DA:14,3
DA:15,3
DA:16,3
DA:17,3
DA:18,3
DA:19,3
DA:20,3
DA:21,3
DA:22,3
DA:23,3
DA:24,3
DA:25,3
DA:26,3
DA:27,3
DA:28,3
DA:29,3
DA:30,3
DA:31,3
DA:32,3
DA:33,3
DA:34,3
DA:35,3
DA:36,3
DA:37,3
DA:38,3
DA:39,3
DA:40,3
DA:41,3
DA:42,3
DA:43,3
DA:44,3
DA:45,3
DA:46,3
DA:47,3
DA:48,3
DA:49,3
DA:50,3
DA:51,3
DA:52,3
DA:53,3
DA:54,3
DA:55,3
LF:55
LH:55
BRDA:4,0,0,3
BRDA:10,1,0,1
BRDA:10,2,0,2
BRDA:11,3,0,0
BRDA:12,4,0,0
BRDA:13,5,0,0
BRDA:14,6,0,0
BRDA:15,7,0,0
BRDA:18,8,0,2
BRDA:18,9,0,1
BRDA:18,10,0,1
BRDA:18,11,0,2
BRDA:19,12,0,1
BRDA:20,13,0,2
BRDA:20,14,0,1
BRDA:20,15,0,1
BRDA:20,16,0,0
BRDA:21,17,0,2
BRDA:21,18,0,1
BRDA:21,19,0,1
BRDA:21,20,0,2
BRDA:24,21,0,2
BRDA:24,22,0,1
BRDA:24,23,0,1
BRDA:24,24,0,2
BRDA:27,25,0,2
BRDA:27,26,0,1
BRDA:27,27,0,1
BRDA:27,28,0,2
BRDA:28,29,0,2
BRDA:28,30,0,1
BRDA:28,31,0,0
BRDA:29,32,0,2
BRDA:29,33,0,1
BRDA:29,34,0,0
BRDA:30,35,0,2
BRDA:30,36,0,1
BRDA:30,37,0,0
BRDA:31,38,0,2
BRDA:31,39,0,1
BRDA:31,40,0,1
BRDA:31,41,0,2
BRDA:32,42,0,2
BRDA:32,43,0,1
BRDA:32,44,0,0
BRDA:35,45,0,0
BRDA:35,46,0,0
BRDA:36,47,0,0
BRDA:36,48,0,0
BRDA:37,49,0,0
BRDA:37,50,0,0
BRDA:38,51,0,0
BRDA:38,52,0,0
BRDA:39,53,0,0
BRDA:39,54,0,0
BRDA:42,55,0,2
BRDA:42,56,0,1
BRDA:42,57,0,1
BRDA:42,58,0,2
BRDA:43,59,0,2
BRDA:43,60,0,1
BRDA:43,61,0,1
BRDA:43,62,0,2
BRDA:46,63,0,1
BRDA:46,64,0,2
BRDA:46,65,0,1
BRDA:46,66,0,2
BRDA:47,67,0,1
BRDA:47,68,0,2
BRDA:47,69,0,1
BRDA:47,70,0,2
BRDA:50,71,0,0
BRDA:50,72,0,0
BRDA:51,73,0,0
BRDA:51,74,0,0
BRDA:53,75,0,0
BRDA:53,76,0,0
BRF:77
BRH:51
end_of_record
TN:
SF:src/helpers/tableHeights.ts
FN:12,calcTableHeight
FN:54,calcRowHeight
FN:69,getContentWrappedLineHeight
FNF:3
FNH:3
FNDA:1,calcTableHeight
FNDA:4,calcRowHeight
FNDA:12,getContentWrappedLineHeight
DA:1,1
DA:2,1
DA:3,1
DA:4,1
DA:5,1
DA:6,1
DA:7,1
DA:8,1
DA:9,1
DA:10,1
DA:11,1
DA:12,1
DA:13,1
DA:14,1
DA:15,1
DA:16,1
DA:17,1
DA:18,1
DA:19,1
DA:20,1
DA:21,1
DA:22,1
DA:23,1
DA:24,1
DA:25,1
DA:26,1
DA:27,1
DA:28,1
DA:29,1
DA:30,1
DA:31,2
DA:32,2
DA:33,2
DA:34,2
DA:35,2
DA:36,2
DA:37,2
DA:38,2
DA:39,2
DA:40,1
DA:41,1
DA:42,1
DA:43,1
DA:44,1
DA:45,1
DA:46,1
DA:47,1
DA:48,1
DA:49,1
DA:50,1
DA:51,1
DA:52,1
DA:53,1
DA:54,4
DA:55,4
DA:56,4
DA:57,4
DA:58,4
DA:59,4
DA:60,4
DA:61,4
DA:62,4
DA:63,4
DA:64,4
DA:65,4
DA:66,12
DA:67,12
DA:68,12
DA:69,12
DA:70,12
DA:71,12
DA:72,12
DA:73,12
DA:74,12
DA:75,12
DA:76,0
DA:77,0
DA:78,0
DA:79,0
DA:80,0
DA:81,0
DA:82,0
DA:83,0
DA:84,0
DA:85,0
DA:86,0
DA:87,12
DA:88,0
DA:89,0
DA:90,0
DA:91,0
DA:92,0
DA:93,0
DA:94,0
DA:95,0
DA:96,0
DA:97,0
DA:98,0
DA:99,0
DA:100,0
DA:101,0
DA:102,12
DA:103,12
DA:104,12
DA:105,12
DA:106,12
DA:107,12
DA:108,12
DA:109,12
DA:110,12
DA:111,12
DA:112,12
DA:113,12
DA:114,12
DA:115,12
DA:116,0
DA:117,0
DA:118,0
DA:119,0
DA:120,12
DA:121,12
DA:122,12
DA:123,12
DA:124,4
DA:125,4
DA:126,4
DA:127,4
DA:128,4
LF:128
LH:99
BRDA:12,0,0,1
BRDA:47,1,0,0
BRDA:30,2,0,2
BRDA:34,3,0,1
BRDA:34,4,0,1
BRDA:34,5,0,1
BRDA:35,6,0,1
BRDA:35,7,0,1
BRDA:35,8,0,1
BRDA:36,9,0,1
BRDA:36,10,0,1
BRDA:36,11,0,1
BRDA:45,12,0,2
BRDA:54,13,0,4
BRDA:65,14,0,12
BRDA:65,15,0,12
BRDA:69,16,0,12
BRDA:75,17,0,0
BRDA:87,18,0,0
BRDA:115,19,0,0
BRF:20
BRH:16
end_of_record
TN:
SF:src/helpers/util.ts
FN:13,isCustomStyledText
FN:17,isImage
FN:21,isLink
FN:26,drawBorder
FN:50,wrapText
FN:89,breakWord
FN:118,getTextCoordinates
FN:147,getImageCoordinates
FNF:8
FNH:5
FNDA:12,isCustomStyledText
FNDA:0,isImage
FNDA:12,isLink
FNDA:14,drawBorder
FNDA:18,wrapText
FNDA:0,breakWord
FNDA:6,getTextCoordinates
FNDA:0,getImageCoordinates
DA:1,1
DA:2,1
DA:3,1
DA:4,1
DA:5,1
DA:6,1
DA:7,1
DA:8,1
DA:9,1
DA:10,1
DA:11,1
DA:12,1
DA:13,12
DA:14,12
DA:15,12
DA:16,1
DA:17,0
DA:18,0
DA:19,0
DA:20,1
DA:21,12
DA:22,12
DA:23,12
DA:24,1
DA:25,1
DA:26,14
DA:27,14
DA:28,14
DA:29,14
DA:30,14
DA:31,14
DA:32,14
DA:33,14
DA:34,14
DA:35,14
DA:36,14
DA:37,14
DA:38,14
DA:39,14
DA:40,14
DA:41,14
DA:42,14
DA:43,14
DA:44,14
DA:45,14
DA:46,14
DA:47,14
DA:48,1
DA:49,1
DA:50,18
DA:51,18
DA:52,18
DA:53,18
DA:54,18
DA:55,18
DA:56,18
DA:57,18
DA:58,18
DA:59,18
DA:60,18
DA:61,18
DA:62,18
DA:63,18
DA:64,18
DA:65,18
DA:66,18
DA:67,18
DA:68,0
DA:69,0
DA:70,0
DA:71,0
DA:72,0
DA:73,0
DA:74,0
DA:75,0
DA:76,0
DA:77,0
DA:78,0
DA:79,0
DA:80,18
DA:81,18
DA:82,18
DA:83,18
DA:84,18
DA:85,18
DA:86,18
DA:87,18
DA:88,1
DA:89,0
DA:90,0
DA:91,0
DA:92,0
DA:93,0
DA:94,0
DA:95,0
DA:96,0
DA:97,0
DA:98,0
DA:99,0
DA:100,0
DA:101,0
DA:102,0
DA:103,0
DA:104,0
DA:105,0
DA:106,0
DA:107,0
DA:108,1
DA:109,1
DA:110,1
DA:111,1
DA:112,1
DA:113,1
DA:114,1
DA:115,1
DA:116,1
DA:117,1
DA:118,6
DA:119,6
DA:120,6
DA:121,6
DA:122,6
DA:123,6
DA:124,6
DA:125,6
DA:126,6
DA:127,6
DA:128,6
DA:129,6
DA:130,6
DA:131,6
DA:132,6
DA:133,0
DA:134,6
DA:135,0
DA:136,6
DA:137,6
DA:138,6
DA:139,6
DA:140,6
DA:141,6
DA:142,6
DA:143,6
DA:144,6
DA:145,1
DA:146,1
DA:147,0
DA:148,0
DA:149,0
DA:150,0
DA:151,0
DA:152,0
DA:153,0
DA:154,0
DA:155,0
DA:156,0
DA:157,0
DA:158,0
DA:159,0
DA:160,0
DA:161,0
DA:162,0
DA:163,0
DA:164,0
DA:165,0
DA:166,0
DA:167,0
DA:168,0
DA:169,0
DA:170,0
DA:171,0
LF:171
LH:110
BRDA:13,0,0,12
BRDA:21,1,0,12
BRDA:22,2,0,0
BRDA:26,3,0,14
BRDA:50,4,0,18
BRDA:62,5,0,0
BRDA:67,6,0,0
BRDA:118,7,0,6
BRDA:132,8,0,0
BRDA:134,9,0,0
BRF:10
BRH:5
end_of_record
TN:
SF:src/helpers/validateAndConvert.ts
FN:7,validateAndConvertTableData
FN:17,isTableObject
FN:21,convertTableObjectToCellContentArray
FN:41,getMaxRowLength
FN:44,validateAndFill
FNF:5
FNH:4
FNDA:3,validateAndConvertTableData
FNDA:3,isTableObject
FNDA:0,convertTableObjectToCellContentArray
FNDA:3,getMaxRowLength
FNDA:3,validateAndFill
DA:1,1
DA:2,1
DA:3,1
DA:4,1
DA:5,1
DA:6,1
DA:7,3
DA:8,3
DA:9,3
DA:10,3
DA:11,3
DA:12,3
DA:13,3
DA:14,0
DA:15,0
DA:16,3
DA:17,3
DA:18,3
DA:19,3
DA:20,3
DA:21,3
DA:22,0
DA:23,0
DA:24,0
DA:25,0
DA:26,0
DA:27,0
DA:28,0
DA:29,0
DA:30,0
DA:31,0
DA:32,0
DA:33,0
DA:34,0
DA:35,0
DA:36,0
DA:37,0
DA:38,0
DA:39,3
DA:40,3
DA:41,3
DA:42,3
DA:43,3
DA:44,3
DA:45,3
DA:46,3
DA:47,3
DA:48,3
DA:49,0
DA:50,0
DA:51,3
DA:52,3
DA:53,8
DA:54,0
DA:55,0
DA:56,0
DA:57,0
DA:58,8
DA:59,8
DA:60,8
DA:61,8
DA:62,0
DA:63,0
DA:64,0
DA:65,0
DA:66,0
DA:67,0
DA:68,3
DA:69,3
DA:70,3
DA:71,3
DA:72,3
DA:73,3
DA:74,3
DA:75,3
DA:76,3
DA:77,3
DA:78,3
DA:79,3
DA:80,3
DA:81,1
DA:82,1
LF:82
LH:51
BRDA:7,0,0,3
BRDA:10,1,0,3
BRDA:13,2,0,0
BRDA:13,3,0,0
BRDA:74,4,0,0
BRDA:17,5,0,3
BRDA:19,6,0,0
BRDA:41,7,0,3
BRDA:42,8,0,5
BRDA:44,9,0,3
BRDA:45,10,0,0
BRDA:46,11,0,0
BRDA:48,12,0,0
BRDA:52,13,0,8
BRDA:53,14,0,0
BRDA:61,15,0,0
BRF:16
BRH:7
end_of_record
